#! /usr/local/bin/vvp
:ivl_version "12.0 (stable)";
:ivl_delay_selection "TYPICAL";
:vpi_time_precision + 0;
:vpi_module "/usr/local/lib/ivl/system.vpi";
:vpi_module "/usr/local/lib/ivl/vhdl_sys.vpi";
:vpi_module "/usr/local/lib/ivl/vhdl_textio.vpi";
:vpi_module "/usr/local/lib/ivl/v2005_math.vpi";
:vpi_module "/usr/local/lib/ivl/va_math.vpi";
:vpi_module "/usr/local/lib/ivl/v2009.vpi";
S_0x11addb0 .scope package, "$unit" "$unit" 2 1;
 .timescale 0 0;
S_0x11ada70 .scope module, "ALU_obsolete" "ALU_obsolete" 3 1;
 .timescale 0 0;
    .port_info 0 /INPUT 1 "clk";
    .port_info 1 /INPUT 1 "rst_n";
    .port_info 2 /INPUT 8 "sel";
    .port_info 3 /INPUT 16 "A";
    .port_info 4 /INPUT 16 "B";
    .port_info 5 /OUTPUT 16 "Z";
    .port_info 6 /OUTPUT 1 "Zsc";
    .port_info 7 /OUTPUT 8 "status";
P_0x117b720 .param/l "N" 0 3 2, +C4<00000000000000000000000000010000>;
L_0x12142e0 .functor BUFZ 16, v0x1210bb0_0, C4<0000000000000000>, C4<0000000000000000>, C4<0000000000000000>;
L_0x12143b0 .functor BUFZ 1, v0x1210da0_0, C4<0>, C4<0>, C4<0>;
L_0x1214480 .functor BUFZ 8, v0x12113d0_0, C4<00000000>, C4<00000000>, C4<00000000>;
o0x7fc3de56d018 .functor BUFZ 16, C4<zzzzzzzzzzzzzzzz>; HiZ drive
v0x11b6cb0_0 .net "A", 15 0, o0x7fc3de56d018;  0 drivers
o0x7fc3de56d048 .functor BUFZ 16, C4<zzzzzzzzzzzzzzzz>; HiZ drive
v0x12109e0_0 .net "B", 15 0, o0x7fc3de56d048;  0 drivers
v0x1210ac0_0 .net "Z", 15 0, L_0x12142e0;  1 drivers
v0x1210bb0_0 .var "Z_reg", 15 0;
v0x1210c90_0 .net "Zsc", 0 0, L_0x12143b0;  1 drivers
v0x1210da0_0 .var "Zsc_reg", 0 0;
v0x1210e60_0 .var "Zsctemp", 0 0;
v0x1210f20_0 .var "Ztemp", 15 0;
o0x7fc3de56d198 .functor BUFZ 1, C4<z>; HiZ drive
v0x1211000_0 .net "clk", 0 0, o0x7fc3de56d198;  0 drivers
o0x7fc3de56d1c8 .functor BUFZ 1, C4<z>; HiZ drive
v0x1211150_0 .net "rst_n", 0 0, o0x7fc3de56d1c8;  0 drivers
o0x7fc3de56d1f8 .functor BUFZ 8, C4<zzzzzzzz>; HiZ drive
v0x1211210_0 .net "sel", 7 0, o0x7fc3de56d1f8;  0 drivers
v0x12112f0_0 .net "status", 7 0, L_0x1214480;  1 drivers
v0x12113d0_0 .var "status_reg", 7 0;
v0x12114b0_0 .var "statustemp", 7 0;
E_0x1178d00 .event posedge, v0x1211000_0;
E_0x1188b50/0 .event anyedge, v0x1211210_0, v0x11b6cb0_0, v0x12109e0_0, v0x1210f20_0;
E_0x1188b50/1 .event anyedge, v0x1210e60_0;
E_0x1188b50 .event/or E_0x1188b50/0, E_0x1188b50/1;
S_0x11ad730 .scope module, "alu_testbench" "alu_testbench" 4 2;
 .timescale 0 0;
P_0x11f1030 .param/l "N" 0 4 3, +C4<00000000000000000000000000010000>;
v0x1213c50_0 .var "A", 15 0;
v0x1213d30_0 .var "B", 15 0;
v0x1213e00_0 .net "Z", 15 0, v0x1211cf0_0;  1 drivers
v0x1213f00_0 .net "Zsc", 0 0, v0x1211ec0_0;  1 drivers
v0x1213fd0_0 .var "clk", 0 0;
v0x1214070_0 .var "rst_n", 0 0;
v0x1214140_0 .var "sel", 7 0;
v0x1214210_0 .net "status", 7 0, v0x1212460_0;  1 drivers
S_0x1211690 .scope module, "DUT" "ALU" 4 21, 3 107 0, S_0x11ad730;
 .timescale 0 0;
    .port_info 0 /INPUT 1 "clk";
    .port_info 1 /INPUT 1 "reset_n";
    .port_info 2 /INPUT 16 "A";
    .port_info 3 /INPUT 16 "B";
    .port_info 4 /INPUT 8 "sel";
    .port_info 5 /OUTPUT 16 "Z";
    .port_info 6 /OUTPUT 1 "Zsc";
    .port_info 7 /OUTPUT 8 "status";
P_0x1211840 .param/l "N" 0 3 108, +C4<00000000000000000000000000010000>;
enum0x115a790 .enum4 (8)
   "ADD" 8'b00000000,
   "VEC_AND" 8'b00000001,
   "VEC_OR" 8'b00000010,
   "VEC_NAND" 8'b00000011,
   "VEC_NOTA" 8'b00000100,
   "VEC_NOTB" 8'b00000101,
   "RED_ANDA" 8'b00000110,
   "RED_ORA" 8'b00000111
 ;
L_0x1214550 .functor BUFZ 8, v0x1214140_0, C4<00000000>, C4<00000000>, C4<00000000>;
v0x1211b10_0 .net "A", 15 0, v0x1213c50_0;  1 drivers
v0x1211c10_0 .net "B", 15 0, v0x1213d30_0;  1 drivers
v0x1211cf0_0 .var "Z", 15 0;
v0x1211de0_0 .var "Z_next", 15 0;
v0x1211ec0_0 .var "Zsc", 0 0;
v0x1211fd0_0 .var "Zsc_next", 0 0;
v0x1212090_0 .net "clk", 0 0, v0x1213fd0_0;  1 drivers
v0x1212150_0 .net "opcode", 7 0, L_0x1214550;  1 drivers
v0x1212230_0 .net "reset_n", 0 0, v0x1214070_0;  1 drivers
v0x1212380_0 .net "sel", 7 0, v0x1214140_0;  1 drivers
v0x1212460_0 .var "status", 7 0;
v0x1212540_0 .var "status_next", 7 0;
E_0x1211a00 .event posedge, v0x1212090_0;
E_0x1211a80/0 .event anyedge, v0x1212150_0, v0x1211b10_0, v0x1211c10_0, v0x1211de0_0;
E_0x1211a80/1 .event anyedge, v0x1211fd0_0;
E_0x1211a80 .event/or E_0x1211a80/0, E_0x1211a80/1;
S_0x1212720 .scope task, "test_operation" "test_operation" 4 114, 4 114 0, S_0x11ad730;
 .timescale 0 0;
v0x12128d0_0 .var "description", 1600 1;
v0x12129b0_0 .var "expected_sum", 16 0;
v0x1212a90_0 .var "expected_z", 15 0;
v0x1212b50_0 .var "expected_zsc", 0 0;
v0x1212c10_0 .var "input_a", 15 0;
v0x1212d40_0 .var "input_b", 15 0;
v0x1212e20_0 .var "operation", 7 0;
TD_alu_testbench.test_operation ;
    %load/vec4 v0x1212e20_0;
    %dup/vec4;
    %pushi/vec4 0, 0, 8;
    %cmp/u;
    %jmp/1 T_0.0, 6;
    %dup/vec4;
    %pushi/vec4 1, 0, 8;
    %cmp/u;
    %jmp/1 T_0.1, 6;
    %dup/vec4;
    %pushi/vec4 2, 0, 8;
    %cmp/u;
    %jmp/1 T_0.2, 6;
    %dup/vec4;
    %pushi/vec4 3, 0, 8;
    %cmp/u;
    %jmp/1 T_0.3, 6;
    %dup/vec4;
    %pushi/vec4 4, 0, 8;
    %cmp/u;
    %jmp/1 T_0.4, 6;
    %dup/vec4;
    %pushi/vec4 5, 0, 8;
    %cmp/u;
    %jmp/1 T_0.5, 6;
    %dup/vec4;
    %pushi/vec4 6, 0, 8;
    %cmp/u;
    %jmp/1 T_0.6, 6;
    %dup/vec4;
    %pushi/vec4 7, 0, 8;
    %cmp/u;
    %jmp/1 T_0.7, 6;
    %pushi/vec4 65535, 65535, 16;
    %store/vec4 v0x1212a90_0, 0, 16;
    %pushi/vec4 1, 1, 1;
    %store/vec4 v0x1212b50_0, 0, 1;
    %jmp T_0.9;
T_0.0 ;
    %load/vec4 v0x1212c10_0;
    %pad/u 17;
    %load/vec4 v0x1212d40_0;
    %pad/u 17;
    %add;
    %store/vec4 v0x12129b0_0, 0, 17;
    %load/vec4 v0x12129b0_0;
    %parti/s 16, 0, 2;
    %store/vec4 v0x1212a90_0, 0, 16;
    %pushi/vec4 1, 1, 1;
    %store/vec4 v0x1212b50_0, 0, 1;
    %jmp T_0.9;
T_0.1 ;
    %load/vec4 v0x1212c10_0;
    %load/vec4 v0x1212d40_0;
    %and;
    %store/vec4 v0x1212a90_0, 0, 16;
    %jmp T_0.9;
T_0.2 ;
    %load/vec4 v0x1212c10_0;
    %load/vec4 v0x1212d40_0;
    %or;
    %store/vec4 v0x1212a90_0, 0, 16;
    %jmp T_0.9;
T_0.3 ;
    %load/vec4 v0x1212c10_0;
    %load/vec4 v0x1212d40_0;
    %and;
    %inv;
    %store/vec4 v0x1212a90_0, 0, 16;
    %jmp T_0.9;
T_0.4 ;
    %load/vec4 v0x1212c10_0;
    %inv;
    %store/vec4 v0x1212a90_0, 0, 16;
    %jmp T_0.9;
T_0.5 ;
    %load/vec4 v0x1212d40_0;
    %inv;
    %store/vec4 v0x1212a90_0, 0, 16;
    %jmp T_0.9;
T_0.6 ;
    %load/vec4 v0x1212c10_0;
    %and/r;
    %store/vec4 v0x1212b50_0, 0, 1;
    %pushi/vec4 65535, 65535, 16;
    %store/vec4 v0x1212a90_0, 0, 16;
    %jmp T_0.9;
T_0.7 ;
    %load/vec4 v0x1212c10_0;
    %or/r;
    %store/vec4 v0x1212b50_0, 0, 1;
    %pushi/vec4 65535, 65535, 16;
    %store/vec4 v0x1212a90_0, 0, 16;
    %jmp T_0.9;
T_0.9 ;
    %pop/vec4 1;
    %load/vec4 v0x1212e20_0;
    %cmpi/u 1, 0, 8;
    %flag_inv 5; GE is !LT
    %flag_get/vec4 5;
    %jmp/0 T_0.12, 5;
    %load/vec4 v0x1212e20_0;
    %cmpi/u 5, 0, 8;
    %flag_get/vec4 4;
    %flag_get/vec4 5;
    %or;
    %and;
T_0.12;
    %flag_set/vec4 8;
    %jmp/0xz  T_0.10, 8;
    %pushi/vec4 1, 1, 1;
    %store/vec4 v0x1212b50_0, 0, 1;
T_0.10 ;
    %load/vec4 v0x1212e20_0;
    %store/vec4 v0x1214140_0, 0, 8;
    %load/vec4 v0x1212c10_0;
    %store/vec4 v0x1213c50_0, 0, 16;
    %load/vec4 v0x1212d40_0;
    %store/vec4 v0x1213d30_0, 0, 16;
    %wait E_0x1211a00;
    %wait E_0x1211a00;
    %delay 1, 0;
    %load/vec4 v0x1212e20_0;
    %cmpi/u 6, 0, 8;
    %flag_inv 5; GE is !LT
    %flag_get/vec4 5;
    %jmp/0 T_0.15, 5;
    %load/vec4 v0x1212e20_0;
    %cmpi/u 7, 0, 8;
    %flag_get/vec4 4;
    %flag_get/vec4 5;
    %or;
    %and;
T_0.15;
    %flag_set/vec4 8;
    %jmp/0xz  T_0.13, 8;
    %vpi_call/w 4 173 "$display", "%0t\011%02h\011%04h\011\011%04h\011\011%04h\011\011%04h\011\011%0d\011%0d\011\011%02h\011\011%0d\011%0d\011%0d\011%0d\011%0d\011%0s", $time, v0x1214140_0, v0x1213c50_0, v0x1213d30_0, v0x1213e00_0, v0x1212a90_0, v0x1213f00_0, v0x1212b50_0, v0x1214210_0, &PV<v0x1214210_0, 0, 1>, &PV<v0x1214210_0, 1, 1>, &PV<v0x1214210_0, 2, 1>, &PV<v0x1214210_0, 3, 1>, &PV<v0x1214210_0, 4, 1>, v0x12128d0_0 {0 0 0};
    %jmp T_0.14;
T_0.13 ;
    %vpi_call/w 4 178 "$display", "%0t\011%02h\011%04h\011\011%04h\011\011%04h\011\011%04h\011\011%0d\011%0s\011\011%02h\011\011%0d\011%0d\011%0d\011%0d\011%0d\011%0s", $time, v0x1214140_0, v0x1213c50_0, v0x1213d30_0, v0x1213e00_0, v0x1212a90_0, v0x1213f00_0, "x", v0x1214210_0, &PV<v0x1214210_0, 0, 1>, &PV<v0x1214210_0, 1, 1>, &PV<v0x1214210_0, 2, 1>, &PV<v0x1214210_0, 3, 1>, &PV<v0x1214210_0, 4, 1>, v0x12128d0_0 {0 0 0};
T_0.14 ;
    %load/vec4 v0x1212e20_0;
    %store/vec4 v0x1213b70_0, 0, 8;
    %load/vec4 v0x1212c10_0;
    %store/vec4 v0x12139b0_0, 0, 16;
    %load/vec4 v0x1212d40_0;
    %store/vec4 v0x1213a90_0, 0, 16;
    %load/vec4 v0x12128d0_0;
    %store/vec4 v0x12130e0_0, 0, 1600;
    %fork TD_alu_testbench.verify_operation, S_0x1212f00;
    %join;
    %vpi_call/w 4 186 "$display", "\000" {0 0 0};
    %end;
S_0x1212f00 .scope task, "verify_operation" "verify_operation" 4 191, 4 191 0, S_0x11ad730;
 .timescale 0 0;
v0x12130e0_0 .var "description", 1600 1;
v0x12131c0_0 .var "error_found", 0 0;
v0x1213280_0 .var "expected_carry", 0 0;
v0x1213350_0 .var "expected_overflow", 0 0;
v0x1213410_0 .var "expected_parity", 0 0;
v0x1213520_0 .var "expected_sign", 0 0;
v0x12135e0_0 .var "expected_sum", 16 0;
v0x12136c0_0 .var "expected_z", 15 0;
v0x12137a0_0 .var "expected_zero", 0 0;
v0x12138f0_0 .var "expected_zsc", 0 0;
v0x12139b0_0 .var "input_a", 15 0;
v0x1213a90_0 .var "input_b", 15 0;
v0x1213b70_0 .var "operation", 7 0;
TD_alu_testbench.verify_operation ;
    %pushi/vec4 0, 0, 1;
    %store/vec4 v0x12131c0_0, 0, 1;
    %load/vec4 v0x1213b70_0;
    %dup/vec4;
    %pushi/vec4 0, 0, 8;
    %cmp/u;
    %jmp/1 T_1.16, 6;
    %dup/vec4;
    %pushi/vec4 1, 0, 8;
    %cmp/u;
    %jmp/1 T_1.17, 6;
    %dup/vec4;
    %pushi/vec4 2, 0, 8;
    %cmp/u;
    %jmp/1 T_1.18, 6;
    %dup/vec4;
    %pushi/vec4 3, 0, 8;
    %cmp/u;
    %jmp/1 T_1.19, 6;
    %dup/vec4;
    %pushi/vec4 4, 0, 8;
    %cmp/u;
    %jmp/1 T_1.20, 6;
    %dup/vec4;
    %pushi/vec4 5, 0, 8;
    %cmp/u;
    %jmp/1 T_1.21, 6;
    %dup/vec4;
    %pushi/vec4 6, 0, 8;
    %cmp/u;
    %jmp/1 T_1.22, 6;
    %dup/vec4;
    %pushi/vec4 7, 0, 8;
    %cmp/u;
    %jmp/1 T_1.23, 6;
    %load/vec4 v0x12131c0_0;
    %nor/r;
    %flag_set/vec4 8;
    %jmp/0xz  T_1.26, 8;
    %vpi_call/w 4 323 "$display", "  INFO: Unknown operation - outputs may be undefined" {0 0 0};
T_1.26 ;
    %jmp T_1.25;
T_1.16 ;
    %load/vec4 v0x12139b0_0;
    %pad/u 17;
    %load/vec4 v0x1213a90_0;
    %pad/u 17;
    %add;
    %store/vec4 v0x12135e0_0, 0, 17;
    %load/vec4 v0x12135e0_0;
    %parti/s 16, 0, 2;
    %store/vec4 v0x12136c0_0, 0, 16;
    %load/vec4 v0x12135e0_0;
    %parti/s 1, 16, 6;
    %store/vec4 v0x1213280_0, 0, 1;
    %load/vec4 v0x12136c0_0;
    %parti/s 1, 15, 5;
    %store/vec4 v0x1213520_0, 0, 1;
    %load/vec4 v0x12136c0_0;
    %xnor/r;
    %store/vec4 v0x1213410_0, 0, 1;
    %load/vec4 v0x12136c0_0;
    %nor/r;
    %store/vec4 v0x12137a0_0, 0, 1;
    %load/vec4 v0x12139b0_0;
    %parti/s 1, 15, 5;
    %inv;
    %load/vec4 v0x1213a90_0;
    %parti/s 1, 15, 5;
    %inv;
    %and;
    %load/vec4 v0x12136c0_0;
    %parti/s 1, 15, 5;
    %and;
    %load/vec4 v0x12139b0_0;
    %parti/s 1, 15, 5;
    %load/vec4 v0x1213a90_0;
    %parti/s 1, 15, 5;
    %and;
    %load/vec4 v0x12136c0_0;
    %parti/s 1, 15, 5;
    %inv;
    %and;
    %or;
    %store/vec4 v0x1213350_0, 0, 1;
    %load/vec4 v0x1213e00_0;
    %load/vec4 v0x12136c0_0;
    %cmp/ne;
    %jmp/0xz  T_1.28, 6;
    %vpi_call/w 4 218 "$display", "  ERROR: Z mismatch - Expected: %04h, Got: %04h", v0x12136c0_0, v0x1213e00_0 {0 0 0};
    %pushi/vec4 1, 0, 1;
    %store/vec4 v0x12131c0_0, 0, 1;
T_1.28 ;
    %load/vec4 v0x1214210_0;
    %parti/s 1, 0, 2;
    %load/vec4 v0x1213280_0;
    %cmp/ne;
    %jmp/0xz  T_1.30, 6;
    %vpi_call/w 4 222 "$display", "  ERROR: Carry mismatch - Expected: %b, Got: %b", v0x1213280_0, &PV<v0x1214210_0, 0, 1> {0 0 0};
    %pushi/vec4 1, 0, 1;
    %store/vec4 v0x12131c0_0, 0, 1;
T_1.30 ;
    %load/vec4 v0x1214210_0;
    %parti/s 1, 1, 2;
    %load/vec4 v0x1213520_0;
    %cmp/ne;
    %jmp/0xz  T_1.32, 6;
    %vpi_call/w 4 226 "$display", "  ERROR: Sign mismatch - Expected: %b, Got: %b", v0x1213520_0, &PV<v0x1214210_0, 1, 1> {0 0 0};
    %pushi/vec4 1, 0, 1;
    %store/vec4 v0x12131c0_0, 0, 1;
T_1.32 ;
    %load/vec4 v0x1214210_0;
    %parti/s 1, 2, 3;
    %load/vec4 v0x1213410_0;
    %cmp/ne;
    %jmp/0xz  T_1.34, 6;
    %vpi_call/w 4 230 "$display", "  ERROR: Parity mismatch - Expected: %b, Got: %b", v0x1213410_0, &PV<v0x1214210_0, 2, 1> {0 0 0};
    %pushi/vec4 1, 0, 1;
    %store/vec4 v0x12131c0_0, 0, 1;
T_1.34 ;
    %load/vec4 v0x1214210_0;
    %parti/s 1, 3, 3;
    %load/vec4 v0x12137a0_0;
    %cmp/ne;
    %jmp/0xz  T_1.36, 6;
    %vpi_call/w 4 234 "$display", "  ERROR: Zero mismatch - Expected: %b, Got: %b", v0x12137a0_0, &PV<v0x1214210_0, 3, 1> {0 0 0};
    %pushi/vec4 1, 0, 1;
    %store/vec4 v0x12131c0_0, 0, 1;
T_1.36 ;
    %load/vec4 v0x1214210_0;
    %parti/s 1, 4, 4;
    %load/vec4 v0x1213350_0;
    %cmp/ne;
    %jmp/0xz  T_1.38, 6;
    %vpi_call/w 4 238 "$display", "  ERROR: Overflow mismatch - Expected: %b, Got: %b", v0x1213350_0, &PV<v0x1214210_0, 4, 1> {0 0 0};
    %pushi/vec4 1, 0, 1;
    %store/vec4 v0x12131c0_0, 0, 1;
T_1.38 ;
    %jmp T_1.25;
T_1.17 ;
    %load/vec4 v0x12139b0_0;
    %load/vec4 v0x1213a90_0;
    %and;
    %store/vec4 v0x12136c0_0, 0, 16;
    %load/vec4 v0x12136c0_0;
    %xnor/r;
    %store/vec4 v0x1213410_0, 0, 1;
    %load/vec4 v0x12136c0_0;
    %nor/r;
    %store/vec4 v0x12137a0_0, 0, 1;
    %load/vec4 v0x1213e00_0;
    %load/vec4 v0x12136c0_0;
    %cmp/ne;
    %jmp/0xz  T_1.40, 6;
    %vpi_call/w 4 249 "$display", "  ERROR: AND result mismatch - Expected: %04h, Got: %04h", v0x12136c0_0, v0x1213e00_0 {0 0 0};
    %pushi/vec4 1, 0, 1;
    %store/vec4 v0x12131c0_0, 0, 1;
T_1.40 ;
    %jmp T_1.25;
T_1.18 ;
    %load/vec4 v0x12139b0_0;
    %load/vec4 v0x1213a90_0;
    %or;
    %store/vec4 v0x12136c0_0, 0, 16;
    %load/vec4 v0x12136c0_0;
    %xnor/r;
    %store/vec4 v0x1213410_0, 0, 1;
    %load/vec4 v0x12136c0_0;
    %nor/r;
    %store/vec4 v0x12137a0_0, 0, 1;
    %load/vec4 v0x1213e00_0;
    %load/vec4 v0x12136c0_0;
    %cmp/ne;
    %jmp/0xz  T_1.42, 6;
    %vpi_call/w 4 260 "$display", "  ERROR: OR result mismatch - Expected: %04h, Got: %04h", v0x12136c0_0, v0x1213e00_0 {0 0 0};
    %pushi/vec4 1, 0, 1;
    %store/vec4 v0x12131c0_0, 0, 1;
T_1.42 ;
    %jmp T_1.25;
T_1.19 ;
    %load/vec4 v0x12139b0_0;
    %load/vec4 v0x1213a90_0;
    %and;
    %inv;
    %store/vec4 v0x12136c0_0, 0, 16;
    %load/vec4 v0x12136c0_0;
    %xnor/r;
    %store/vec4 v0x1213410_0, 0, 1;
    %load/vec4 v0x12136c0_0;
    %nor/r;
    %store/vec4 v0x12137a0_0, 0, 1;
    %load/vec4 v0x1213e00_0;
    %load/vec4 v0x12136c0_0;
    %cmp/ne;
    %jmp/0xz  T_1.44, 6;
    %vpi_call/w 4 271 "$display", "  ERROR: NAND result mismatch - Expected: %04h, Got: %04h", v0x12136c0_0, v0x1213e00_0 {0 0 0};
    %pushi/vec4 1, 0, 1;
    %store/vec4 v0x12131c0_0, 0, 1;
T_1.44 ;
    %jmp T_1.25;
T_1.20 ;
    %load/vec4 v0x12139b0_0;
    %inv;
    %store/vec4 v0x12136c0_0, 0, 16;
    %load/vec4 v0x12136c0_0;
    %xnor/r;
    %store/vec4 v0x1213410_0, 0, 1;
    %load/vec4 v0x12136c0_0;
    %nor/r;
    %store/vec4 v0x12137a0_0, 0, 1;
    %load/vec4 v0x1213e00_0;
    %load/vec4 v0x12136c0_0;
    %cmp/ne;
    %jmp/0xz  T_1.46, 6;
    %vpi_call/w 4 282 "$display", "  ERROR: NOT A result mismatch - Expected: %04h, Got: %04h", v0x12136c0_0, v0x1213e00_0 {0 0 0};
    %pushi/vec4 1, 0, 1;
    %store/vec4 v0x12131c0_0, 0, 1;
T_1.46 ;
    %jmp T_1.25;
T_1.21 ;
    %load/vec4 v0x1213a90_0;
    %inv;
    %store/vec4 v0x12136c0_0, 0, 16;
    %load/vec4 v0x12136c0_0;
    %xnor/r;
    %store/vec4 v0x1213410_0, 0, 1;
    %load/vec4 v0x12136c0_0;
    %nor/r;
    %store/vec4 v0x12137a0_0, 0, 1;
    %load/vec4 v0x1213e00_0;
    %load/vec4 v0x12136c0_0;
    %cmp/ne;
    %jmp/0xz  T_1.48, 6;
    %vpi_call/w 4 293 "$display", "  ERROR: NOT B result mismatch - Expected: %04h, Got: %04h", v0x12136c0_0, v0x1213e00_0 {0 0 0};
    %pushi/vec4 1, 0, 1;
    %store/vec4 v0x12131c0_0, 0, 1;
T_1.48 ;
    %jmp T_1.25;
T_1.22 ;
    %load/vec4 v0x12139b0_0;
    %and/r;
    %store/vec4 v0x12138f0_0, 0, 1;
    %load/vec4 v0x12138f0_0;
    %xnor/r;
    %store/vec4 v0x1213410_0, 0, 1;
    %load/vec4 v0x12138f0_0;
    %nor/r;
    %store/vec4 v0x12137a0_0, 0, 1;
    %load/vec4 v0x1213f00_0;
    %load/vec4 v0x12138f0_0;
    %cmp/ne;
    %jmp/0xz  T_1.50, 6;
    %vpi_call/w 4 304 "$display", "  ERROR: Reduction AND result mismatch - Expected: %b, Got: %b", v0x12138f0_0, v0x1213f00_0 {0 0 0};
    %pushi/vec4 1, 0, 1;
    %store/vec4 v0x12131c0_0, 0, 1;
T_1.50 ;
    %jmp T_1.25;
T_1.23 ;
    %load/vec4 v0x12139b0_0;
    %or/r;
    %store/vec4 v0x12138f0_0, 0, 1;
    %load/vec4 v0x12138f0_0;
    %xnor/r;
    %store/vec4 v0x1213410_0, 0, 1;
    %load/vec4 v0x12138f0_0;
    %nor/r;
    %store/vec4 v0x12137a0_0, 0, 1;
    %load/vec4 v0x1213f00_0;
    %load/vec4 v0x12138f0_0;
    %cmp/ne;
    %jmp/0xz  T_1.52, 6;
    %vpi_call/w 4 315 "$display", "  ERROR: Reduction OR result mismatch - Expected: %b, Got: %b", v0x12138f0_0, v0x1213f00_0 {0 0 0};
    %pushi/vec4 1, 0, 1;
    %store/vec4 v0x12131c0_0, 0, 1;
T_1.52 ;
    %jmp T_1.25;
T_1.25 ;
    %pop/vec4 1;
    %load/vec4 v0x12131c0_0;
    %nor/r;
    %flag_set/vec4 9;
    %flag_get/vec4 9;
    %jmp/0 T_1.56, 9;
    %load/vec4 v0x1213b70_0;
    %cmpi/u 7, 0, 8;
    %flag_get/vec4 4;
    %flag_get/vec4 5;
    %or;
    %and;
T_1.56;
    %flag_set/vec4 8;
    %jmp/0xz  T_1.54, 8;
    %vpi_call/w 4 329 "$display", "  PASS: Operation verified successfully" {0 0 0};
T_1.54 ;
    %end;
    .scope S_0x11ada70;
T_2 ;
    %wait E_0x1188b50;
    %pushi/vec4 65535, 65535, 16;
    %store/vec4 v0x1210f20_0, 0, 16;
    %pushi/vec4 1, 1, 1;
    %store/vec4 v0x1210e60_0, 0, 1;
    %pushi/vec4 0, 0, 8;
    %store/vec4 v0x12114b0_0, 0, 8;
    %load/vec4 v0x1211210_0;
    %dup/vec4;
    %pushi/vec4 0, 0, 8;
    %cmp/u;
    %jmp/1 T_2.0, 6;
    %dup/vec4;
    %pushi/vec4 1, 0, 8;
    %cmp/u;
    %jmp/1 T_2.1, 6;
    %dup/vec4;
    %pushi/vec4 2, 0, 8;
    %cmp/u;
    %jmp/1 T_2.2, 6;
    %dup/vec4;
    %pushi/vec4 3, 0, 8;
    %cmp/u;
    %jmp/1 T_2.3, 6;
    %dup/vec4;
    %pushi/vec4 4, 0, 8;
    %cmp/u;
    %jmp/1 T_2.4, 6;
    %dup/vec4;
    %pushi/vec4 5, 0, 8;
    %cmp/u;
    %jmp/1 T_2.5, 6;
    %dup/vec4;
    %pushi/vec4 6, 0, 8;
    %cmp/u;
    %jmp/1 T_2.6, 6;
    %dup/vec4;
    %pushi/vec4 7, 0, 8;
    %cmp/u;
    %jmp/1 T_2.7, 6;
    %pushi/vec4 65535, 65535, 16;
    %store/vec4 v0x1210f20_0, 0, 16;
    %pushi/vec4 1, 1, 1;
    %store/vec4 v0x1210e60_0, 0, 1;
    %pushi/vec4 0, 0, 8;
    %store/vec4 v0x12114b0_0, 0, 8;
    %jmp T_2.9;
T_2.0 ;
    %load/vec4 v0x11b6cb0_0;
    %pad/u 17;
    %load/vec4 v0x12109e0_0;
    %pad/u 17;
    %add;
    %split/vec4 16;
    %store/vec4 v0x1210f20_0, 0, 16;
    %ix/load 4, 0, 0;
    %flag_set/imm 4, 0;
    %store/vec4 v0x12114b0_0, 4, 1;
    %load/vec4 v0x1210f20_0;
    %parti/s 1, 15, 5;
    %ix/load 4, 1, 0;
    %flag_set/imm 4, 0;
    %store/vec4 v0x12114b0_0, 4, 1;
    %load/vec4 v0x1210f20_0;
    %xnor/r;
    %ix/load 4, 2, 0;
    %flag_set/imm 4, 0;
    %store/vec4 v0x12114b0_0, 4, 1;
    %load/vec4 v0x1210f20_0;
    %nor/r;
    %ix/load 4, 3, 0;
    %flag_set/imm 4, 0;
    %store/vec4 v0x12114b0_0, 4, 1;
    %load/vec4 v0x11b6cb0_0;
    %parti/s 1, 15, 5;
    %inv;
    %load/vec4 v0x12109e0_0;
    %parti/s 1, 15, 5;
    %inv;
    %and;
    %load/vec4 v0x1210f20_0;
    %parti/s 1, 15, 5;
    %and;
    %load/vec4 v0x11b6cb0_0;
    %parti/s 1, 15, 5;
    %load/vec4 v0x12109e0_0;
    %parti/s 1, 15, 5;
    %and;
    %load/vec4 v0x1210f20_0;
    %parti/s 1, 15, 5;
    %inv;
    %and;
    %or;
    %ix/load 4, 4, 0;
    %flag_set/imm 4, 0;
    %store/vec4 v0x12114b0_0, 4, 1;
    %jmp T_2.9;
T_2.1 ;
    %load/vec4 v0x11b6cb0_0;
    %load/vec4 v0x12109e0_0;
    %and;
    %store/vec4 v0x1210f20_0, 0, 16;
    %load/vec4 v0x1210f20_0;
    %xnor/r;
    %ix/load 4, 2, 0;
    %flag_set/imm 4, 0;
    %store/vec4 v0x12114b0_0, 4, 1;
    %load/vec4 v0x1210f20_0;
    %nor/r;
    %ix/load 4, 3, 0;
    %flag_set/imm 4, 0;
    %store/vec4 v0x12114b0_0, 4, 1;
    %jmp T_2.9;
T_2.2 ;
    %load/vec4 v0x11b6cb0_0;
    %load/vec4 v0x12109e0_0;
    %or;
    %store/vec4 v0x1210f20_0, 0, 16;
    %load/vec4 v0x1210f20_0;
    %xnor/r;
    %ix/load 4, 2, 0;
    %flag_set/imm 4, 0;
    %store/vec4 v0x12114b0_0, 4, 1;
    %load/vec4 v0x1210f20_0;
    %nor/r;
    %ix/load 4, 3, 0;
    %flag_set/imm 4, 0;
    %store/vec4 v0x12114b0_0, 4, 1;
    %jmp T_2.9;
T_2.3 ;
    %load/vec4 v0x11b6cb0_0;
    %load/vec4 v0x12109e0_0;
    %and;
    %inv;
    %store/vec4 v0x1210f20_0, 0, 16;
    %load/vec4 v0x1210f20_0;
    %xnor/r;
    %ix/load 4, 2, 0;
    %flag_set/imm 4, 0;
    %store/vec4 v0x12114b0_0, 4, 1;
    %load/vec4 v0x1210f20_0;
    %nor/r;
    %ix/load 4, 3, 0;
    %flag_set/imm 4, 0;
    %store/vec4 v0x12114b0_0, 4, 1;
    %jmp T_2.9;
T_2.4 ;
    %load/vec4 v0x11b6cb0_0;
    %inv;
    %store/vec4 v0x1210f20_0, 0, 16;
    %load/vec4 v0x1210f20_0;
    %xnor/r;
    %ix/load 4, 2, 0;
    %flag_set/imm 4, 0;
    %store/vec4 v0x12114b0_0, 4, 1;
    %load/vec4 v0x1210f20_0;
    %nor/r;
    %ix/load 4, 3, 0;
    %flag_set/imm 4, 0;
    %store/vec4 v0x12114b0_0, 4, 1;
    %jmp T_2.9;
T_2.5 ;
    %load/vec4 v0x12109e0_0;
    %inv;
    %store/vec4 v0x1210f20_0, 0, 16;
    %load/vec4 v0x1210f20_0;
    %xnor/r;
    %ix/load 4, 2, 0;
    %flag_set/imm 4, 0;
    %store/vec4 v0x12114b0_0, 4, 1;
    %load/vec4 v0x1210f20_0;
    %nor/r;
    %ix/load 4, 3, 0;
    %flag_set/imm 4, 0;
    %store/vec4 v0x12114b0_0, 4, 1;
    %jmp T_2.9;
T_2.6 ;
    %load/vec4 v0x11b6cb0_0;
    %and/r;
    %store/vec4 v0x1210e60_0, 0, 1;
    %load/vec4 v0x1210e60_0;
    %xnor/r;
    %ix/load 4, 2, 0;
    %flag_set/imm 4, 0;
    %store/vec4 v0x12114b0_0, 4, 1;
    %load/vec4 v0x1210e60_0;
    %nor/r;
    %ix/load 4, 3, 0;
    %flag_set/imm 4, 0;
    %store/vec4 v0x12114b0_0, 4, 1;
    %jmp T_2.9;
T_2.7 ;
    %load/vec4 v0x11b6cb0_0;
    %or/r;
    %store/vec4 v0x1210e60_0, 0, 1;
    %load/vec4 v0x1210e60_0;
    %xnor/r;
    %ix/load 4, 2, 0;
    %flag_set/imm 4, 0;
    %store/vec4 v0x12114b0_0, 4, 1;
    %load/vec4 v0x1210e60_0;
    %nor/r;
    %ix/load 4, 3, 0;
    %flag_set/imm 4, 0;
    %store/vec4 v0x12114b0_0, 4, 1;
    %jmp T_2.9;
T_2.9 ;
    %pop/vec4 1;
    %jmp T_2;
    .thread T_2, $push;
    .scope S_0x11ada70;
T_3 ;
    %wait E_0x1178d00;
    %load/vec4 v0x1211150_0;
    %nor/r;
    %flag_set/vec4 8;
    %jmp/0xz  T_3.0, 8;
    %pushi/vec4 0, 0, 16;
    %assign/vec4 v0x1210bb0_0, 0;
    %pushi/vec4 0, 0, 1;
    %assign/vec4 v0x1210da0_0, 0;
    %pushi/vec4 0, 0, 8;
    %assign/vec4 v0x12113d0_0, 0;
    %jmp T_3.1;
T_3.0 ;
    %load/vec4 v0x1210f20_0;
    %assign/vec4 v0x1210bb0_0, 0;
    %load/vec4 v0x1210e60_0;
    %assign/vec4 v0x1210da0_0, 0;
    %load/vec4 v0x12114b0_0;
    %assign/vec4 v0x12113d0_0, 0;
T_3.1 ;
    %jmp T_3;
    .thread T_3;
    .scope S_0x1211690;
T_4 ;
    %wait E_0x1211a80;
    %pushi/vec4 0, 0, 16;
    %store/vec4 v0x1211de0_0, 0, 16;
    %pushi/vec4 0, 0, 1;
    %store/vec4 v0x1211fd0_0, 0, 1;
    %pushi/vec4 0, 0, 8;
    %store/vec4 v0x1212540_0, 0, 8;
    %load/vec4 v0x1212150_0;
    %dup/vec4;
    %pushi/vec4 0, 0, 8;
    %cmp/u;
    %jmp/1 T_4.0, 6;
    %dup/vec4;
    %pushi/vec4 1, 0, 8;
    %cmp/u;
    %jmp/1 T_4.1, 6;
    %dup/vec4;
    %pushi/vec4 2, 0, 8;
    %cmp/u;
    %jmp/1 T_4.2, 6;
    %dup/vec4;
    %pushi/vec4 3, 0, 8;
    %cmp/u;
    %jmp/1 T_4.3, 6;
    %dup/vec4;
    %pushi/vec4 4, 0, 8;
    %cmp/u;
    %jmp/1 T_4.4, 6;
    %dup/vec4;
    %pushi/vec4 5, 0, 8;
    %cmp/u;
    %jmp/1 T_4.5, 6;
    %dup/vec4;
    %pushi/vec4 6, 0, 8;
    %cmp/u;
    %jmp/1 T_4.6, 6;
    %dup/vec4;
    %pushi/vec4 7, 0, 8;
    %cmp/u;
    %jmp/1 T_4.7, 6;
    %pushi/vec4 65535, 65535, 16;
    %store/vec4 v0x1211de0_0, 0, 16;
    %pushi/vec4 1, 1, 1;
    %store/vec4 v0x1211fd0_0, 0, 1;
    %pushi/vec4 0, 0, 8;
    %store/vec4 v0x1212540_0, 0, 8;
    %jmp T_4.9;
T_4.0 ;
    %load/vec4 v0x1211b10_0;
    %pad/u 17;
    %load/vec4 v0x1211c10_0;
    %pad/u 17;
    %add;
    %split/vec4 16;
    %store/vec4 v0x1211de0_0, 0, 16;
    %ix/load 4, 0, 0;
    %flag_set/imm 4, 0;
    %store/vec4 v0x1212540_0, 4, 1;
    %load/vec4 v0x1211de0_0;
    %parti/s 1, 15, 5;
    %ix/load 4, 1, 0;
    %flag_set/imm 4, 0;
    %store/vec4 v0x1212540_0, 4, 1;
    %load/vec4 v0x1211de0_0;
    %xnor/r;
    %ix/load 4, 2, 0;
    %flag_set/imm 4, 0;
    %store/vec4 v0x1212540_0, 4, 1;
    %load/vec4 v0x1211de0_0;
    %nor/r;
    %ix/load 4, 3, 0;
    %flag_set/imm 4, 0;
    %store/vec4 v0x1212540_0, 4, 1;
    %load/vec4 v0x1211b10_0;
    %parti/s 1, 15, 5;
    %inv;
    %load/vec4 v0x1211c10_0;
    %parti/s 1, 15, 5;
    %inv;
    %and;
    %load/vec4 v0x1211de0_0;
    %parti/s 1, 15, 5;
    %and;
    %load/vec4 v0x1211b10_0;
    %parti/s 1, 15, 5;
    %load/vec4 v0x1211c10_0;
    %parti/s 1, 15, 5;
    %and;
    %load/vec4 v0x1211de0_0;
    %parti/s 1, 15, 5;
    %inv;
    %and;
    %or;
    %ix/load 4, 4, 0;
    %flag_set/imm 4, 0;
    %store/vec4 v0x1212540_0, 4, 1;
    %jmp T_4.9;
T_4.1 ;
    %load/vec4 v0x1211b10_0;
    %load/vec4 v0x1211c10_0;
    %and;
    %store/vec4 v0x1211de0_0, 0, 16;
    %load/vec4 v0x1211de0_0;
    %xnor/r;
    %ix/load 4, 2, 0;
    %flag_set/imm 4, 0;
    %store/vec4 v0x1212540_0, 4, 1;
    %load/vec4 v0x1211de0_0;
    %nor/r;
    %ix/load 4, 3, 0;
    %flag_set/imm 4, 0;
    %store/vec4 v0x1212540_0, 4, 1;
    %jmp T_4.9;
T_4.2 ;
    %load/vec4 v0x1211b10_0;
    %load/vec4 v0x1211c10_0;
    %or;
    %store/vec4 v0x1211de0_0, 0, 16;
    %load/vec4 v0x1211de0_0;
    %xnor/r;
    %ix/load 4, 2, 0;
    %flag_set/imm 4, 0;
    %store/vec4 v0x1212540_0, 4, 1;
    %load/vec4 v0x1211de0_0;
    %nor/r;
    %ix/load 4, 3, 0;
    %flag_set/imm 4, 0;
    %store/vec4 v0x1212540_0, 4, 1;
    %jmp T_4.9;
T_4.3 ;
    %load/vec4 v0x1211b10_0;
    %load/vec4 v0x1211c10_0;
    %and;
    %inv;
    %store/vec4 v0x1211de0_0, 0, 16;
    %load/vec4 v0x1211de0_0;
    %xnor/r;
    %ix/load 4, 2, 0;
    %flag_set/imm 4, 0;
    %store/vec4 v0x1212540_0, 4, 1;
    %load/vec4 v0x1211de0_0;
    %nor/r;
    %ix/load 4, 3, 0;
    %flag_set/imm 4, 0;
    %store/vec4 v0x1212540_0, 4, 1;
    %jmp T_4.9;
T_4.4 ;
    %load/vec4 v0x1211b10_0;
    %inv;
    %store/vec4 v0x1211de0_0, 0, 16;
    %load/vec4 v0x1211de0_0;
    %xnor/r;
    %ix/load 4, 2, 0;
    %flag_set/imm 4, 0;
    %store/vec4 v0x1212540_0, 4, 1;
    %load/vec4 v0x1211de0_0;
    %nor/r;
    %ix/load 4, 3, 0;
    %flag_set/imm 4, 0;
    %store/vec4 v0x1212540_0, 4, 1;
    %jmp T_4.9;
T_4.5 ;
    %load/vec4 v0x1211c10_0;
    %inv;
    %store/vec4 v0x1211de0_0, 0, 16;
    %load/vec4 v0x1211de0_0;
    %xnor/r;
    %ix/load 4, 2, 0;
    %flag_set/imm 4, 0;
    %store/vec4 v0x1212540_0, 4, 1;
    %load/vec4 v0x1211de0_0;
    %nor/r;
    %ix/load 4, 3, 0;
    %flag_set/imm 4, 0;
    %store/vec4 v0x1212540_0, 4, 1;
    %jmp T_4.9;
T_4.6 ;
    %load/vec4 v0x1211b10_0;
    %and/r;
    %store/vec4 v0x1211fd0_0, 0, 1;
    %load/vec4 v0x1211fd0_0;
    %xnor/r;
    %ix/load 4, 2, 0;
    %flag_set/imm 4, 0;
    %store/vec4 v0x1212540_0, 4, 1;
    %load/vec4 v0x1211fd0_0;
    %nor/r;
    %ix/load 4, 3, 0;
    %flag_set/imm 4, 0;
    %store/vec4 v0x1212540_0, 4, 1;
    %jmp T_4.9;
T_4.7 ;
    %load/vec4 v0x1211b10_0;
    %or/r;
    %store/vec4 v0x1211fd0_0, 0, 1;
    %load/vec4 v0x1211fd0_0;
    %xnor/r;
    %ix/load 4, 2, 0;
    %flag_set/imm 4, 0;
    %store/vec4 v0x1212540_0, 4, 1;
    %load/vec4 v0x1211fd0_0;
    %nor/r;
    %ix/load 4, 3, 0;
    %flag_set/imm 4, 0;
    %store/vec4 v0x1212540_0, 4, 1;
    %jmp T_4.9;
T_4.9 ;
    %pop/vec4 1;
    %jmp T_4;
    .thread T_4, $push;
    .scope S_0x1211690;
T_5 ;
    %wait E_0x1211a00;
    %load/vec4 v0x1212230_0;
    %nor/r;
    %flag_set/vec4 8;
    %jmp/0xz  T_5.0, 8;
    %pushi/vec4 0, 0, 16;
    %assign/vec4 v0x1211cf0_0, 0;
    %pushi/vec4 0, 0, 1;
    %assign/vec4 v0x1211ec0_0, 0;
    %pushi/vec4 0, 0, 8;
    %assign/vec4 v0x1212460_0, 0;
    %jmp T_5.1;
T_5.0 ;
    %load/vec4 v0x1211de0_0;
    %assign/vec4 v0x1211cf0_0, 0;
    %load/vec4 v0x1211fd0_0;
    %assign/vec4 v0x1211ec0_0, 0;
    %load/vec4 v0x1212540_0;
    %assign/vec4 v0x1212460_0, 0;
T_5.1 ;
    %jmp T_5;
    .thread T_5;
    .scope S_0x11ad730;
T_6 ;
    %pushi/vec4 0, 0, 1;
    %store/vec4 v0x1213fd0_0, 0, 1;
T_6.0 ;
    %delay 5, 0;
    %load/vec4 v0x1213fd0_0;
    %inv;
    %store/vec4 v0x1213fd0_0, 0, 1;
    %jmp T_6.0;
    %end;
    .thread T_6;
    .scope S_0x11ad730;
T_7 ;
    %vpi_call/w 4 35 "$dumpfile", "alu_test.vcd" {0 0 0};
    %vpi_call/w 4 36 "$dumpvars", 32'sb00000000000000000000000000000000, S_0x11ad730 {0 0 0};
    %vpi_call/w 4 39 "$display", "ALU Testbench Starting..." {0 0 0};
    %vpi_call/w 4 40 "$display", "\000" {0 0 0};
    %vpi_call/w 4 41 "$display", "Time\011Sel\011A\011\011B\011\011Z\011\011Z_exp\011\011Zsc\011Zsc_exp\011Status\011C\011S\011P\011Z\011V\011Description" {0 0 0};
    %vpi_call/w 4 42 "$display", "----\011---\011----\011\011----\011\011----\011\011-----\011\011---\011-------\011------\011-\011-\011-\011-\011-\011-----------" {0 0 0};
    %vpi_call/w 4 43 "$display", "\000" {0 0 0};
    %pushi/vec4 0, 0, 1;
    %store/vec4 v0x1214070_0, 0, 1;
    %pushi/vec4 0, 0, 8;
    %store/vec4 v0x1214140_0, 0, 8;
    %pushi/vec4 0, 0, 16;
    %store/vec4 v0x1213c50_0, 0, 16;
    %pushi/vec4 0, 0, 16;
    %store/vec4 v0x1213d30_0, 0, 16;
    %pushi/vec4 3, 0, 32;
T_7.0 %dup/vec4;
    %pushi/vec4 0, 0, 32;
    %cmp/s;
    %jmp/1xz T_7.1, 5;
    %jmp/1 T_7.1, 4;
    %pushi/vec4 1, 0, 32;
    %sub;
    %wait E_0x1211a00;
    %jmp T_7.0;
T_7.1 ;
    %pop/vec4 1;
    %pushi/vec4 1, 0, 1;
    %store/vec4 v0x1214070_0, 0, 1;
    %pushi/vec4 2, 0, 32;
T_7.2 %dup/vec4;
    %pushi/vec4 0, 0, 32;
    %cmp/s;
    %jmp/1xz T_7.3, 5;
    %jmp/1 T_7.3, 4;
    %pushi/vec4 1, 0, 32;
    %sub;
    %wait E_0x1211a00;
    %jmp T_7.2;
T_7.3 ;
    %pop/vec4 1;
    %vpi_call/w 4 57 "$display", "=== ARITHMETIC OPERATIONS ===" {0 0 0};
    %pushi/vec4 0, 0, 8;
    %store/vec4 v0x1212e20_0, 0, 8;
    %pushi/vec4 4660, 0, 16;
    %store/vec4 v0x1212c10_0, 0, 16;
    %pushi/vec4 22136, 0, 16;
    %store/vec4 v0x1212d40_0, 0, 16;
    %pushi/vec4 0, 0, 32; draw_string_vec4
    %pushi/vec4 0, 0, 32; draw_string_vec4
    %concat/vec4; draw_string_vec4
    %pushi/vec4 0, 0, 32; draw_string_vec4
    %concat/vec4; draw_string_vec4
    %pushi/vec4 0, 0, 32; draw_string_vec4
    %concat/vec4; draw_string_vec4
    %pushi/vec4 0, 0, 32; draw_string_vec4
    %concat/vec4; draw_string_vec4
    %pushi/vec4 0, 0, 32; draw_string_vec4
    %concat/vec4; draw_string_vec4
    %pushi/vec4 0, 0, 32; draw_string_vec4
    %concat/vec4; draw_string_vec4
    %pushi/vec4 0, 0, 32; draw_string_vec4
    %concat/vec4; draw_string_vec4
    %pushi/vec4 0, 0, 32; draw_string_vec4
    %concat/vec4; draw_string_vec4
    %pushi/vec4 0, 0, 32; draw_string_vec4
    %concat/vec4; draw_string_vec4
    %pushi/vec4 0, 0, 32; draw_string_vec4
    %concat/vec4; draw_string_vec4
    %pushi/vec4 0, 0, 32; draw_string_vec4
    %concat/vec4; draw_string_vec4
    %pushi/vec4 0, 0, 32; draw_string_vec4
    %concat/vec4; draw_string_vec4
    %pushi/vec4 0, 0, 32; draw_string_vec4
    %concat/vec4; draw_string_vec4
    %pushi/vec4 0, 0, 32; draw_string_vec4
    %concat/vec4; draw_string_vec4
    %pushi/vec4 0, 0, 32; draw_string_vec4
    %concat/vec4; draw_string_vec4
    %pushi/vec4 0, 0, 32; draw_string_vec4
    %concat/vec4; draw_string_vec4
    %pushi/vec4 0, 0, 32; draw_string_vec4
    %concat/vec4; draw_string_vec4
    %pushi/vec4 0, 0, 32; draw_string_vec4
    %concat/vec4; draw_string_vec4
    %pushi/vec4 0, 0, 32; draw_string_vec4
    %concat/vec4; draw_string_vec4
    %pushi/vec4 0, 0, 32; draw_string_vec4
    %concat/vec4; draw_string_vec4
    %pushi/vec4 0, 0, 32; draw_string_vec4
    %concat/vec4; draw_string_vec4
    %pushi/vec4 0, 0, 32; draw_string_vec4
    %concat/vec4; draw_string_vec4
    %pushi/vec4 0, 0, 32; draw_string_vec4
    %concat/vec4; draw_string_vec4
    %pushi/vec4 0, 0, 32; draw_string_vec4
    %concat/vec4; draw_string_vec4
    %pushi/vec4 0, 0, 32; draw_string_vec4
    %concat/vec4; draw_string_vec4
    %pushi/vec4 0, 0, 32; draw_string_vec4
    %concat/vec4; draw_string_vec4
    %pushi/vec4 0, 0, 32; draw_string_vec4
    %concat/vec4; draw_string_vec4
    %pushi/vec4 0, 0, 32; draw_string_vec4
    %concat/vec4; draw_string_vec4
    %pushi/vec4 0, 0, 32; draw_string_vec4
    %concat/vec4; draw_string_vec4
    %pushi/vec4 0, 0, 32; draw_string_vec4
    %concat/vec4; draw_string_vec4
    %pushi/vec4 0, 0, 32; draw_string_vec4
    %concat/vec4; draw_string_vec4
    %pushi/vec4 0, 0, 32; draw_string_vec4
    %concat/vec4; draw_string_vec4
    %pushi/vec4 0, 0, 32; draw_string_vec4
    %concat/vec4; draw_string_vec4
    %pushi/vec4 0, 0, 32; draw_string_vec4
    %concat/vec4; draw_string_vec4
    %pushi/vec4 0, 0, 32; draw_string_vec4
    %concat/vec4; draw_string_vec4
    %pushi/vec4 0, 0, 32; draw_string_vec4
    %concat/vec4; draw_string_vec4
    %pushi/vec4 0, 0, 32; draw_string_vec4
    %concat/vec4; draw_string_vec4
    %pushi/vec4 0, 0, 32; draw_string_vec4
    %concat/vec4; draw_string_vec4
    %pushi/vec4 0, 0, 32; draw_string_vec4
    %concat/vec4; draw_string_vec4
    %pushi/vec4 0, 0, 32; draw_string_vec4
    %concat/vec4; draw_string_vec4
    %pushi/vec4 0, 0, 32; draw_string_vec4
    %concat/vec4; draw_string_vec4
    %pushi/vec4 0, 0, 32; draw_string_vec4
    %concat/vec4; draw_string_vec4
    %pushi/vec4 0, 0, 32; draw_string_vec4
    %concat/vec4; draw_string_vec4
    %pushi/vec4 0, 0, 32; draw_string_vec4
    %concat/vec4; draw_string_vec4
    %pushi/vec4 0, 0, 32; draw_string_vec4
    %concat/vec4; draw_string_vec4
    %pushi/vec4 0, 0, 32; draw_string_vec4
    %concat/vec4; draw_string_vec4
    %pushi/vec4 4277316, 0, 32; draw_string_vec4
    %concat/vec4; draw_string_vec4
    %pushi/vec4 975195759, 0, 32; draw_string_vec4
    %concat/vec4; draw_string_vec4
    %pushi/vec4 1919770988, 0, 32; draw_string_vec4
    %concat/vec4; draw_string_vec4
    %store/vec4 v0x12128d0_0, 0, 1600;
    %fork TD_alu_testbench.test_operation, S_0x1212720;
    %join;
    %pushi/vec4 0, 0, 8;
    %store/vec4 v0x1212e20_0, 0, 8;
    %pushi/vec4 32767, 0, 16;
    %store/vec4 v0x1212c10_0, 0, 16;
    %pushi/vec4 1, 0, 16;
    %store/vec4 v0x1212d40_0, 0, 16;
    %pushi/vec4 0, 0, 32; draw_string_vec4
    %pushi/vec4 0, 0, 32; draw_string_vec4
    %concat/vec4; draw_string_vec4
    %pushi/vec4 0, 0, 32; draw_string_vec4
    %concat/vec4; draw_string_vec4
    %pushi/vec4 0, 0, 32; draw_string_vec4
    %concat/vec4; draw_string_vec4
    %pushi/vec4 0, 0, 32; draw_string_vec4
    %concat/vec4; draw_string_vec4
    %pushi/vec4 0, 0, 32; draw_string_vec4
    %concat/vec4; draw_string_vec4
    %pushi/vec4 0, 0, 32; draw_string_vec4
    %concat/vec4; draw_string_vec4
    %pushi/vec4 0, 0, 32; draw_string_vec4
    %concat/vec4; draw_string_vec4
    %pushi/vec4 0, 0, 32; draw_string_vec4
    %concat/vec4; draw_string_vec4
    %pushi/vec4 0, 0, 32; draw_string_vec4
    %concat/vec4; draw_string_vec4
    %pushi/vec4 0, 0, 32; draw_string_vec4
    %concat/vec4; draw_string_vec4
    %pushi/vec4 0, 0, 32; draw_string_vec4
    %concat/vec4; draw_string_vec4
    %pushi/vec4 0, 0, 32; draw_string_vec4
    %concat/vec4; draw_string_vec4
    %pushi/vec4 0, 0, 32; draw_string_vec4
    %concat/vec4; draw_string_vec4
    %pushi/vec4 0, 0, 32; draw_string_vec4
    %concat/vec4; draw_string_vec4
    %pushi/vec4 0, 0, 32; draw_string_vec4
    %concat/vec4; draw_string_vec4
    %pushi/vec4 0, 0, 32; draw_string_vec4
    %concat/vec4; draw_string_vec4
    %pushi/vec4 0, 0, 32; draw_string_vec4
    %concat/vec4; draw_string_vec4
    %pushi/vec4 0, 0, 32; draw_string_vec4
    %concat/vec4; draw_string_vec4
    %pushi/vec4 0, 0, 32; draw_string_vec4
    %concat/vec4; draw_string_vec4
    %pushi/vec4 0, 0, 32; draw_string_vec4
    %concat/vec4; draw_string_vec4
    %pushi/vec4 0, 0, 32; draw_string_vec4
    %concat/vec4; draw_string_vec4
    %pushi/vec4 0, 0, 32; draw_string_vec4
    %concat/vec4; draw_string_vec4
    %pushi/vec4 0, 0, 32; draw_string_vec4
    %concat/vec4; draw_string_vec4
    %pushi/vec4 0, 0, 32; draw_string_vec4
    %concat/vec4; draw_string_vec4
    %pushi/vec4 0, 0, 32; draw_string_vec4
    %concat/vec4; draw_string_vec4
    %pushi/vec4 0, 0, 32; draw_string_vec4
    %concat/vec4; draw_string_vec4
    %pushi/vec4 0, 0, 32; draw_string_vec4
    %concat/vec4; draw_string_vec4
    %pushi/vec4 0, 0, 32; draw_string_vec4
    %concat/vec4; draw_string_vec4
    %pushi/vec4 0, 0, 32; draw_string_vec4
    %concat/vec4; draw_string_vec4
    %pushi/vec4 0, 0, 32; draw_string_vec4
    %concat/vec4; draw_string_vec4
    %pushi/vec4 0, 0, 32; draw_string_vec4
    %concat/vec4; draw_string_vec4
    %pushi/vec4 0, 0, 32; draw_string_vec4
    %concat/vec4; draw_string_vec4
    %pushi/vec4 0, 0, 32; draw_string_vec4
    %concat/vec4; draw_string_vec4
    %pushi/vec4 0, 0, 32; draw_string_vec4
    %concat/vec4; draw_string_vec4
    %pushi/vec4 0, 0, 32; draw_string_vec4
    %concat/vec4; draw_string_vec4
    %pushi/vec4 0, 0, 32; draw_string_vec4
    %concat/vec4; draw_string_vec4
    %pushi/vec4 0, 0, 32; draw_string_vec4
    %concat/vec4; draw_string_vec4
    %pushi/vec4 0, 0, 32; draw_string_vec4
    %concat/vec4; draw_string_vec4
    %pushi/vec4 0, 0, 32; draw_string_vec4
    %concat/vec4; draw_string_vec4
    %pushi/vec4 0, 0, 32; draw_string_vec4
    %concat/vec4; draw_string_vec4
    %pushi/vec4 0, 0, 32; draw_string_vec4
    %concat/vec4; draw_string_vec4
    %pushi/vec4 0, 0, 32; draw_string_vec4
    %concat/vec4; draw_string_vec4
    %pushi/vec4 0, 0, 32; draw_string_vec4
    %concat/vec4; draw_string_vec4
    %pushi/vec4 0, 0, 32; draw_string_vec4
    %concat/vec4; draw_string_vec4
    %pushi/vec4 65, 0, 32; draw_string_vec4
    %concat/vec4; draw_string_vec4
    %pushi/vec4 1145322016, 0, 32; draw_string_vec4
    %concat/vec4; draw_string_vec4
    %pushi/vec4 1349481248, 0, 32; draw_string_vec4
    %concat/vec4; draw_string_vec4
    %pushi/vec4 1333159282, 0, 32; draw_string_vec4
    %concat/vec4; draw_string_vec4
    %pushi/vec4 1718382455, 0, 32; draw_string_vec4
    %concat/vec4; draw_string_vec4
    %store/vec4 v0x12128d0_0, 0, 1600;
    %fork TD_alu_testbench.test_operation, S_0x1212720;
    %join;
    %pushi/vec4 0, 0, 8;
    %store/vec4 v0x1212e20_0, 0, 8;
    %pushi/vec4 32768, 0, 16;
    %store/vec4 v0x1212c10_0, 0, 16;
    %pushi/vec4 32768, 0, 16;
    %store/vec4 v0x1212d40_0, 0, 16;
    %pushi/vec4 0, 0, 32; draw_string_vec4
    %pushi/vec4 0, 0, 32; draw_string_vec4
    %concat/vec4; draw_string_vec4
    %pushi/vec4 0, 0, 32; draw_string_vec4
    %concat/vec4; draw_string_vec4
    %pushi/vec4 0, 0, 32; draw_string_vec4
    %concat/vec4; draw_string_vec4
    %pushi/vec4 0, 0, 32; draw_string_vec4
    %concat/vec4; draw_string_vec4
    %pushi/vec4 0, 0, 32; draw_string_vec4
    %concat/vec4; draw_string_vec4
    %pushi/vec4 0, 0, 32; draw_string_vec4
    %concat/vec4; draw_string_vec4
    %pushi/vec4 0, 0, 32; draw_string_vec4
    %concat/vec4; draw_string_vec4
    %pushi/vec4 0, 0, 32; draw_string_vec4
    %concat/vec4; draw_string_vec4
    %pushi/vec4 0, 0, 32; draw_string_vec4
    %concat/vec4; draw_string_vec4
    %pushi/vec4 0, 0, 32; draw_string_vec4
    %concat/vec4; draw_string_vec4
    %pushi/vec4 0, 0, 32; draw_string_vec4
    %concat/vec4; draw_string_vec4
    %pushi/vec4 0, 0, 32; draw_string_vec4
    %concat/vec4; draw_string_vec4
    %pushi/vec4 0, 0, 32; draw_string_vec4
    %concat/vec4; draw_string_vec4
    %pushi/vec4 0, 0, 32; draw_string_vec4
    %concat/vec4; draw_string_vec4
    %pushi/vec4 0, 0, 32; draw_string_vec4
    %concat/vec4; draw_string_vec4
    %pushi/vec4 0, 0, 32; draw_string_vec4
    %concat/vec4; draw_string_vec4
    %pushi/vec4 0, 0, 32; draw_string_vec4
    %concat/vec4; draw_string_vec4
    %pushi/vec4 0, 0, 32; draw_string_vec4
    %concat/vec4; draw_string_vec4
    %pushi/vec4 0, 0, 32; draw_string_vec4
    %concat/vec4; draw_string_vec4
    %pushi/vec4 0, 0, 32; draw_string_vec4
    %concat/vec4; draw_string_vec4
    %pushi/vec4 0, 0, 32; draw_string_vec4
    %concat/vec4; draw_string_vec4
    %pushi/vec4 0, 0, 32; draw_string_vec4
    %concat/vec4; draw_string_vec4
    %pushi/vec4 0, 0, 32; draw_string_vec4
    %concat/vec4; draw_string_vec4
    %pushi/vec4 0, 0, 32; draw_string_vec4
    %concat/vec4; draw_string_vec4
    %pushi/vec4 0, 0, 32; draw_string_vec4
    %concat/vec4; draw_string_vec4
    %pushi/vec4 0, 0, 32; draw_string_vec4
    %concat/vec4; draw_string_vec4
    %pushi/vec4 0, 0, 32; draw_string_vec4
    %concat/vec4; draw_string_vec4
    %pushi/vec4 0, 0, 32; draw_string_vec4
    %concat/vec4; draw_string_vec4
    %pushi/vec4 0, 0, 32; draw_string_vec4
    %concat/vec4; draw_string_vec4
    %pushi/vec4 0, 0, 32; draw_string_vec4
    %concat/vec4; draw_string_vec4
    %pushi/vec4 0, 0, 32; draw_string_vec4
    %concat/vec4; draw_string_vec4
    %pushi/vec4 0, 0, 32; draw_string_vec4
    %concat/vec4; draw_string_vec4
    %pushi/vec4 0, 0, 32; draw_string_vec4
    %concat/vec4; draw_string_vec4
    %pushi/vec4 0, 0, 32; draw_string_vec4
    %concat/vec4; draw_string_vec4
    %pushi/vec4 0, 0, 32; draw_string_vec4
    %concat/vec4; draw_string_vec4
    %pushi/vec4 0, 0, 32; draw_string_vec4
    %concat/vec4; draw_string_vec4
    %pushi/vec4 0, 0, 32; draw_string_vec4
    %concat/vec4; draw_string_vec4
    %pushi/vec4 0, 0, 32; draw_string_vec4
    %concat/vec4; draw_string_vec4
    %pushi/vec4 0, 0, 32; draw_string_vec4
    %concat/vec4; draw_string_vec4
    %pushi/vec4 0, 0, 32; draw_string_vec4
    %concat/vec4; draw_string_vec4
    %pushi/vec4 0, 0, 32; draw_string_vec4
    %concat/vec4; draw_string_vec4
    %pushi/vec4 0, 0, 32; draw_string_vec4
    %concat/vec4; draw_string_vec4
    %pushi/vec4 0, 0, 32; draw_string_vec4
    %concat/vec4; draw_string_vec4
    %pushi/vec4 0, 0, 32; draw_string_vec4
    %concat/vec4; draw_string_vec4
    %pushi/vec4 65, 0, 32; draw_string_vec4
    %concat/vec4; draw_string_vec4
    %pushi/vec4 1145322016, 0, 32; draw_string_vec4
    %concat/vec4; draw_string_vec4
    %pushi/vec4 1315268384, 0, 32; draw_string_vec4
    %concat/vec4; draw_string_vec4
    %pushi/vec4 1333159282, 0, 32; draw_string_vec4
    %concat/vec4; draw_string_vec4
    %pushi/vec4 1718382455, 0, 32; draw_string_vec4
    %concat/vec4; draw_string_vec4
    %store/vec4 v0x12128d0_0, 0, 1600;
    %fork TD_alu_testbench.test_operation, S_0x1212720;
    %join;
    %pushi/vec4 0, 0, 8;
    %store/vec4 v0x1212e20_0, 0, 8;
    %pushi/vec4 65535, 0, 16;
    %store/vec4 v0x1212c10_0, 0, 16;
    %pushi/vec4 1, 0, 16;
    %store/vec4 v0x1212d40_0, 0, 16;
    %pushi/vec4 0, 0, 32; draw_string_vec4
    %pushi/vec4 0, 0, 32; draw_string_vec4
    %concat/vec4; draw_string_vec4
    %pushi/vec4 0, 0, 32; draw_string_vec4
    %concat/vec4; draw_string_vec4
    %pushi/vec4 0, 0, 32; draw_string_vec4
    %concat/vec4; draw_string_vec4
    %pushi/vec4 0, 0, 32; draw_string_vec4
    %concat/vec4; draw_string_vec4
    %pushi/vec4 0, 0, 32; draw_string_vec4
    %concat/vec4; draw_string_vec4
    %pushi/vec4 0, 0, 32; draw_string_vec4
    %concat/vec4; draw_string_vec4
    %pushi/vec4 0, 0, 32; draw_string_vec4
    %concat/vec4; draw_string_vec4
    %pushi/vec4 0, 0, 32; draw_string_vec4
    %concat/vec4; draw_string_vec4
    %pushi/vec4 0, 0, 32; draw_string_vec4
    %concat/vec4; draw_string_vec4
    %pushi/vec4 0, 0, 32; draw_string_vec4
    %concat/vec4; draw_string_vec4
    %pushi/vec4 0, 0, 32; draw_string_vec4
    %concat/vec4; draw_string_vec4
    %pushi/vec4 0, 0, 32; draw_string_vec4
    %concat/vec4; draw_string_vec4
    %pushi/vec4 0, 0, 32; draw_string_vec4
    %concat/vec4; draw_string_vec4
    %pushi/vec4 0, 0, 32; draw_string_vec4
    %concat/vec4; draw_string_vec4
    %pushi/vec4 0, 0, 32; draw_string_vec4
    %concat/vec4; draw_string_vec4
    %pushi/vec4 0, 0, 32; draw_string_vec4
    %concat/vec4; draw_string_vec4
    %pushi/vec4 0, 0, 32; draw_string_vec4
    %concat/vec4; draw_string_vec4
    %pushi/vec4 0, 0, 32; draw_string_vec4
    %concat/vec4; draw_string_vec4
    %pushi/vec4 0, 0, 32; draw_string_vec4
    %concat/vec4; draw_string_vec4
    %pushi/vec4 0, 0, 32; draw_string_vec4
    %concat/vec4; draw_string_vec4
    %pushi/vec4 0, 0, 32; draw_string_vec4
    %concat/vec4; draw_string_vec4
    %pushi/vec4 0, 0, 32; draw_string_vec4
    %concat/vec4; draw_string_vec4
    %pushi/vec4 0, 0, 32; draw_string_vec4
    %concat/vec4; draw_string_vec4
    %pushi/vec4 0, 0, 32; draw_string_vec4
    %concat/vec4; draw_string_vec4
    %pushi/vec4 0, 0, 32; draw_string_vec4
    %concat/vec4; draw_string_vec4
    %pushi/vec4 0, 0, 32; draw_string_vec4
    %concat/vec4; draw_string_vec4
    %pushi/vec4 0, 0, 32; draw_string_vec4
    %concat/vec4; draw_string_vec4
    %pushi/vec4 0, 0, 32; draw_string_vec4
    %concat/vec4; draw_string_vec4
    %pushi/vec4 0, 0, 32; draw_string_vec4
    %concat/vec4; draw_string_vec4
    %pushi/vec4 0, 0, 32; draw_string_vec4
    %concat/vec4; draw_string_vec4
    %pushi/vec4 0, 0, 32; draw_string_vec4
    %concat/vec4; draw_string_vec4
    %pushi/vec4 0, 0, 32; draw_string_vec4
    %concat/vec4; draw_string_vec4
    %pushi/vec4 0, 0, 32; draw_string_vec4
    %concat/vec4; draw_string_vec4
    %pushi/vec4 0, 0, 32; draw_string_vec4
    %concat/vec4; draw_string_vec4
    %pushi/vec4 0, 0, 32; draw_string_vec4
    %concat/vec4; draw_string_vec4
    %pushi/vec4 0, 0, 32; draw_string_vec4
    %concat/vec4; draw_string_vec4
    %pushi/vec4 0, 0, 32; draw_string_vec4
    %concat/vec4; draw_string_vec4
    %pushi/vec4 0, 0, 32; draw_string_vec4
    %concat/vec4; draw_string_vec4
    %pushi/vec4 0, 0, 32; draw_string_vec4
    %concat/vec4; draw_string_vec4
    %pushi/vec4 0, 0, 32; draw_string_vec4
    %concat/vec4; draw_string_vec4
    %pushi/vec4 0, 0, 32; draw_string_vec4
    %concat/vec4; draw_string_vec4
    %pushi/vec4 0, 0, 32; draw_string_vec4
    %concat/vec4; draw_string_vec4
    %pushi/vec4 0, 0, 32; draw_string_vec4
    %concat/vec4; draw_string_vec4
    %pushi/vec4 0, 0, 32; draw_string_vec4
    %concat/vec4; draw_string_vec4
    %pushi/vec4 0, 0, 32; draw_string_vec4
    %concat/vec4; draw_string_vec4
    %pushi/vec4 1094992954, 0, 32; draw_string_vec4
    %concat/vec4; draw_string_vec4
    %pushi/vec4 542795122, 0, 32; draw_string_vec4
    %concat/vec4; draw_string_vec4
    %pushi/vec4 1864389221, 0, 32; draw_string_vec4
    %concat/vec4; draw_string_vec4
    %pushi/vec4 1937075316, 0, 32; draw_string_vec4
    %concat/vec4; draw_string_vec4
    %store/vec4 v0x12128d0_0, 0, 1600;
    %fork TD_alu_testbench.test_operation, S_0x1212720;
    %join;
    %pushi/vec4 0, 0, 8;
    %store/vec4 v0x1212e20_0, 0, 8;
    %pushi/vec4 0, 0, 16;
    %store/vec4 v0x1212c10_0, 0, 16;
    %pushi/vec4 0, 0, 16;
    %store/vec4 v0x1212d40_0, 0, 16;
    %pushi/vec4 0, 0, 32; draw_string_vec4
    %pushi/vec4 0, 0, 32; draw_string_vec4
    %concat/vec4; draw_string_vec4
    %pushi/vec4 0, 0, 32; draw_string_vec4
    %concat/vec4; draw_string_vec4
    %pushi/vec4 0, 0, 32; draw_string_vec4
    %concat/vec4; draw_string_vec4
    %pushi/vec4 0, 0, 32; draw_string_vec4
    %concat/vec4; draw_string_vec4
    %pushi/vec4 0, 0, 32; draw_string_vec4
    %concat/vec4; draw_string_vec4
    %pushi/vec4 0, 0, 32; draw_string_vec4
    %concat/vec4; draw_string_vec4
    %pushi/vec4 0, 0, 32; draw_string_vec4
    %concat/vec4; draw_string_vec4
    %pushi/vec4 0, 0, 32; draw_string_vec4
    %concat/vec4; draw_string_vec4
    %pushi/vec4 0, 0, 32; draw_string_vec4
    %concat/vec4; draw_string_vec4
    %pushi/vec4 0, 0, 32; draw_string_vec4
    %concat/vec4; draw_string_vec4
    %pushi/vec4 0, 0, 32; draw_string_vec4
    %concat/vec4; draw_string_vec4
    %pushi/vec4 0, 0, 32; draw_string_vec4
    %concat/vec4; draw_string_vec4
    %pushi/vec4 0, 0, 32; draw_string_vec4
    %concat/vec4; draw_string_vec4
    %pushi/vec4 0, 0, 32; draw_string_vec4
    %concat/vec4; draw_string_vec4
    %pushi/vec4 0, 0, 32; draw_string_vec4
    %concat/vec4; draw_string_vec4
    %pushi/vec4 0, 0, 32; draw_string_vec4
    %concat/vec4; draw_string_vec4
    %pushi/vec4 0, 0, 32; draw_string_vec4
    %concat/vec4; draw_string_vec4
    %pushi/vec4 0, 0, 32; draw_string_vec4
    %concat/vec4; draw_string_vec4
    %pushi/vec4 0, 0, 32; draw_string_vec4
    %concat/vec4; draw_string_vec4
    %pushi/vec4 0, 0, 32; draw_string_vec4
    %concat/vec4; draw_string_vec4
    %pushi/vec4 0, 0, 32; draw_string_vec4
    %concat/vec4; draw_string_vec4
    %pushi/vec4 0, 0, 32; draw_string_vec4
    %concat/vec4; draw_string_vec4
    %pushi/vec4 0, 0, 32; draw_string_vec4
    %concat/vec4; draw_string_vec4
    %pushi/vec4 0, 0, 32; draw_string_vec4
    %concat/vec4; draw_string_vec4
    %pushi/vec4 0, 0, 32; draw_string_vec4
    %concat/vec4; draw_string_vec4
    %pushi/vec4 0, 0, 32; draw_string_vec4
    %concat/vec4; draw_string_vec4
    %pushi/vec4 0, 0, 32; draw_string_vec4
    %concat/vec4; draw_string_vec4
    %pushi/vec4 0, 0, 32; draw_string_vec4
    %concat/vec4; draw_string_vec4
    %pushi/vec4 0, 0, 32; draw_string_vec4
    %concat/vec4; draw_string_vec4
    %pushi/vec4 0, 0, 32; draw_string_vec4
    %concat/vec4; draw_string_vec4
    %pushi/vec4 0, 0, 32; draw_string_vec4
    %concat/vec4; draw_string_vec4
    %pushi/vec4 0, 0, 32; draw_string_vec4
    %concat/vec4; draw_string_vec4
    %pushi/vec4 0, 0, 32; draw_string_vec4
    %concat/vec4; draw_string_vec4
    %pushi/vec4 0, 0, 32; draw_string_vec4
    %concat/vec4; draw_string_vec4
    %pushi/vec4 0, 0, 32; draw_string_vec4
    %concat/vec4; draw_string_vec4
    %pushi/vec4 0, 0, 32; draw_string_vec4
    %concat/vec4; draw_string_vec4
    %pushi/vec4 0, 0, 32; draw_string_vec4
    %concat/vec4; draw_string_vec4
    %pushi/vec4 0, 0, 32; draw_string_vec4
    %concat/vec4; draw_string_vec4
    %pushi/vec4 0, 0, 32; draw_string_vec4
    %concat/vec4; draw_string_vec4
    %pushi/vec4 0, 0, 32; draw_string_vec4
    %concat/vec4; draw_string_vec4
    %pushi/vec4 0, 0, 32; draw_string_vec4
    %concat/vec4; draw_string_vec4
    %pushi/vec4 0, 0, 32; draw_string_vec4
    %concat/vec4; draw_string_vec4
    %pushi/vec4 0, 0, 32; draw_string_vec4
    %concat/vec4; draw_string_vec4
    %pushi/vec4 0, 0, 32; draw_string_vec4
    %concat/vec4; draw_string_vec4
    %pushi/vec4 0, 0, 32; draw_string_vec4
    %concat/vec4; draw_string_vec4
    %pushi/vec4 1094992954, 0, 32; draw_string_vec4
    %concat/vec4; draw_string_vec4
    %pushi/vec4 542795122, 0, 32; draw_string_vec4
    %concat/vec4; draw_string_vec4
    %pushi/vec4 1864379168, 0, 32; draw_string_vec4
    %concat/vec4; draw_string_vec4
    %pushi/vec4 1516597871, 0, 32; draw_string_vec4
    %concat/vec4; draw_string_vec4
    %store/vec4 v0x12128d0_0, 0, 1600;
    %fork TD_alu_testbench.test_operation, S_0x1212720;
    %join;
    %pushi/vec4 0, 0, 8;
    %store/vec4 v0x1212e20_0, 0, 8;
    %pushi/vec4 65535, 0, 16;
    %store/vec4 v0x1212c10_0, 0, 16;
    %pushi/vec4 65535, 0, 16;
    %store/vec4 v0x1212d40_0, 0, 16;
    %pushi/vec4 0, 0, 32; draw_string_vec4
    %pushi/vec4 0, 0, 32; draw_string_vec4
    %concat/vec4; draw_string_vec4
    %pushi/vec4 0, 0, 32; draw_string_vec4
    %concat/vec4; draw_string_vec4
    %pushi/vec4 0, 0, 32; draw_string_vec4
    %concat/vec4; draw_string_vec4
    %pushi/vec4 0, 0, 32; draw_string_vec4
    %concat/vec4; draw_string_vec4
    %pushi/vec4 0, 0, 32; draw_string_vec4
    %concat/vec4; draw_string_vec4
    %pushi/vec4 0, 0, 32; draw_string_vec4
    %concat/vec4; draw_string_vec4
    %pushi/vec4 0, 0, 32; draw_string_vec4
    %concat/vec4; draw_string_vec4
    %pushi/vec4 0, 0, 32; draw_string_vec4
    %concat/vec4; draw_string_vec4
    %pushi/vec4 0, 0, 32; draw_string_vec4
    %concat/vec4; draw_string_vec4
    %pushi/vec4 0, 0, 32; draw_string_vec4
    %concat/vec4; draw_string_vec4
    %pushi/vec4 0, 0, 32; draw_string_vec4
    %concat/vec4; draw_string_vec4
    %pushi/vec4 0, 0, 32; draw_string_vec4
    %concat/vec4; draw_string_vec4
    %pushi/vec4 0, 0, 32; draw_string_vec4
    %concat/vec4; draw_string_vec4
    %pushi/vec4 0, 0, 32; draw_string_vec4
    %concat/vec4; draw_string_vec4
    %pushi/vec4 0, 0, 32; draw_string_vec4
    %concat/vec4; draw_string_vec4
    %pushi/vec4 0, 0, 32; draw_string_vec4
    %concat/vec4; draw_string_vec4
    %pushi/vec4 0, 0, 32; draw_string_vec4
    %concat/vec4; draw_string_vec4
    %pushi/vec4 0, 0, 32; draw_string_vec4
    %concat/vec4; draw_string_vec4
    %pushi/vec4 0, 0, 32; draw_string_vec4
    %concat/vec4; draw_string_vec4
    %pushi/vec4 0, 0, 32; draw_string_vec4
    %concat/vec4; draw_string_vec4
    %pushi/vec4 0, 0, 32; draw_string_vec4
    %concat/vec4; draw_string_vec4
    %pushi/vec4 0, 0, 32; draw_string_vec4
    %concat/vec4; draw_string_vec4
    %pushi/vec4 0, 0, 32; draw_string_vec4
    %concat/vec4; draw_string_vec4
    %pushi/vec4 0, 0, 32; draw_string_vec4
    %concat/vec4; draw_string_vec4
    %pushi/vec4 0, 0, 32; draw_string_vec4
    %concat/vec4; draw_string_vec4
    %pushi/vec4 0, 0, 32; draw_string_vec4
    %concat/vec4; draw_string_vec4
    %pushi/vec4 0, 0, 32; draw_string_vec4
    %concat/vec4; draw_string_vec4
    %pushi/vec4 0, 0, 32; draw_string_vec4
    %concat/vec4; draw_string_vec4
    %pushi/vec4 0, 0, 32; draw_string_vec4
    %concat/vec4; draw_string_vec4
    %pushi/vec4 0, 0, 32; draw_string_vec4
    %concat/vec4; draw_string_vec4
    %pushi/vec4 0, 0, 32; draw_string_vec4
    %concat/vec4; draw_string_vec4
    %pushi/vec4 0, 0, 32; draw_string_vec4
    %concat/vec4; draw_string_vec4
    %pushi/vec4 0, 0, 32; draw_string_vec4
    %concat/vec4; draw_string_vec4
    %pushi/vec4 0, 0, 32; draw_string_vec4
    %concat/vec4; draw_string_vec4
    %pushi/vec4 0, 0, 32; draw_string_vec4
    %concat/vec4; draw_string_vec4
    %pushi/vec4 0, 0, 32; draw_string_vec4
    %concat/vec4; draw_string_vec4
    %pushi/vec4 0, 0, 32; draw_string_vec4
    %concat/vec4; draw_string_vec4
    %pushi/vec4 0, 0, 32; draw_string_vec4
    %concat/vec4; draw_string_vec4
    %pushi/vec4 0, 0, 32; draw_string_vec4
    %concat/vec4; draw_string_vec4
    %pushi/vec4 0, 0, 32; draw_string_vec4
    %concat/vec4; draw_string_vec4
    %pushi/vec4 0, 0, 32; draw_string_vec4
    %concat/vec4; draw_string_vec4
    %pushi/vec4 0, 0, 32; draw_string_vec4
    %concat/vec4; draw_string_vec4
    %pushi/vec4 0, 0, 32; draw_string_vec4
    %concat/vec4; draw_string_vec4
    %pushi/vec4 0, 0, 32; draw_string_vec4
    %concat/vec4; draw_string_vec4
    %pushi/vec4 0, 0, 32; draw_string_vec4
    %concat/vec4; draw_string_vec4
    %pushi/vec4 0, 0, 32; draw_string_vec4
    %concat/vec4; draw_string_vec4
    %pushi/vec4 1094992954, 0, 32; draw_string_vec4
    %concat/vec4; draw_string_vec4
    %pushi/vec4 539832608, 0, 32; draw_string_vec4
    %concat/vec4; draw_string_vec4
    %pushi/vec4 723529009, 0, 32; draw_string_vec4
    %concat/vec4; draw_string_vec4
    %store/vec4 v0x12128d0_0, 0, 1600;
    %fork TD_alu_testbench.test_operation, S_0x1212720;
    %join;
    %vpi_call/w 4 73 "$display", "=== LOGICAL OPERATIONS ===" {0 0 0};
    %pushi/vec4 1, 0, 8;
    %store/vec4 v0x1212e20_0, 0, 8;
    %pushi/vec4 43690, 0, 16;
    %store/vec4 v0x1212c10_0, 0, 16;
    %pushi/vec4 21845, 0, 16;
    %store/vec4 v0x1212d40_0, 0, 16;
    %pushi/vec4 0, 0, 32; draw_string_vec4
    %pushi/vec4 0, 0, 32; draw_string_vec4
    %concat/vec4; draw_string_vec4
    %pushi/vec4 0, 0, 32; draw_string_vec4
    %concat/vec4; draw_string_vec4
    %pushi/vec4 0, 0, 32; draw_string_vec4
    %concat/vec4; draw_string_vec4
    %pushi/vec4 0, 0, 32; draw_string_vec4
    %concat/vec4; draw_string_vec4
    %pushi/vec4 0, 0, 32; draw_string_vec4
    %concat/vec4; draw_string_vec4
    %pushi/vec4 0, 0, 32; draw_string_vec4
    %concat/vec4; draw_string_vec4
    %pushi/vec4 0, 0, 32; draw_string_vec4
    %concat/vec4; draw_string_vec4
    %pushi/vec4 0, 0, 32; draw_string_vec4
    %concat/vec4; draw_string_vec4
    %pushi/vec4 0, 0, 32; draw_string_vec4
    %concat/vec4; draw_string_vec4
    %pushi/vec4 0, 0, 32; draw_string_vec4
    %concat/vec4; draw_string_vec4
    %pushi/vec4 0, 0, 32; draw_string_vec4
    %concat/vec4; draw_string_vec4
    %pushi/vec4 0, 0, 32; draw_string_vec4
    %concat/vec4; draw_string_vec4
    %pushi/vec4 0, 0, 32; draw_string_vec4
    %concat/vec4; draw_string_vec4
    %pushi/vec4 0, 0, 32; draw_string_vec4
    %concat/vec4; draw_string_vec4
    %pushi/vec4 0, 0, 32; draw_string_vec4
    %concat/vec4; draw_string_vec4
    %pushi/vec4 0, 0, 32; draw_string_vec4
    %concat/vec4; draw_string_vec4
    %pushi/vec4 0, 0, 32; draw_string_vec4
    %concat/vec4; draw_string_vec4
    %pushi/vec4 0, 0, 32; draw_string_vec4
    %concat/vec4; draw_string_vec4
    %pushi/vec4 0, 0, 32; draw_string_vec4
    %concat/vec4; draw_string_vec4
    %pushi/vec4 0, 0, 32; draw_string_vec4
    %concat/vec4; draw_string_vec4
    %pushi/vec4 0, 0, 32; draw_string_vec4
    %concat/vec4; draw_string_vec4
    %pushi/vec4 0, 0, 32; draw_string_vec4
    %concat/vec4; draw_string_vec4
    %pushi/vec4 0, 0, 32; draw_string_vec4
    %concat/vec4; draw_string_vec4
    %pushi/vec4 0, 0, 32; draw_string_vec4
    %concat/vec4; draw_string_vec4
    %pushi/vec4 0, 0, 32; draw_string_vec4
    %concat/vec4; draw_string_vec4
    %pushi/vec4 0, 0, 32; draw_string_vec4
    %concat/vec4; draw_string_vec4
    %pushi/vec4 0, 0, 32; draw_string_vec4
    %concat/vec4; draw_string_vec4
    %pushi/vec4 0, 0, 32; draw_string_vec4
    %concat/vec4; draw_string_vec4
    %pushi/vec4 0, 0, 32; draw_string_vec4
    %concat/vec4; draw_string_vec4
    %pushi/vec4 0, 0, 32; draw_string_vec4
    %concat/vec4; draw_string_vec4
    %pushi/vec4 0, 0, 32; draw_string_vec4
    %concat/vec4; draw_string_vec4
    %pushi/vec4 0, 0, 32; draw_string_vec4
    %concat/vec4; draw_string_vec4
    %pushi/vec4 0, 0, 32; draw_string_vec4
    %concat/vec4; draw_string_vec4
    %pushi/vec4 0, 0, 32; draw_string_vec4
    %concat/vec4; draw_string_vec4
    %pushi/vec4 0, 0, 32; draw_string_vec4
    %concat/vec4; draw_string_vec4
    %pushi/vec4 0, 0, 32; draw_string_vec4
    %concat/vec4; draw_string_vec4
    %pushi/vec4 0, 0, 32; draw_string_vec4
    %concat/vec4; draw_string_vec4
    %pushi/vec4 0, 0, 32; draw_string_vec4
    %concat/vec4; draw_string_vec4
    %pushi/vec4 0, 0, 32; draw_string_vec4
    %concat/vec4; draw_string_vec4
    %pushi/vec4 0, 0, 32; draw_string_vec4
    %concat/vec4; draw_string_vec4
    %pushi/vec4 0, 0, 32; draw_string_vec4
    %concat/vec4; draw_string_vec4
    %pushi/vec4 0, 0, 32; draw_string_vec4
    %concat/vec4; draw_string_vec4
    %pushi/vec4 0, 0, 32; draw_string_vec4
    %concat/vec4; draw_string_vec4
    %pushi/vec4 0, 0, 32; draw_string_vec4
    %concat/vec4; draw_string_vec4
    %pushi/vec4 0, 0, 32; draw_string_vec4
    %concat/vec4; draw_string_vec4
    %pushi/vec4 1095648314, 0, 32; draw_string_vec4
    %concat/vec4; draw_string_vec4
    %pushi/vec4 541158516, 0, 32; draw_string_vec4
    %concat/vec4; draw_string_vec4
    %pushi/vec4 1701998177, 0, 32; draw_string_vec4
    %concat/vec4; draw_string_vec4
    %pushi/vec4 1953066599, 0, 32; draw_string_vec4
    %concat/vec4; draw_string_vec4
    %store/vec4 v0x12128d0_0, 0, 1600;
    %fork TD_alu_testbench.test_operation, S_0x1212720;
    %join;
    %pushi/vec4 2, 0, 8;
    %store/vec4 v0x1212e20_0, 0, 8;
    %pushi/vec4 3855, 0, 16;
    %store/vec4 v0x1212c10_0, 0, 16;
    %pushi/vec4 61680, 0, 16;
    %store/vec4 v0x1212d40_0, 0, 16;
    %pushi/vec4 0, 0, 32; draw_string_vec4
    %pushi/vec4 0, 0, 32; draw_string_vec4
    %concat/vec4; draw_string_vec4
    %pushi/vec4 0, 0, 32; draw_string_vec4
    %concat/vec4; draw_string_vec4
    %pushi/vec4 0, 0, 32; draw_string_vec4
    %concat/vec4; draw_string_vec4
    %pushi/vec4 0, 0, 32; draw_string_vec4
    %concat/vec4; draw_string_vec4
    %pushi/vec4 0, 0, 32; draw_string_vec4
    %concat/vec4; draw_string_vec4
    %pushi/vec4 0, 0, 32; draw_string_vec4
    %concat/vec4; draw_string_vec4
    %pushi/vec4 0, 0, 32; draw_string_vec4
    %concat/vec4; draw_string_vec4
    %pushi/vec4 0, 0, 32; draw_string_vec4
    %concat/vec4; draw_string_vec4
    %pushi/vec4 0, 0, 32; draw_string_vec4
    %concat/vec4; draw_string_vec4
    %pushi/vec4 0, 0, 32; draw_string_vec4
    %concat/vec4; draw_string_vec4
    %pushi/vec4 0, 0, 32; draw_string_vec4
    %concat/vec4; draw_string_vec4
    %pushi/vec4 0, 0, 32; draw_string_vec4
    %concat/vec4; draw_string_vec4
    %pushi/vec4 0, 0, 32; draw_string_vec4
    %concat/vec4; draw_string_vec4
    %pushi/vec4 0, 0, 32; draw_string_vec4
    %concat/vec4; draw_string_vec4
    %pushi/vec4 0, 0, 32; draw_string_vec4
    %concat/vec4; draw_string_vec4
    %pushi/vec4 0, 0, 32; draw_string_vec4
    %concat/vec4; draw_string_vec4
    %pushi/vec4 0, 0, 32; draw_string_vec4
    %concat/vec4; draw_string_vec4
    %pushi/vec4 0, 0, 32; draw_string_vec4
    %concat/vec4; draw_string_vec4
    %pushi/vec4 0, 0, 32; draw_string_vec4
    %concat/vec4; draw_string_vec4
    %pushi/vec4 0, 0, 32; draw_string_vec4
    %concat/vec4; draw_string_vec4
    %pushi/vec4 0, 0, 32; draw_string_vec4
    %concat/vec4; draw_string_vec4
    %pushi/vec4 0, 0, 32; draw_string_vec4
    %concat/vec4; draw_string_vec4
    %pushi/vec4 0, 0, 32; draw_string_vec4
    %concat/vec4; draw_string_vec4
    %pushi/vec4 0, 0, 32; draw_string_vec4
    %concat/vec4; draw_string_vec4
    %pushi/vec4 0, 0, 32; draw_string_vec4
    %concat/vec4; draw_string_vec4
    %pushi/vec4 0, 0, 32; draw_string_vec4
    %concat/vec4; draw_string_vec4
    %pushi/vec4 0, 0, 32; draw_string_vec4
    %concat/vec4; draw_string_vec4
    %pushi/vec4 0, 0, 32; draw_string_vec4
    %concat/vec4; draw_string_vec4
    %pushi/vec4 0, 0, 32; draw_string_vec4
    %concat/vec4; draw_string_vec4
    %pushi/vec4 0, 0, 32; draw_string_vec4
    %concat/vec4; draw_string_vec4
    %pushi/vec4 0, 0, 32; draw_string_vec4
    %concat/vec4; draw_string_vec4
    %pushi/vec4 0, 0, 32; draw_string_vec4
    %concat/vec4; draw_string_vec4
    %pushi/vec4 0, 0, 32; draw_string_vec4
    %concat/vec4; draw_string_vec4
    %pushi/vec4 0, 0, 32; draw_string_vec4
    %concat/vec4; draw_string_vec4
    %pushi/vec4 0, 0, 32; draw_string_vec4
    %concat/vec4; draw_string_vec4
    %pushi/vec4 0, 0, 32; draw_string_vec4
    %concat/vec4; draw_string_vec4
    %pushi/vec4 0, 0, 32; draw_string_vec4
    %concat/vec4; draw_string_vec4
    %pushi/vec4 0, 0, 32; draw_string_vec4
    %concat/vec4; draw_string_vec4
    %pushi/vec4 0, 0, 32; draw_string_vec4
    %concat/vec4; draw_string_vec4
    %pushi/vec4 0, 0, 32; draw_string_vec4
    %concat/vec4; draw_string_vec4
    %pushi/vec4 0, 0, 32; draw_string_vec4
    %concat/vec4; draw_string_vec4
    %pushi/vec4 0, 0, 32; draw_string_vec4
    %concat/vec4; draw_string_vec4
    %pushi/vec4 0, 0, 32; draw_string_vec4
    %concat/vec4; draw_string_vec4
    %pushi/vec4 0, 0, 32; draw_string_vec4
    %concat/vec4; draw_string_vec4
    %pushi/vec4 79, 0, 32; draw_string_vec4
    %concat/vec4; draw_string_vec4
    %pushi/vec4 1379541059, 0, 32; draw_string_vec4
    %concat/vec4; draw_string_vec4
    %pushi/vec4 1869443180, 0, 32; draw_string_vec4
    %concat/vec4; draw_string_vec4
    %pushi/vec4 1701668206, 0, 32; draw_string_vec4
    %concat/vec4; draw_string_vec4
    %pushi/vec4 1952543353, 0, 32; draw_string_vec4
    %concat/vec4; draw_string_vec4
    %store/vec4 v0x12128d0_0, 0, 1600;
    %fork TD_alu_testbench.test_operation, S_0x1212720;
    %join;
    %pushi/vec4 3, 0, 8;
    %store/vec4 v0x1212e20_0, 0, 8;
    %pushi/vec4 65535, 0, 16;
    %store/vec4 v0x1212c10_0, 0, 16;
    %pushi/vec4 65535, 0, 16;
    %store/vec4 v0x1212d40_0, 0, 16;
    %pushi/vec4 0, 0, 32; draw_string_vec4
    %pushi/vec4 0, 0, 32; draw_string_vec4
    %concat/vec4; draw_string_vec4
    %pushi/vec4 0, 0, 32; draw_string_vec4
    %concat/vec4; draw_string_vec4
    %pushi/vec4 0, 0, 32; draw_string_vec4
    %concat/vec4; draw_string_vec4
    %pushi/vec4 0, 0, 32; draw_string_vec4
    %concat/vec4; draw_string_vec4
    %pushi/vec4 0, 0, 32; draw_string_vec4
    %concat/vec4; draw_string_vec4
    %pushi/vec4 0, 0, 32; draw_string_vec4
    %concat/vec4; draw_string_vec4
    %pushi/vec4 0, 0, 32; draw_string_vec4
    %concat/vec4; draw_string_vec4
    %pushi/vec4 0, 0, 32; draw_string_vec4
    %concat/vec4; draw_string_vec4
    %pushi/vec4 0, 0, 32; draw_string_vec4
    %concat/vec4; draw_string_vec4
    %pushi/vec4 0, 0, 32; draw_string_vec4
    %concat/vec4; draw_string_vec4
    %pushi/vec4 0, 0, 32; draw_string_vec4
    %concat/vec4; draw_string_vec4
    %pushi/vec4 0, 0, 32; draw_string_vec4
    %concat/vec4; draw_string_vec4
    %pushi/vec4 0, 0, 32; draw_string_vec4
    %concat/vec4; draw_string_vec4
    %pushi/vec4 0, 0, 32; draw_string_vec4
    %concat/vec4; draw_string_vec4
    %pushi/vec4 0, 0, 32; draw_string_vec4
    %concat/vec4; draw_string_vec4
    %pushi/vec4 0, 0, 32; draw_string_vec4
    %concat/vec4; draw_string_vec4
    %pushi/vec4 0, 0, 32; draw_string_vec4
    %concat/vec4; draw_string_vec4
    %pushi/vec4 0, 0, 32; draw_string_vec4
    %concat/vec4; draw_string_vec4
    %pushi/vec4 0, 0, 32; draw_string_vec4
    %concat/vec4; draw_string_vec4
    %pushi/vec4 0, 0, 32; draw_string_vec4
    %concat/vec4; draw_string_vec4
    %pushi/vec4 0, 0, 32; draw_string_vec4
    %concat/vec4; draw_string_vec4
    %pushi/vec4 0, 0, 32; draw_string_vec4
    %concat/vec4; draw_string_vec4
    %pushi/vec4 0, 0, 32; draw_string_vec4
    %concat/vec4; draw_string_vec4
    %pushi/vec4 0, 0, 32; draw_string_vec4
    %concat/vec4; draw_string_vec4
    %pushi/vec4 0, 0, 32; draw_string_vec4
    %concat/vec4; draw_string_vec4
    %pushi/vec4 0, 0, 32; draw_string_vec4
    %concat/vec4; draw_string_vec4
    %pushi/vec4 0, 0, 32; draw_string_vec4
    %concat/vec4; draw_string_vec4
    %pushi/vec4 0, 0, 32; draw_string_vec4
    %concat/vec4; draw_string_vec4
    %pushi/vec4 0, 0, 32; draw_string_vec4
    %concat/vec4; draw_string_vec4
    %pushi/vec4 0, 0, 32; draw_string_vec4
    %concat/vec4; draw_string_vec4
    %pushi/vec4 0, 0, 32; draw_string_vec4
    %concat/vec4; draw_string_vec4
    %pushi/vec4 0, 0, 32; draw_string_vec4
    %concat/vec4; draw_string_vec4
    %pushi/vec4 0, 0, 32; draw_string_vec4
    %concat/vec4; draw_string_vec4
    %pushi/vec4 0, 0, 32; draw_string_vec4
    %concat/vec4; draw_string_vec4
    %pushi/vec4 0, 0, 32; draw_string_vec4
    %concat/vec4; draw_string_vec4
    %pushi/vec4 0, 0, 32; draw_string_vec4
    %concat/vec4; draw_string_vec4
    %pushi/vec4 0, 0, 32; draw_string_vec4
    %concat/vec4; draw_string_vec4
    %pushi/vec4 0, 0, 32; draw_string_vec4
    %concat/vec4; draw_string_vec4
    %pushi/vec4 0, 0, 32; draw_string_vec4
    %concat/vec4; draw_string_vec4
    %pushi/vec4 0, 0, 32; draw_string_vec4
    %concat/vec4; draw_string_vec4
    %pushi/vec4 0, 0, 32; draw_string_vec4
    %concat/vec4; draw_string_vec4
    %pushi/vec4 0, 0, 32; draw_string_vec4
    %concat/vec4; draw_string_vec4
    %pushi/vec4 0, 0, 32; draw_string_vec4
    %concat/vec4; draw_string_vec4
    %pushi/vec4 0, 0, 32; draw_string_vec4
    %concat/vec4; draw_string_vec4
    %pushi/vec4 0, 0, 32; draw_string_vec4
    %concat/vec4; draw_string_vec4
    %pushi/vec4 20033, 0, 32; draw_string_vec4
    %concat/vec4; draw_string_vec4
    %pushi/vec4 1313094176, 0, 32; draw_string_vec4
    %concat/vec4; draw_string_vec4
    %pushi/vec4 1097624608, 0, 32; draw_string_vec4
    %concat/vec4; draw_string_vec4
    %pushi/vec4 1869505907, 0, 32; draw_string_vec4
    %concat/vec4; draw_string_vec4
    %store/vec4 v0x12128d0_0, 0, 1600;
    %fork TD_alu_testbench.test_operation, S_0x1212720;
    %join;
    %pushi/vec4 4, 0, 8;
    %store/vec4 v0x1212e20_0, 0, 8;
    %pushi/vec4 42405, 0, 16;
    %store/vec4 v0x1212c10_0, 0, 16;
    %pushi/vec4 0, 0, 16;
    %store/vec4 v0x1212d40_0, 0, 16;
    %pushi/vec4 0, 0, 32; draw_string_vec4
    %pushi/vec4 0, 0, 32; draw_string_vec4
    %concat/vec4; draw_string_vec4
    %pushi/vec4 0, 0, 32; draw_string_vec4
    %concat/vec4; draw_string_vec4
    %pushi/vec4 0, 0, 32; draw_string_vec4
    %concat/vec4; draw_string_vec4
    %pushi/vec4 0, 0, 32; draw_string_vec4
    %concat/vec4; draw_string_vec4
    %pushi/vec4 0, 0, 32; draw_string_vec4
    %concat/vec4; draw_string_vec4
    %pushi/vec4 0, 0, 32; draw_string_vec4
    %concat/vec4; draw_string_vec4
    %pushi/vec4 0, 0, 32; draw_string_vec4
    %concat/vec4; draw_string_vec4
    %pushi/vec4 0, 0, 32; draw_string_vec4
    %concat/vec4; draw_string_vec4
    %pushi/vec4 0, 0, 32; draw_string_vec4
    %concat/vec4; draw_string_vec4
    %pushi/vec4 0, 0, 32; draw_string_vec4
    %concat/vec4; draw_string_vec4
    %pushi/vec4 0, 0, 32; draw_string_vec4
    %concat/vec4; draw_string_vec4
    %pushi/vec4 0, 0, 32; draw_string_vec4
    %concat/vec4; draw_string_vec4
    %pushi/vec4 0, 0, 32; draw_string_vec4
    %concat/vec4; draw_string_vec4
    %pushi/vec4 0, 0, 32; draw_string_vec4
    %concat/vec4; draw_string_vec4
    %pushi/vec4 0, 0, 32; draw_string_vec4
    %concat/vec4; draw_string_vec4
    %pushi/vec4 0, 0, 32; draw_string_vec4
    %concat/vec4; draw_string_vec4
    %pushi/vec4 0, 0, 32; draw_string_vec4
    %concat/vec4; draw_string_vec4
    %pushi/vec4 0, 0, 32; draw_string_vec4
    %concat/vec4; draw_string_vec4
    %pushi/vec4 0, 0, 32; draw_string_vec4
    %concat/vec4; draw_string_vec4
    %pushi/vec4 0, 0, 32; draw_string_vec4
    %concat/vec4; draw_string_vec4
    %pushi/vec4 0, 0, 32; draw_string_vec4
    %concat/vec4; draw_string_vec4
    %pushi/vec4 0, 0, 32; draw_string_vec4
    %concat/vec4; draw_string_vec4
    %pushi/vec4 0, 0, 32; draw_string_vec4
    %concat/vec4; draw_string_vec4
    %pushi/vec4 0, 0, 32; draw_string_vec4
    %concat/vec4; draw_string_vec4
    %pushi/vec4 0, 0, 32; draw_string_vec4
    %concat/vec4; draw_string_vec4
    %pushi/vec4 0, 0, 32; draw_string_vec4
    %concat/vec4; draw_string_vec4
    %pushi/vec4 0, 0, 32; draw_string_vec4
    %concat/vec4; draw_string_vec4
    %pushi/vec4 0, 0, 32; draw_string_vec4
    %concat/vec4; draw_string_vec4
    %pushi/vec4 0, 0, 32; draw_string_vec4
    %concat/vec4; draw_string_vec4
    %pushi/vec4 0, 0, 32; draw_string_vec4
    %concat/vec4; draw_string_vec4
    %pushi/vec4 0, 0, 32; draw_string_vec4
    %concat/vec4; draw_string_vec4
    %pushi/vec4 0, 0, 32; draw_string_vec4
    %concat/vec4; draw_string_vec4
    %pushi/vec4 0, 0, 32; draw_string_vec4
    %concat/vec4; draw_string_vec4
    %pushi/vec4 0, 0, 32; draw_string_vec4
    %concat/vec4; draw_string_vec4
    %pushi/vec4 0, 0, 32; draw_string_vec4
    %concat/vec4; draw_string_vec4
    %pushi/vec4 0, 0, 32; draw_string_vec4
    %concat/vec4; draw_string_vec4
    %pushi/vec4 0, 0, 32; draw_string_vec4
    %concat/vec4; draw_string_vec4
    %pushi/vec4 0, 0, 32; draw_string_vec4
    %concat/vec4; draw_string_vec4
    %pushi/vec4 0, 0, 32; draw_string_vec4
    %concat/vec4; draw_string_vec4
    %pushi/vec4 0, 0, 32; draw_string_vec4
    %concat/vec4; draw_string_vec4
    %pushi/vec4 0, 0, 32; draw_string_vec4
    %concat/vec4; draw_string_vec4
    %pushi/vec4 0, 0, 32; draw_string_vec4
    %concat/vec4; draw_string_vec4
    %pushi/vec4 0, 0, 32; draw_string_vec4
    %concat/vec4; draw_string_vec4
    %pushi/vec4 0, 0, 32; draw_string_vec4
    %concat/vec4; draw_string_vec4
    %pushi/vec4 0, 0, 32; draw_string_vec4
    %concat/vec4; draw_string_vec4
    %pushi/vec4 20047, 0, 32; draw_string_vec4
    %concat/vec4; draw_string_vec4
    %pushi/vec4 1411399994, 0, 32; draw_string_vec4
    %concat/vec4; draw_string_vec4
    %pushi/vec4 542138740, 0, 32; draw_string_vec4
    %concat/vec4; draw_string_vec4
    %pushi/vec4 1952805486, 0, 32; draw_string_vec4
    %concat/vec4; draw_string_vec4
    %store/vec4 v0x12128d0_0, 0, 1600;
    %fork TD_alu_testbench.test_operation, S_0x1212720;
    %join;
    %pushi/vec4 5, 0, 8;
    %store/vec4 v0x1212e20_0, 0, 8;
    %pushi/vec4 0, 0, 16;
    %store/vec4 v0x1212c10_0, 0, 16;
    %pushi/vec4 42405, 0, 16;
    %store/vec4 v0x1212d40_0, 0, 16;
    %pushi/vec4 0, 0, 32; draw_string_vec4
    %pushi/vec4 0, 0, 32; draw_string_vec4
    %concat/vec4; draw_string_vec4
    %pushi/vec4 0, 0, 32; draw_string_vec4
    %concat/vec4; draw_string_vec4
    %pushi/vec4 0, 0, 32; draw_string_vec4
    %concat/vec4; draw_string_vec4
    %pushi/vec4 0, 0, 32; draw_string_vec4
    %concat/vec4; draw_string_vec4
    %pushi/vec4 0, 0, 32; draw_string_vec4
    %concat/vec4; draw_string_vec4
    %pushi/vec4 0, 0, 32; draw_string_vec4
    %concat/vec4; draw_string_vec4
    %pushi/vec4 0, 0, 32; draw_string_vec4
    %concat/vec4; draw_string_vec4
    %pushi/vec4 0, 0, 32; draw_string_vec4
    %concat/vec4; draw_string_vec4
    %pushi/vec4 0, 0, 32; draw_string_vec4
    %concat/vec4; draw_string_vec4
    %pushi/vec4 0, 0, 32; draw_string_vec4
    %concat/vec4; draw_string_vec4
    %pushi/vec4 0, 0, 32; draw_string_vec4
    %concat/vec4; draw_string_vec4
    %pushi/vec4 0, 0, 32; draw_string_vec4
    %concat/vec4; draw_string_vec4
    %pushi/vec4 0, 0, 32; draw_string_vec4
    %concat/vec4; draw_string_vec4
    %pushi/vec4 0, 0, 32; draw_string_vec4
    %concat/vec4; draw_string_vec4
    %pushi/vec4 0, 0, 32; draw_string_vec4
    %concat/vec4; draw_string_vec4
    %pushi/vec4 0, 0, 32; draw_string_vec4
    %concat/vec4; draw_string_vec4
    %pushi/vec4 0, 0, 32; draw_string_vec4
    %concat/vec4; draw_string_vec4
    %pushi/vec4 0, 0, 32; draw_string_vec4
    %concat/vec4; draw_string_vec4
    %pushi/vec4 0, 0, 32; draw_string_vec4
    %concat/vec4; draw_string_vec4
    %pushi/vec4 0, 0, 32; draw_string_vec4
    %concat/vec4; draw_string_vec4
    %pushi/vec4 0, 0, 32; draw_string_vec4
    %concat/vec4; draw_string_vec4
    %pushi/vec4 0, 0, 32; draw_string_vec4
    %concat/vec4; draw_string_vec4
    %pushi/vec4 0, 0, 32; draw_string_vec4
    %concat/vec4; draw_string_vec4
    %pushi/vec4 0, 0, 32; draw_string_vec4
    %concat/vec4; draw_string_vec4
    %pushi/vec4 0, 0, 32; draw_string_vec4
    %concat/vec4; draw_string_vec4
    %pushi/vec4 0, 0, 32; draw_string_vec4
    %concat/vec4; draw_string_vec4
    %pushi/vec4 0, 0, 32; draw_string_vec4
    %concat/vec4; draw_string_vec4
    %pushi/vec4 0, 0, 32; draw_string_vec4
    %concat/vec4; draw_string_vec4
    %pushi/vec4 0, 0, 32; draw_string_vec4
    %concat/vec4; draw_string_vec4
    %pushi/vec4 0, 0, 32; draw_string_vec4
    %concat/vec4; draw_string_vec4
    %pushi/vec4 0, 0, 32; draw_string_vec4
    %concat/vec4; draw_string_vec4
    %pushi/vec4 0, 0, 32; draw_string_vec4
    %concat/vec4; draw_string_vec4
    %pushi/vec4 0, 0, 32; draw_string_vec4
    %concat/vec4; draw_string_vec4
    %pushi/vec4 0, 0, 32; draw_string_vec4
    %concat/vec4; draw_string_vec4
    %pushi/vec4 0, 0, 32; draw_string_vec4
    %concat/vec4; draw_string_vec4
    %pushi/vec4 0, 0, 32; draw_string_vec4
    %concat/vec4; draw_string_vec4
    %pushi/vec4 0, 0, 32; draw_string_vec4
    %concat/vec4; draw_string_vec4
    %pushi/vec4 0, 0, 32; draw_string_vec4
    %concat/vec4; draw_string_vec4
    %pushi/vec4 0, 0, 32; draw_string_vec4
    %concat/vec4; draw_string_vec4
    %pushi/vec4 0, 0, 32; draw_string_vec4
    %concat/vec4; draw_string_vec4
    %pushi/vec4 0, 0, 32; draw_string_vec4
    %concat/vec4; draw_string_vec4
    %pushi/vec4 0, 0, 32; draw_string_vec4
    %concat/vec4; draw_string_vec4
    %pushi/vec4 0, 0, 32; draw_string_vec4
    %concat/vec4; draw_string_vec4
    %pushi/vec4 0, 0, 32; draw_string_vec4
    %concat/vec4; draw_string_vec4
    %pushi/vec4 0, 0, 32; draw_string_vec4
    %concat/vec4; draw_string_vec4
    %pushi/vec4 20047, 0, 32; draw_string_vec4
    %concat/vec4; draw_string_vec4
    %pushi/vec4 1411400250, 0, 32; draw_string_vec4
    %concat/vec4; draw_string_vec4
    %pushi/vec4 542138740, 0, 32; draw_string_vec4
    %concat/vec4; draw_string_vec4
    %pushi/vec4 1952805486, 0, 32; draw_string_vec4
    %concat/vec4; draw_string_vec4
    %store/vec4 v0x12128d0_0, 0, 1600;
    %fork TD_alu_testbench.test_operation, S_0x1212720;
    %join;
    %vpi_call/w 4 90 "$display", "=== REDUCTION OPERATIONS ===" {0 0 0};
    %pushi/vec4 6, 0, 8;
    %store/vec4 v0x1212e20_0, 0, 8;
    %pushi/vec4 65535, 0, 16;
    %store/vec4 v0x1212c10_0, 0, 16;
    %pushi/vec4 0, 0, 16;
    %store/vec4 v0x1212d40_0, 0, 16;
    %pushi/vec4 0, 0, 32; draw_string_vec4
    %pushi/vec4 0, 0, 32; draw_string_vec4
    %concat/vec4; draw_string_vec4
    %pushi/vec4 0, 0, 32; draw_string_vec4
    %concat/vec4; draw_string_vec4
    %pushi/vec4 0, 0, 32; draw_string_vec4
    %concat/vec4; draw_string_vec4
    %pushi/vec4 0, 0, 32; draw_string_vec4
    %concat/vec4; draw_string_vec4
    %pushi/vec4 0, 0, 32; draw_string_vec4
    %concat/vec4; draw_string_vec4
    %pushi/vec4 0, 0, 32; draw_string_vec4
    %concat/vec4; draw_string_vec4
    %pushi/vec4 0, 0, 32; draw_string_vec4
    %concat/vec4; draw_string_vec4
    %pushi/vec4 0, 0, 32; draw_string_vec4
    %concat/vec4; draw_string_vec4
    %pushi/vec4 0, 0, 32; draw_string_vec4
    %concat/vec4; draw_string_vec4
    %pushi/vec4 0, 0, 32; draw_string_vec4
    %concat/vec4; draw_string_vec4
    %pushi/vec4 0, 0, 32; draw_string_vec4
    %concat/vec4; draw_string_vec4
    %pushi/vec4 0, 0, 32; draw_string_vec4
    %concat/vec4; draw_string_vec4
    %pushi/vec4 0, 0, 32; draw_string_vec4
    %concat/vec4; draw_string_vec4
    %pushi/vec4 0, 0, 32; draw_string_vec4
    %concat/vec4; draw_string_vec4
    %pushi/vec4 0, 0, 32; draw_string_vec4
    %concat/vec4; draw_string_vec4
    %pushi/vec4 0, 0, 32; draw_string_vec4
    %concat/vec4; draw_string_vec4
    %pushi/vec4 0, 0, 32; draw_string_vec4
    %concat/vec4; draw_string_vec4
    %pushi/vec4 0, 0, 32; draw_string_vec4
    %concat/vec4; draw_string_vec4
    %pushi/vec4 0, 0, 32; draw_string_vec4
    %concat/vec4; draw_string_vec4
    %pushi/vec4 0, 0, 32; draw_string_vec4
    %concat/vec4; draw_string_vec4
    %pushi/vec4 0, 0, 32; draw_string_vec4
    %concat/vec4; draw_string_vec4
    %pushi/vec4 0, 0, 32; draw_string_vec4
    %concat/vec4; draw_string_vec4
    %pushi/vec4 0, 0, 32; draw_string_vec4
    %concat/vec4; draw_string_vec4
    %pushi/vec4 0, 0, 32; draw_string_vec4
    %concat/vec4; draw_string_vec4
    %pushi/vec4 0, 0, 32; draw_string_vec4
    %concat/vec4; draw_string_vec4
    %pushi/vec4 0, 0, 32; draw_string_vec4
    %concat/vec4; draw_string_vec4
    %pushi/vec4 0, 0, 32; draw_string_vec4
    %concat/vec4; draw_string_vec4
    %pushi/vec4 0, 0, 32; draw_string_vec4
    %concat/vec4; draw_string_vec4
    %pushi/vec4 0, 0, 32; draw_string_vec4
    %concat/vec4; draw_string_vec4
    %pushi/vec4 0, 0, 32; draw_string_vec4
    %concat/vec4; draw_string_vec4
    %pushi/vec4 0, 0, 32; draw_string_vec4
    %concat/vec4; draw_string_vec4
    %pushi/vec4 0, 0, 32; draw_string_vec4
    %concat/vec4; draw_string_vec4
    %pushi/vec4 0, 0, 32; draw_string_vec4
    %concat/vec4; draw_string_vec4
    %pushi/vec4 0, 0, 32; draw_string_vec4
    %concat/vec4; draw_string_vec4
    %pushi/vec4 0, 0, 32; draw_string_vec4
    %concat/vec4; draw_string_vec4
    %pushi/vec4 0, 0, 32; draw_string_vec4
    %concat/vec4; draw_string_vec4
    %pushi/vec4 0, 0, 32; draw_string_vec4
    %concat/vec4; draw_string_vec4
    %pushi/vec4 0, 0, 32; draw_string_vec4
    %concat/vec4; draw_string_vec4
    %pushi/vec4 0, 0, 32; draw_string_vec4
    %concat/vec4; draw_string_vec4
    %pushi/vec4 0, 0, 32; draw_string_vec4
    %concat/vec4; draw_string_vec4
    %pushi/vec4 0, 0, 32; draw_string_vec4
    %concat/vec4; draw_string_vec4
    %pushi/vec4 0, 0, 32; draw_string_vec4
    %concat/vec4; draw_string_vec4
    %pushi/vec4 0, 0, 32; draw_string_vec4
    %concat/vec4; draw_string_vec4
    %pushi/vec4 0, 0, 32; draw_string_vec4
    %concat/vec4; draw_string_vec4
    %pushi/vec4 0, 0, 32; draw_string_vec4
    %concat/vec4; draw_string_vec4
    %pushi/vec4 5391684, 0, 32; draw_string_vec4
    %concat/vec4; draw_string_vec4
    %pushi/vec4 541150788, 0, 32; draw_string_vec4
    %concat/vec4; draw_string_vec4
    %pushi/vec4 975192428, 0, 32; draw_string_vec4
    %concat/vec4; draw_string_vec4
    %pushi/vec4 1814049139, 0, 32; draw_string_vec4
    %concat/vec4; draw_string_vec4
    %store/vec4 v0x12128d0_0, 0, 1600;
    %fork TD_alu_testbench.test_operation, S_0x1212720;
    %join;
    %pushi/vec4 7, 0, 8;
    %store/vec4 v0x1212e20_0, 0, 8;
    %pushi/vec4 1, 0, 16;
    %store/vec4 v0x1212c10_0, 0, 16;
    %pushi/vec4 0, 0, 16;
    %store/vec4 v0x1212d40_0, 0, 16;
    %pushi/vec4 0, 0, 32; draw_string_vec4
    %pushi/vec4 0, 0, 32; draw_string_vec4
    %concat/vec4; draw_string_vec4
    %pushi/vec4 0, 0, 32; draw_string_vec4
    %concat/vec4; draw_string_vec4
    %pushi/vec4 0, 0, 32; draw_string_vec4
    %concat/vec4; draw_string_vec4
    %pushi/vec4 0, 0, 32; draw_string_vec4
    %concat/vec4; draw_string_vec4
    %pushi/vec4 0, 0, 32; draw_string_vec4
    %concat/vec4; draw_string_vec4
    %pushi/vec4 0, 0, 32; draw_string_vec4
    %concat/vec4; draw_string_vec4
    %pushi/vec4 0, 0, 32; draw_string_vec4
    %concat/vec4; draw_string_vec4
    %pushi/vec4 0, 0, 32; draw_string_vec4
    %concat/vec4; draw_string_vec4
    %pushi/vec4 0, 0, 32; draw_string_vec4
    %concat/vec4; draw_string_vec4
    %pushi/vec4 0, 0, 32; draw_string_vec4
    %concat/vec4; draw_string_vec4
    %pushi/vec4 0, 0, 32; draw_string_vec4
    %concat/vec4; draw_string_vec4
    %pushi/vec4 0, 0, 32; draw_string_vec4
    %concat/vec4; draw_string_vec4
    %pushi/vec4 0, 0, 32; draw_string_vec4
    %concat/vec4; draw_string_vec4
    %pushi/vec4 0, 0, 32; draw_string_vec4
    %concat/vec4; draw_string_vec4
    %pushi/vec4 0, 0, 32; draw_string_vec4
    %concat/vec4; draw_string_vec4
    %pushi/vec4 0, 0, 32; draw_string_vec4
    %concat/vec4; draw_string_vec4
    %pushi/vec4 0, 0, 32; draw_string_vec4
    %concat/vec4; draw_string_vec4
    %pushi/vec4 0, 0, 32; draw_string_vec4
    %concat/vec4; draw_string_vec4
    %pushi/vec4 0, 0, 32; draw_string_vec4
    %concat/vec4; draw_string_vec4
    %pushi/vec4 0, 0, 32; draw_string_vec4
    %concat/vec4; draw_string_vec4
    %pushi/vec4 0, 0, 32; draw_string_vec4
    %concat/vec4; draw_string_vec4
    %pushi/vec4 0, 0, 32; draw_string_vec4
    %concat/vec4; draw_string_vec4
    %pushi/vec4 0, 0, 32; draw_string_vec4
    %concat/vec4; draw_string_vec4
    %pushi/vec4 0, 0, 32; draw_string_vec4
    %concat/vec4; draw_string_vec4
    %pushi/vec4 0, 0, 32; draw_string_vec4
    %concat/vec4; draw_string_vec4
    %pushi/vec4 0, 0, 32; draw_string_vec4
    %concat/vec4; draw_string_vec4
    %pushi/vec4 0, 0, 32; draw_string_vec4
    %concat/vec4; draw_string_vec4
    %pushi/vec4 0, 0, 32; draw_string_vec4
    %concat/vec4; draw_string_vec4
    %pushi/vec4 0, 0, 32; draw_string_vec4
    %concat/vec4; draw_string_vec4
    %pushi/vec4 0, 0, 32; draw_string_vec4
    %concat/vec4; draw_string_vec4
    %pushi/vec4 0, 0, 32; draw_string_vec4
    %concat/vec4; draw_string_vec4
    %pushi/vec4 0, 0, 32; draw_string_vec4
    %concat/vec4; draw_string_vec4
    %pushi/vec4 0, 0, 32; draw_string_vec4
    %concat/vec4; draw_string_vec4
    %pushi/vec4 0, 0, 32; draw_string_vec4
    %concat/vec4; draw_string_vec4
    %pushi/vec4 0, 0, 32; draw_string_vec4
    %concat/vec4; draw_string_vec4
    %pushi/vec4 0, 0, 32; draw_string_vec4
    %concat/vec4; draw_string_vec4
    %pushi/vec4 0, 0, 32; draw_string_vec4
    %concat/vec4; draw_string_vec4
    %pushi/vec4 0, 0, 32; draw_string_vec4
    %concat/vec4; draw_string_vec4
    %pushi/vec4 0, 0, 32; draw_string_vec4
    %concat/vec4; draw_string_vec4
    %pushi/vec4 0, 0, 32; draw_string_vec4
    %concat/vec4; draw_string_vec4
    %pushi/vec4 0, 0, 32; draw_string_vec4
    %concat/vec4; draw_string_vec4
    %pushi/vec4 0, 0, 32; draw_string_vec4
    %concat/vec4; draw_string_vec4
    %pushi/vec4 0, 0, 32; draw_string_vec4
    %concat/vec4; draw_string_vec4
    %pushi/vec4 0, 0, 32; draw_string_vec4
    %concat/vec4; draw_string_vec4
    %pushi/vec4 0, 0, 32; draw_string_vec4
    %concat/vec4; draw_string_vec4
    %pushi/vec4 5391684, 0, 32; draw_string_vec4
    %concat/vec4; draw_string_vec4
    %pushi/vec4 542069306, 0, 32; draw_string_vec4
    %concat/vec4; draw_string_vec4
    %pushi/vec4 542076517, 0, 32; draw_string_vec4
    %concat/vec4; draw_string_vec4
    %pushi/vec4 543320436, 0, 32; draw_string_vec4
    %concat/vec4; draw_string_vec4
    %store/vec4 v0x12128d0_0, 0, 1600;
    %fork TD_alu_testbench.test_operation, S_0x1212720;
    %join;
    %pushi/vec4 6, 0, 8;
    %store/vec4 v0x1212e20_0, 0, 8;
    %pushi/vec4 0, 0, 16;
    %store/vec4 v0x1212c10_0, 0, 16;
    %pushi/vec4 0, 0, 16;
    %store/vec4 v0x1212d40_0, 0, 16;
    %pushi/vec4 0, 0, 32; draw_string_vec4
    %pushi/vec4 0, 0, 32; draw_string_vec4
    %concat/vec4; draw_string_vec4
    %pushi/vec4 0, 0, 32; draw_string_vec4
    %concat/vec4; draw_string_vec4
    %pushi/vec4 0, 0, 32; draw_string_vec4
    %concat/vec4; draw_string_vec4
    %pushi/vec4 0, 0, 32; draw_string_vec4
    %concat/vec4; draw_string_vec4
    %pushi/vec4 0, 0, 32; draw_string_vec4
    %concat/vec4; draw_string_vec4
    %pushi/vec4 0, 0, 32; draw_string_vec4
    %concat/vec4; draw_string_vec4
    %pushi/vec4 0, 0, 32; draw_string_vec4
    %concat/vec4; draw_string_vec4
    %pushi/vec4 0, 0, 32; draw_string_vec4
    %concat/vec4; draw_string_vec4
    %pushi/vec4 0, 0, 32; draw_string_vec4
    %concat/vec4; draw_string_vec4
    %pushi/vec4 0, 0, 32; draw_string_vec4
    %concat/vec4; draw_string_vec4
    %pushi/vec4 0, 0, 32; draw_string_vec4
    %concat/vec4; draw_string_vec4
    %pushi/vec4 0, 0, 32; draw_string_vec4
    %concat/vec4; draw_string_vec4
    %pushi/vec4 0, 0, 32; draw_string_vec4
    %concat/vec4; draw_string_vec4
    %pushi/vec4 0, 0, 32; draw_string_vec4
    %concat/vec4; draw_string_vec4
    %pushi/vec4 0, 0, 32; draw_string_vec4
    %concat/vec4; draw_string_vec4
    %pushi/vec4 0, 0, 32; draw_string_vec4
    %concat/vec4; draw_string_vec4
    %pushi/vec4 0, 0, 32; draw_string_vec4
    %concat/vec4; draw_string_vec4
    %pushi/vec4 0, 0, 32; draw_string_vec4
    %concat/vec4; draw_string_vec4
    %pushi/vec4 0, 0, 32; draw_string_vec4
    %concat/vec4; draw_string_vec4
    %pushi/vec4 0, 0, 32; draw_string_vec4
    %concat/vec4; draw_string_vec4
    %pushi/vec4 0, 0, 32; draw_string_vec4
    %concat/vec4; draw_string_vec4
    %pushi/vec4 0, 0, 32; draw_string_vec4
    %concat/vec4; draw_string_vec4
    %pushi/vec4 0, 0, 32; draw_string_vec4
    %concat/vec4; draw_string_vec4
    %pushi/vec4 0, 0, 32; draw_string_vec4
    %concat/vec4; draw_string_vec4
    %pushi/vec4 0, 0, 32; draw_string_vec4
    %concat/vec4; draw_string_vec4
    %pushi/vec4 0, 0, 32; draw_string_vec4
    %concat/vec4; draw_string_vec4
    %pushi/vec4 0, 0, 32; draw_string_vec4
    %concat/vec4; draw_string_vec4
    %pushi/vec4 0, 0, 32; draw_string_vec4
    %concat/vec4; draw_string_vec4
    %pushi/vec4 0, 0, 32; draw_string_vec4
    %concat/vec4; draw_string_vec4
    %pushi/vec4 0, 0, 32; draw_string_vec4
    %concat/vec4; draw_string_vec4
    %pushi/vec4 0, 0, 32; draw_string_vec4
    %concat/vec4; draw_string_vec4
    %pushi/vec4 0, 0, 32; draw_string_vec4
    %concat/vec4; draw_string_vec4
    %pushi/vec4 0, 0, 32; draw_string_vec4
    %concat/vec4; draw_string_vec4
    %pushi/vec4 0, 0, 32; draw_string_vec4
    %concat/vec4; draw_string_vec4
    %pushi/vec4 0, 0, 32; draw_string_vec4
    %concat/vec4; draw_string_vec4
    %pushi/vec4 0, 0, 32; draw_string_vec4
    %concat/vec4; draw_string_vec4
    %pushi/vec4 0, 0, 32; draw_string_vec4
    %concat/vec4; draw_string_vec4
    %pushi/vec4 0, 0, 32; draw_string_vec4
    %concat/vec4; draw_string_vec4
    %pushi/vec4 0, 0, 32; draw_string_vec4
    %concat/vec4; draw_string_vec4
    %pushi/vec4 0, 0, 32; draw_string_vec4
    %concat/vec4; draw_string_vec4
    %pushi/vec4 0, 0, 32; draw_string_vec4
    %concat/vec4; draw_string_vec4
    %pushi/vec4 0, 0, 32; draw_string_vec4
    %concat/vec4; draw_string_vec4
    %pushi/vec4 0, 0, 32; draw_string_vec4
    %concat/vec4; draw_string_vec4
    %pushi/vec4 0, 0, 32; draw_string_vec4
    %concat/vec4; draw_string_vec4
    %pushi/vec4 0, 0, 32; draw_string_vec4
    %concat/vec4; draw_string_vec4
    %pushi/vec4 82, 0, 32; draw_string_vec4
    %concat/vec4; draw_string_vec4
    %pushi/vec4 1162092609, 0, 32; draw_string_vec4
    %concat/vec4; draw_string_vec4
    %pushi/vec4 1313094176, 0, 32; draw_string_vec4
    %concat/vec4; draw_string_vec4
    %pushi/vec4 1516597871, 0, 32; draw_string_vec4
    %concat/vec4; draw_string_vec4
    %store/vec4 v0x12128d0_0, 0, 1600;
    %fork TD_alu_testbench.test_operation, S_0x1212720;
    %join;
    %pushi/vec4 7, 0, 8;
    %store/vec4 v0x1212e20_0, 0, 8;
    %pushi/vec4 0, 0, 16;
    %store/vec4 v0x1212c10_0, 0, 16;
    %pushi/vec4 0, 0, 16;
    %store/vec4 v0x1212d40_0, 0, 16;
    %pushi/vec4 0, 0, 32; draw_string_vec4
    %pushi/vec4 0, 0, 32; draw_string_vec4
    %concat/vec4; draw_string_vec4
    %pushi/vec4 0, 0, 32; draw_string_vec4
    %concat/vec4; draw_string_vec4
    %pushi/vec4 0, 0, 32; draw_string_vec4
    %concat/vec4; draw_string_vec4
    %pushi/vec4 0, 0, 32; draw_string_vec4
    %concat/vec4; draw_string_vec4
    %pushi/vec4 0, 0, 32; draw_string_vec4
    %concat/vec4; draw_string_vec4
    %pushi/vec4 0, 0, 32; draw_string_vec4
    %concat/vec4; draw_string_vec4
    %pushi/vec4 0, 0, 32; draw_string_vec4
    %concat/vec4; draw_string_vec4
    %pushi/vec4 0, 0, 32; draw_string_vec4
    %concat/vec4; draw_string_vec4
    %pushi/vec4 0, 0, 32; draw_string_vec4
    %concat/vec4; draw_string_vec4
    %pushi/vec4 0, 0, 32; draw_string_vec4
    %concat/vec4; draw_string_vec4
    %pushi/vec4 0, 0, 32; draw_string_vec4
    %concat/vec4; draw_string_vec4
    %pushi/vec4 0, 0, 32; draw_string_vec4
    %concat/vec4; draw_string_vec4
    %pushi/vec4 0, 0, 32; draw_string_vec4
    %concat/vec4; draw_string_vec4
    %pushi/vec4 0, 0, 32; draw_string_vec4
    %concat/vec4; draw_string_vec4
    %pushi/vec4 0, 0, 32; draw_string_vec4
    %concat/vec4; draw_string_vec4
    %pushi/vec4 0, 0, 32; draw_string_vec4
    %concat/vec4; draw_string_vec4
    %pushi/vec4 0, 0, 32; draw_string_vec4
    %concat/vec4; draw_string_vec4
    %pushi/vec4 0, 0, 32; draw_string_vec4
    %concat/vec4; draw_string_vec4
    %pushi/vec4 0, 0, 32; draw_string_vec4
    %concat/vec4; draw_string_vec4
    %pushi/vec4 0, 0, 32; draw_string_vec4
    %concat/vec4; draw_string_vec4
    %pushi/vec4 0, 0, 32; draw_string_vec4
    %concat/vec4; draw_string_vec4
    %pushi/vec4 0, 0, 32; draw_string_vec4
    %concat/vec4; draw_string_vec4
    %pushi/vec4 0, 0, 32; draw_string_vec4
    %concat/vec4; draw_string_vec4
    %pushi/vec4 0, 0, 32; draw_string_vec4
    %concat/vec4; draw_string_vec4
    %pushi/vec4 0, 0, 32; draw_string_vec4
    %concat/vec4; draw_string_vec4
    %pushi/vec4 0, 0, 32; draw_string_vec4
    %concat/vec4; draw_string_vec4
    %pushi/vec4 0, 0, 32; draw_string_vec4
    %concat/vec4; draw_string_vec4
    %pushi/vec4 0, 0, 32; draw_string_vec4
    %concat/vec4; draw_string_vec4
    %pushi/vec4 0, 0, 32; draw_string_vec4
    %concat/vec4; draw_string_vec4
    %pushi/vec4 0, 0, 32; draw_string_vec4
    %concat/vec4; draw_string_vec4
    %pushi/vec4 0, 0, 32; draw_string_vec4
    %concat/vec4; draw_string_vec4
    %pushi/vec4 0, 0, 32; draw_string_vec4
    %concat/vec4; draw_string_vec4
    %pushi/vec4 0, 0, 32; draw_string_vec4
    %concat/vec4; draw_string_vec4
    %pushi/vec4 0, 0, 32; draw_string_vec4
    %concat/vec4; draw_string_vec4
    %pushi/vec4 0, 0, 32; draw_string_vec4
    %concat/vec4; draw_string_vec4
    %pushi/vec4 0, 0, 32; draw_string_vec4
    %concat/vec4; draw_string_vec4
    %pushi/vec4 0, 0, 32; draw_string_vec4
    %concat/vec4; draw_string_vec4
    %pushi/vec4 0, 0, 32; draw_string_vec4
    %concat/vec4; draw_string_vec4
    %pushi/vec4 0, 0, 32; draw_string_vec4
    %concat/vec4; draw_string_vec4
    %pushi/vec4 0, 0, 32; draw_string_vec4
    %concat/vec4; draw_string_vec4
    %pushi/vec4 0, 0, 32; draw_string_vec4
    %concat/vec4; draw_string_vec4
    %pushi/vec4 0, 0, 32; draw_string_vec4
    %concat/vec4; draw_string_vec4
    %pushi/vec4 0, 0, 32; draw_string_vec4
    %concat/vec4; draw_string_vec4
    %pushi/vec4 0, 0, 32; draw_string_vec4
    %concat/vec4; draw_string_vec4
    %pushi/vec4 0, 0, 32; draw_string_vec4
    %concat/vec4; draw_string_vec4
    %pushi/vec4 0, 0, 32; draw_string_vec4
    %concat/vec4; draw_string_vec4
    %pushi/vec4 1380271136, 0, 32; draw_string_vec4
    %concat/vec4; draw_string_vec4
    %pushi/vec4 1330788896, 0, 32; draw_string_vec4
    %concat/vec4; draw_string_vec4
    %pushi/vec4 1516597871, 0, 32; draw_string_vec4
    %concat/vec4; draw_string_vec4
    %store/vec4 v0x12128d0_0, 0, 1600;
    %fork TD_alu_testbench.test_operation, S_0x1212720;
    %join;
    %vpi_call/w 4 102 "$display", "=== EDGE CASES ===" {0 0 0};
    %pushi/vec4 255, 0, 8;
    %store/vec4 v0x1212e20_0, 0, 8;
    %pushi/vec4 4660, 0, 16;
    %store/vec4 v0x1212c10_0, 0, 16;
    %pushi/vec4 22136, 0, 16;
    %store/vec4 v0x1212d40_0, 0, 16;
    %pushi/vec4 0, 0, 32; draw_string_vec4
    %pushi/vec4 0, 0, 32; draw_string_vec4
    %concat/vec4; draw_string_vec4
    %pushi/vec4 0, 0, 32; draw_string_vec4
    %concat/vec4; draw_string_vec4
    %pushi/vec4 0, 0, 32; draw_string_vec4
    %concat/vec4; draw_string_vec4
    %pushi/vec4 0, 0, 32; draw_string_vec4
    %concat/vec4; draw_string_vec4
    %pushi/vec4 0, 0, 32; draw_string_vec4
    %concat/vec4; draw_string_vec4
    %pushi/vec4 0, 0, 32; draw_string_vec4
    %concat/vec4; draw_string_vec4
    %pushi/vec4 0, 0, 32; draw_string_vec4
    %concat/vec4; draw_string_vec4
    %pushi/vec4 0, 0, 32; draw_string_vec4
    %concat/vec4; draw_string_vec4
    %pushi/vec4 0, 0, 32; draw_string_vec4
    %concat/vec4; draw_string_vec4
    %pushi/vec4 0, 0, 32; draw_string_vec4
    %concat/vec4; draw_string_vec4
    %pushi/vec4 0, 0, 32; draw_string_vec4
    %concat/vec4; draw_string_vec4
    %pushi/vec4 0, 0, 32; draw_string_vec4
    %concat/vec4; draw_string_vec4
    %pushi/vec4 0, 0, 32; draw_string_vec4
    %concat/vec4; draw_string_vec4
    %pushi/vec4 0, 0, 32; draw_string_vec4
    %concat/vec4; draw_string_vec4
    %pushi/vec4 0, 0, 32; draw_string_vec4
    %concat/vec4; draw_string_vec4
    %pushi/vec4 0, 0, 32; draw_string_vec4
    %concat/vec4; draw_string_vec4
    %pushi/vec4 0, 0, 32; draw_string_vec4
    %concat/vec4; draw_string_vec4
    %pushi/vec4 0, 0, 32; draw_string_vec4
    %concat/vec4; draw_string_vec4
    %pushi/vec4 0, 0, 32; draw_string_vec4
    %concat/vec4; draw_string_vec4
    %pushi/vec4 0, 0, 32; draw_string_vec4
    %concat/vec4; draw_string_vec4
    %pushi/vec4 0, 0, 32; draw_string_vec4
    %concat/vec4; draw_string_vec4
    %pushi/vec4 0, 0, 32; draw_string_vec4
    %concat/vec4; draw_string_vec4
    %pushi/vec4 0, 0, 32; draw_string_vec4
    %concat/vec4; draw_string_vec4
    %pushi/vec4 0, 0, 32; draw_string_vec4
    %concat/vec4; draw_string_vec4
    %pushi/vec4 0, 0, 32; draw_string_vec4
    %concat/vec4; draw_string_vec4
    %pushi/vec4 0, 0, 32; draw_string_vec4
    %concat/vec4; draw_string_vec4
    %pushi/vec4 0, 0, 32; draw_string_vec4
    %concat/vec4; draw_string_vec4
    %pushi/vec4 0, 0, 32; draw_string_vec4
    %concat/vec4; draw_string_vec4
    %pushi/vec4 0, 0, 32; draw_string_vec4
    %concat/vec4; draw_string_vec4
    %pushi/vec4 0, 0, 32; draw_string_vec4
    %concat/vec4; draw_string_vec4
    %pushi/vec4 0, 0, 32; draw_string_vec4
    %concat/vec4; draw_string_vec4
    %pushi/vec4 0, 0, 32; draw_string_vec4
    %concat/vec4; draw_string_vec4
    %pushi/vec4 0, 0, 32; draw_string_vec4
    %concat/vec4; draw_string_vec4
    %pushi/vec4 0, 0, 32; draw_string_vec4
    %concat/vec4; draw_string_vec4
    %pushi/vec4 0, 0, 32; draw_string_vec4
    %concat/vec4; draw_string_vec4
    %pushi/vec4 0, 0, 32; draw_string_vec4
    %concat/vec4; draw_string_vec4
    %pushi/vec4 0, 0, 32; draw_string_vec4
    %concat/vec4; draw_string_vec4
    %pushi/vec4 0, 0, 32; draw_string_vec4
    %concat/vec4; draw_string_vec4
    %pushi/vec4 0, 0, 32; draw_string_vec4
    %concat/vec4; draw_string_vec4
    %pushi/vec4 0, 0, 32; draw_string_vec4
    %concat/vec4; draw_string_vec4
    %pushi/vec4 0, 0, 32; draw_string_vec4
    %concat/vec4; draw_string_vec4
    %pushi/vec4 0, 0, 32; draw_string_vec4
    %concat/vec4; draw_string_vec4
    %pushi/vec4 0, 0, 32; draw_string_vec4
    %concat/vec4; draw_string_vec4
    %pushi/vec4 0, 0, 32; draw_string_vec4
    %concat/vec4; draw_string_vec4
    %pushi/vec4 0, 0, 32; draw_string_vec4
    %concat/vec4; draw_string_vec4
    %pushi/vec4 0, 0, 32; draw_string_vec4
    %concat/vec4; draw_string_vec4
    %pushi/vec4 21870, 0, 32; draw_string_vec4
    %concat/vec4; draw_string_vec4
    %pushi/vec4 1802399607, 0, 32; draw_string_vec4
    %concat/vec4; draw_string_vec4
    %pushi/vec4 1847611248, 0, 32; draw_string_vec4
    %concat/vec4; draw_string_vec4
    %store/vec4 v0x12128d0_0, 0, 1600;
    %fork TD_alu_testbench.test_operation, S_0x1212720;
    %join;
    %pushi/vec4 5, 0, 32;
T_7.4 %dup/vec4;
    %pushi/vec4 0, 0, 32;
    %cmp/s;
    %jmp/1xz T_7.5, 5;
    %jmp/1 T_7.5, 4;
    %pushi/vec4 1, 0, 32;
    %sub;
    %wait E_0x1211a00;
    %jmp T_7.4;
T_7.5 ;
    %pop/vec4 1;
    %vpi_call/w 4 108 "$display", "\000" {0 0 0};
    %vpi_call/w 4 109 "$display", "Testbench completed." {0 0 0};
    %vpi_call/w 4 110 "$finish" {0 0 0};
    %end;
    .thread T_7;
# The file index is used to find the file name in the following table.
:file_names 5;
    "N/A";
    "<interactive>";
    "-";
    "design.sv";
    "testbench.sv";
