[2025-06-27 19:38:47] Starting CDN cache refresh
[2025-06-27 19:38:47] Processing 53 URLs from /home/ansarimn/Downloads/essays/public/links.txt
[2025-06-27 19:38:47] Started 53 parallel requests
[2025-06-27 19:38:49] SUCCESS: https://d3isj3hu8683a4.cloudfront.net/hugo/themes/ (HTTP 200) - 2s
[2025-06-27 19:38:50] WARNING: https://d3isj3hu8683a4.cloudfront.net/military/offense/missiles-overview/cruise/naval-strike-missile/ returned HTTP  - 3s
[2025-06-27 19:38:50] WARNING: https://d3isj3hu8683a4.cloudfront.net/random/all-deception-is-fraught/ returned HTTP  - 3s
[2025-06-27 19:38:50] WARNING: https://d3isj3hu8683a4.cloudfront.net/project-management/q-solved/ returned HTTP  - 3s
[2025-06-27 19:38:50] WARNING: https://d3isj3hu8683a4.cloudfront.net/project-management/pm-refined/ returned HTTP  - 3s
[2025-06-27 19:38:50] WARNING: https://d3isj3hu8683a4.cloudfront.net/random/cms-intelligence/ returned HTTP  - 3s
[2025-06-27 19:38:51] WARNING: https://d3isj3hu8683a4.cloudfront.net/random/greedy/ returned HTTP  - 4s
[2025-06-27 19:38:51] WARNING: https://d3isj3hu8683a4.cloudfront.net/hugo/hugo-installation/ returned HTTP  - 4s
[2025-06-27 19:38:51] WARNING: https://d3isj3hu8683a4.cloudfront.net/lorem-ipsum/math-typset/ returned HTTP  - 4s
[2025-06-27 19:38:51] WARNING: https://d3isj3hu8683a4.cloudfront.net/military/strategy/iran/rules-for-thee-but-not-for-me-western-hypocrisy-with-iran-and-israel/ returned HTTP  - 4s
[2025-06-27 19:38:51] WARNING: https://d3isj3hu8683a4.cloudfront.net/military/strategy/iran/iranian-regime-change-guarantees-a-more-radical-future/ returned HTTP  - 4s
[2025-06-27 19:38:51] WARNING: https://d3isj3hu8683a4.cloudfront.net/military/strategy/a2ad/attacking-modern-a2ad-is-suicidal-and-war-of-attrition/ returned HTTP  - 4s
[2025-06-27 19:38:52] WARNING: https://d3isj3hu8683a4.cloudfront.net/military/strategy/all-deception-is-fraught/ returned HTTP  - 5s
[2025-06-27 19:38:52] WARNING: https://d3isj3hu8683a4.cloudfront.net/seo/pedantic-bickering-original/ returned HTTP  - 5s
[2025-06-27 19:38:52] WARNING: https://d3isj3hu8683a4.cloudfront.net/hugo/fixing/ returned HTTP  - 5s
[2025-06-27 19:38:52] WARNING: https://d3isj3hu8683a4.cloudfront.net/seo/pedantic-bickering-refined/ returned HTTP  - 5s
[2025-06-27 19:38:52] WARNING: https://d3isj3hu8683a4.cloudfront.net/military/platforms/army/how-mlrs-outclass-and-dominate-artillery/ returned HTTP  - 5s
[2025-06-27 19:38:52] WARNING: https://d3isj3hu8683a4.cloudfront.net/random/futile-pert/ returned HTTP  - 5s
[2025-06-27 19:38:52] WARNING: https://d3isj3hu8683a4.cloudfront.net/hugo/hugo-optimize/ returned HTTP  - 5s
[2025-06-27 19:38:52] WARNING: https://d3isj3hu8683a4.cloudfront.net/military/defense/the-categorical-immunity-of-modern-ballistic-missiles/ returned HTTP  - 5s
[2025-06-27 19:38:52] WARNING: https://d3isj3hu8683a4.cloudfront.net/random/google-dont-be-evil-political/ returned HTTP  - 5s
[2025-06-27 19:38:52] WARNING: https://d3isj3hu8683a4.cloudfront.net/military/strategy/ukraines-drone-attack-is-not-a-masterstroke/ returned HTTP  - 5s
[2025-06-27 19:38:52] WARNING: https://d3isj3hu8683a4.cloudfront.net/scratch/ returned HTTP  - 5s
[2025-06-27 19:38:52] WARNING: https://d3isj3hu8683a4.cloudfront.net/military/responses/tanks-is-not-dead-article-0/ returned HTTP  - 5s
[2025-06-27 19:38:52] WARNING: https://d3isj3hu8683a4.cloudfront.net/seo/semrush/feature-set-site-audit-essential/ returned HTTP  - 5s
[2025-06-27 19:38:52] WARNING: https://d3isj3hu8683a4.cloudfront.net/military/platforms/army/trophy-aps-assymmetric-disadvantage/ returned HTTP  - 5s
[2025-06-27 19:38:52] WARNING: https://d3isj3hu8683a4.cloudfront.net/pdc/pdc-oral-q/ returned HTTP  - 5s
[2025-06-27 19:38:53] WARNING: https://d3isj3hu8683a4.cloudfront.net/random/partition-aware-design-of-distributed-databases-is-not-optional/ returned HTTP  - 6s
[2025-06-27 19:38:53] WARNING: https://d3isj3hu8683a4.cloudfront.net/military/offense/missiles-overview/cruise/taurus-kepd-350/ returned HTTP  - 6s
[2025-06-27 19:38:53] WARNING: https://d3isj3hu8683a4.cloudfront.net/random/best-protein-sources-overview/ returned HTTP  - 6s
[2025-06-27 19:38:53] WARNING: https://d3isj3hu8683a4.cloudfront.net/random/microsofts-extortion/ returned HTTP  - 6s
[2025-06-27 19:38:53] WARNING: https://d3isj3hu8683a4.cloudfront.net/military/platforms/army/tank-evolving-calculus/ returned HTTP  - 6s
[2025-06-27 19:38:53] WARNING: https://d3isj3hu8683a4.cloudfront.net/military/offense/missiles-technology/liquid-fuel-is-untenable-for-ballistic-missiles/ returned HTTP  - 6s
[2025-06-27 19:38:53] WARNING: https://d3isj3hu8683a4.cloudfront.net/ideas/military/ returned HTTP  - 6s
[2025-06-27 19:38:53] WARNING: https://d3isj3hu8683a4.cloudfront.net/seo/seo-reference-guide/ returned HTTP  - 6s
[2025-06-27 19:38:53] WARNING: https://d3isj3hu8683a4.cloudfront.net/military/offense/missiles-overview/cruise/agm-158/ returned HTTP  - 6s
[2025-06-27 19:38:53] WARNING: https://d3isj3hu8683a4.cloudfront.net/military/offense/missiles-technology/active-radar-homing-is-exceptional/ returned HTTP  - 6s
[2025-06-27 19:38:53] WARNING: https://d3isj3hu8683a4.cloudfront.net/military/offense/missiles-overview/cruise/storm-shadow-scalp-eg/ returned HTTP  - 6s
[2025-06-27 19:38:53] WARNING: https://d3isj3hu8683a4.cloudfront.net/military/responses/tanks-is-not-dead-article-2/ returned HTTP  - 6s
[2025-06-27 19:38:53] WARNING: https://d3isj3hu8683a4.cloudfront.net/military/defense/the-strategic-immunity-of-stealth-cruise-missiles/ returned HTTP  - 6s
[2025-06-27 19:38:53] WARNING: https://d3isj3hu8683a4.cloudfront.net/seo/semrush/feature-set-site-audit-complete/ returned HTTP  - 6s
[2025-06-27 19:38:53] WARNING: https://d3isj3hu8683a4.cloudfront.net/random/google-dont-be-evil/ returned HTTP  - 6s
[2025-06-27 19:38:53] WARNING: https://d3isj3hu8683a4.cloudfront.net/military/responses/tanks-is-not-dead-article-1/ returned HTTP  - 6s
[2025-06-27 19:38:53] WARNING: https://d3isj3hu8683a4.cloudfront.net/lorem-ipsum/markdown/ returned HTTP  - 6s
[2025-06-27 19:38:53] WARNING: https://d3isj3hu8683a4.cloudfront.net/project-management/solved-questions-v2/ returned HTTP  - 6s
[2025-06-27 19:38:53] WARNING: https://d3isj3hu8683a4.cloudfront.net/hugo/hugo-cloudfront-superpower/ returned HTTP  - 6s
[2025-06-27 19:38:53] WARNING: https://d3isj3hu8683a4.cloudfront.net/military/strategy/multi-domain-combined-arms-utopia-delusion-arrogance/ returned HTTP  - 6s
[2025-06-27 19:38:53] WARNING: https://d3isj3hu8683a4.cloudfront.net/military/strategy/modern-amphibious-ops/ returned HTTP  - 6s
[2025-06-27 19:38:54] WARNING: https://d3isj3hu8683a4.cloudfront.net/military/strategy/a2ad/submarines-are-the-apex-predators-of-the-oceans-and-the-apex-of-a2ad/ returned HTTP  - 7s
[2025-06-27 19:38:54] WARNING: https://d3isj3hu8683a4.cloudfront.net/military/strategy/iran/us-effectively-installed-the-current-iranian-regime/ returned HTTP  - 7s
[2025-06-27 19:38:54] WARNING: https://d3isj3hu8683a4.cloudfront.net/random/limitations-of-ml-and-data-science/ returned HTTP  - 7s
[2025-06-27 19:38:54] WARNING: https://d3isj3hu8683a4.cloudfront.net/military/offense/missiles-technology/missile-terminal-guidance-overview/ returned HTTP  - 7s
[2025-06-27 19:38:55] WARNING: https://d3isj3hu8683a4.cloudfront.net/project-management/project-management-notes/ returned HTTP  - 8s
[2025-06-27 19:38:55] Completed processing 53 URLs
[2025-06-28 16:51:53] Starting CDN cache refresh
[2025-06-28 16:51:53] Processing 53 URLs from /home/ansarimn/Downloads/essays/public/links.txt
[2025-06-28 16:51:54] Started 53 parallel requests
[2025-06-28 16:51:55] SUCCESS: https://d3isj3hu8683a4.cloudfront.net/random/greedy/ (HTTP 200) - 1s
[2025-06-28 16:51:56] SUCCESS: https://d3isj3hu8683a4.cloudfront.net/project-management/q-solved/ (HTTP 301) - 2s
[2025-06-28 16:51:56] SUCCESS: https://d3isj3hu8683a4.cloudfront.net/project-management/pm-refined/ (HTTP 301) - 2s
[2025-06-28 16:51:56] SUCCESS: https://d3isj3hu8683a4.cloudfront.net/military/strategy/all-deception-is-fraught/ (HTTP 200) - 2s
[2025-06-28 16:51:56] SUCCESS: https://d3isj3hu8683a4.cloudfront.net/military/defense/the-categorical-immunity-of-modern-ballistic-missiles/ (HTTP 200) - 3s
[2025-06-28 16:51:56] SUCCESS: https://d3isj3hu8683a4.cloudfront.net/random/best-protein-sources-overview/ (HTTP 200) - 2s
[2025-06-28 16:51:56] SUCCESS: https://d3isj3hu8683a4.cloudfront.net/military/offense/missiles-technology/liquid-fuel-is-untenable-for-ballistic-missiles/ (HTTP 200) - 3s
[2025-06-28 16:51:56] SUCCESS: https://d3isj3hu8683a4.cloudfront.net/military/defense/the-strategic-immunity-of-stealth-cruise-missiles/ (HTTP 200) - 3s
[2025-06-28 16:51:56] SUCCESS: https://d3isj3hu8683a4.cloudfront.net/military/platforms/army/trophy-aps-assymmetric-disadvantage/ (HTTP 200) - 2s
[2025-06-28 16:51:56] SUCCESS: https://d3isj3hu8683a4.cloudfront.net/military/responses/tanks-is-not-dead-article-0/ (HTTP 200) - 2s
[2025-06-28 16:51:56] SUCCESS: https://d3isj3hu8683a4.cloudfront.net/military/strategy/iran/us-effectively-installed-the-current-iranian-regime/ (HTTP 200) - 3s
[2025-06-28 16:51:56] SUCCESS: https://d3isj3hu8683a4.cloudfront.net/military/responses/tanks-is-not-dead-article-2/ (HTTP 200) - 2s
[2025-06-28 16:51:56] SUCCESS: https://d3isj3hu8683a4.cloudfront.net/military/strategy/multi-domain-combined-arms-utopia-delusion-arrogance/ (HTTP 200) - 2s
[2025-06-28 16:51:56] SUCCESS: https://d3isj3hu8683a4.cloudfront.net/random/cms-intelligence/ (HTTP 200) - 2s
[2025-06-28 16:51:56] SUCCESS: https://d3isj3hu8683a4.cloudfront.net/military/strategy/ukraines-drone-attack-is-not-a-masterstroke/ (HTTP 200) - 2s
[2025-06-28 16:51:56] SUCCESS: https://d3isj3hu8683a4.cloudfront.net/military/platforms/army/tank-evolving-calculus/ (HTTP 200) - 2s
[2025-06-28 16:51:56] SUCCESS: https://d3isj3hu8683a4.cloudfront.net/seo/semrush/feature-set-site-audit-complete/ (HTTP 200) - 2s
[2025-06-28 16:51:56] SUCCESS: https://d3isj3hu8683a4.cloudfront.net/military/strategy/modern-amphibious-ops/ (HTTP 200) - 2s
[2025-06-28 16:51:56] SUCCESS: https://d3isj3hu8683a4.cloudfront.net/hugo/hugo-installation/ (HTTP 200) - 2s
[2025-06-28 16:51:56] SUCCESS: https://d3isj3hu8683a4.cloudfront.net/lorem-ipsum/math-typset/ (HTTP 200) - 2s
[2025-06-28 16:51:56] SUCCESS: https://d3isj3hu8683a4.cloudfront.net/military/offense/missiles-overview/cruise/taurus-kepd-350/ (HTTP 200) - 3s
[2025-06-28 16:51:56] SUCCESS: https://d3isj3hu8683a4.cloudfront.net/random/all-deception-is-fraught/ (HTTP 200) - 2s
[2025-06-28 16:51:56] SUCCESS: https://d3isj3hu8683a4.cloudfront.net/random/partition-aware-design-of-distributed-databases-is-not-optional/ (HTTP 200) - 2s
[2025-06-28 16:51:56] SUCCESS: https://d3isj3hu8683a4.cloudfront.net/military/offense/missiles-overview/cruise/agm-158/ (HTTP 200) - 3s
[2025-06-28 16:51:56] SUCCESS: https://d3isj3hu8683a4.cloudfront.net/random/futile-pert/ (HTTP 200) - 2s
[2025-06-28 16:51:56] SUCCESS: https://d3isj3hu8683a4.cloudfront.net/seo/pedantic-bickering-original/ (HTTP 200) - 2s
[2025-06-28 16:51:56] SUCCESS: https://d3isj3hu8683a4.cloudfront.net/military/responses/tanks-is-not-dead-article-1/ (HTTP 200) - 2s
[2025-06-28 16:51:56] SUCCESS: https://d3isj3hu8683a4.cloudfront.net/seo/semrush/feature-set-site-audit-essential/ (HTTP 200) - 2s
[2025-06-28 16:51:56] SUCCESS: https://d3isj3hu8683a4.cloudfront.net/military/offense/missiles-technology/active-radar-homing-is-exceptional/ (HTTP 200) - 2s
[2025-06-28 16:51:57] SUCCESS: https://d3isj3hu8683a4.cloudfront.net/military/strategy/iran/iranian-regime-change-guarantees-a-more-radical-future/ (HTTP 200) - 4s
[2025-06-28 16:51:57] SUCCESS: https://d3isj3hu8683a4.cloudfront.net/random/microsofts-extortion/ (HTTP 200) - 3s
[2025-06-28 16:51:57] SUCCESS: https://d3isj3hu8683a4.cloudfront.net/military/strategy/a2ad/submarines-are-the-apex-predators-of-the-oceans-and-the-apex-of-a2ad/ (HTTP 200) - 4s
[2025-06-28 16:51:57] SUCCESS: https://d3isj3hu8683a4.cloudfront.net/hugo/hugo-optimize/ (HTTP 200) - 3s
[2025-06-28 16:51:57] SUCCESS: https://d3isj3hu8683a4.cloudfront.net/military/platforms/army/how-mlrs-outclass-and-dominate-artillery/ (HTTP 200) - 4s
[2025-06-28 16:51:57] SUCCESS: https://d3isj3hu8683a4.cloudfront.net/hugo/themes/ (HTTP 200) - 4s
[2025-06-28 16:51:57] SUCCESS: https://d3isj3hu8683a4.cloudfront.net/seo/pedantic-bickering-refined/ (HTTP 200) - 3s
[2025-06-28 16:51:57] SUCCESS: https://d3isj3hu8683a4.cloudfront.net/hugo/hugo-cloudfront-superpower/ (HTTP 200) - 3s
[2025-06-28 16:51:57] SUCCESS: https://d3isj3hu8683a4.cloudfront.net/ideas/military/ (HTTP 200) - 3s
[2025-06-28 16:51:57] SUCCESS: https://d3isj3hu8683a4.cloudfront.net/military/offense/missiles-overview/cruise/naval-strike-missile/ (HTTP 200) - 3s
[2025-06-28 16:51:57] SUCCESS: https://d3isj3hu8683a4.cloudfront.net/military/strategy/a2ad/attacking-modern-a2ad-is-suicidal-and-war-of-attrition/ (HTTP 200) - 3s
[2025-06-28 16:51:57] SUCCESS: https://d3isj3hu8683a4.cloudfront.net/random/limitations-of-ml-and-data-science/ (HTTP 200) - 3s
[2025-06-28 16:51:57] SUCCESS: https://d3isj3hu8683a4.cloudfront.net/random/google-dont-be-evil-political/ (HTTP 200) - 3s
[2025-06-28 16:51:57] SUCCESS: https://d3isj3hu8683a4.cloudfront.net/military/strategy/iran/rules-for-thee-but-not-for-me-western-hypocrisy-with-iran-and-israel/ (HTTP 200) - 4s
[2025-06-28 16:51:57] SUCCESS: https://d3isj3hu8683a4.cloudfront.net/military/offense/missiles-overview/cruise/storm-shadow-scalp-eg/ (HTTP 200) - 4s
[2025-06-28 16:51:57] SUCCESS: https://d3isj3hu8683a4.cloudfront.net/hugo/fixing/ (HTTP 200) - 3s
[2025-06-28 16:51:57] SUCCESS: https://d3isj3hu8683a4.cloudfront.net/seo/seo-reference-guide/ (HTTP 200) - 3s
[2025-06-28 16:51:57] SUCCESS: https://d3isj3hu8683a4.cloudfront.net/pdc/pdc-oral-q/ (HTTP 200) - 3s
[2025-06-28 16:51:57] SUCCESS: https://d3isj3hu8683a4.cloudfront.net/military/offense/missiles-technology/missile-terminal-guidance-overview/ (HTTP 200) - 3s
[2025-06-28 16:51:57] SUCCESS: https://d3isj3hu8683a4.cloudfront.net/scratch/ (HTTP 200) - 3s
[2025-06-28 16:51:57] SUCCESS: https://d3isj3hu8683a4.cloudfront.net/lorem-ipsum/markdown/ (HTTP 200) - 4s
[2025-06-28 16:51:57] SUCCESS: https://d3isj3hu8683a4.cloudfront.net/project-management/solved-questions-v2/ (HTTP 200) - 3s
[2025-06-28 16:51:57] SUCCESS: https://d3isj3hu8683a4.cloudfront.net/project-management/project-management-notes/ (HTTP 200) - 3s
[2025-06-28 16:51:57] SUCCESS: https://d3isj3hu8683a4.cloudfront.net/random/google-dont-be-evil/ (HTTP 200) - 3s
[2025-06-28 16:51:57] Completed processing 53 URLs
[2025-06-28 17:00:13] Starting CDN cache refresh
[2025-06-28 17:00:13] Processing 55 URLs from /home/ansarimn/Downloads/essays/public/links.txt
[2025-06-28 17:00:13] Started 55 parallel requests
[2025-06-28 17:00:14] SUCCESS: https://d3isj3hu8683a4.cloudfront.net/hugo/themes/ (HTTP 200) - 1s
[2025-06-28 17:00:14] SUCCESS: https://d3isj3hu8683a4.cloudfront.net/military/offense/missiles-overview/cruise/naval-strike-missile/ (HTTP 200) - 1s
[2025-06-28 17:00:14] SUCCESS: https://d3isj3hu8683a4.cloudfront.net/military/defense/the-categorical-immunity-of-modern-ballistic-missiles/ (HTTP 200) - 1s
[2025-06-28 17:00:15] SUCCESS: https://d3isj3hu8683a4.cloudfront.net/military/offense/missiles-overview/cruise/agm-158/ (HTTP 200) - 2s
[2025-06-28 17:00:15] SUCCESS: https://d3isj3hu8683a4.cloudfront.net/military/offense/missiles-overview/cruise/storm-shadow-scalp-eg/ (HTTP 200) - 2s
[2025-06-28 17:00:15] SUCCESS: https://d3isj3hu8683a4.cloudfront.net/military/strategy/a2ad/attacking-modern-a2ad-is-suicidal-and-war-of-attrition/ (HTTP 200) - 2s
[2025-06-28 17:00:15] SUCCESS: https://d3isj3hu8683a4.cloudfront.net/military/offense/missiles-overview/cruise/taurus-kepd-350/ (HTTP 200) - 2s
[2025-06-28 17:00:15] SUCCESS: https://d3isj3hu8683a4.cloudfront.net/military/strategy/iran/iranian-regime-change-guarantees-a-more-radical-future/ (HTTP 200) - 2s
[2025-06-28 17:00:15] SUCCESS: https://d3isj3hu8683a4.cloudfront.net/military/strategy/iran/us-effectively-installed-the-current-iranian-regime/ (HTTP 200) - 2s
[2025-06-28 17:00:15] SUCCESS: https://d3isj3hu8683a4.cloudfront.net/military/offense/missiles-technology/liquid-fuel-is-untenable-for-ballistic-missiles/ (HTTP 200) - 2s
[2025-06-28 17:00:15] SUCCESS: https://d3isj3hu8683a4.cloudfront.net/random/best-protein-sources-overview/ (HTTP 200) - 2s
[2025-06-28 17:00:15] SUCCESS: https://d3isj3hu8683a4.cloudfront.net/military/strategy/multi-domain-combined-arms-utopia-delusion-arrogance/ (HTTP 200) - 2s
[2025-06-28 17:00:15] SUCCESS: https://d3isj3hu8683a4.cloudfront.net/military/strategy/all-deception-is-fraught/ (HTTP 200) - 2s
[2025-06-28 17:00:15] SUCCESS: https://d3isj3hu8683a4.cloudfront.net/military/responses/tanks-is-not-dead-article-1/ (HTTP 200) - 2s
[2025-06-28 17:00:15] SUCCESS: https://d3isj3hu8683a4.cloudfront.net/military/defense/the-strategic-immunity-of-stealth-cruise-missiles/ (HTTP 200) - 2s
[2025-06-28 17:00:16] SUCCESS: https://d3isj3hu8683a4.cloudfront.net/military/platforms/army/trophy-aps-assymmetric-disadvantage/ (HTTP 200) - 3s
[2025-06-28 17:00:16] SUCCESS: https://d3isj3hu8683a4.cloudfront.net/military/responses/tanks-is-not-dead-article-2/ (HTTP 200) - 3s
[2025-06-28 17:00:16] SUCCESS: https://d3isj3hu8683a4.cloudfront.net/military/strategy/modern-amphibious-ops/ (HTTP 200) - 3s
[2025-06-28 17:00:16] SUCCESS: https://d3isj3hu8683a4.cloudfront.net/random/partition-aware-design-of-distributed-databases-is-not-optional/ (HTTP 200) - 3s
[2025-06-28 17:00:16] SUCCESS: https://d3isj3hu8683a4.cloudfront.net/military/platforms/army/tank-evolving-calculus/ (HTTP 200) - 3s
[2025-06-28 17:00:16] SUCCESS: https://d3isj3hu8683a4.cloudfront.net/ideas/military/ (HTTP 200) - 3s
[2025-06-28 17:00:16] SUCCESS: https://d3isj3hu8683a4.cloudfront.net/project-management/pm-refined/ (HTTP 301) - 3s
[2025-06-28 17:00:16] SUCCESS: https://d3isj3hu8683a4.cloudfront.net/random/google-dont-be-evil-political/ (HTTP 200) - 3s
[2025-06-28 17:00:16] SUCCESS: https://d3isj3hu8683a4.cloudfront.net/seo/semrush/feature-set-site-audit-complete/ (HTTP 200) - 3s
[2025-06-28 17:00:16] SUCCESS: https://d3isj3hu8683a4.cloudfront.net/seo/semrush/feature-set-site-audit-essential/ (HTTP 200) - 3s
[2025-06-28 17:00:16] SUCCESS: https://d3isj3hu8683a4.cloudfront.net/military/strategy/ukraines-drone-attack-is-not-a-masterstroke/ (HTTP 200) - 3s
[2025-06-28 17:00:16] SUCCESS: https://d3isj3hu8683a4.cloudfront.net/hugo/hugo-optimize/ (HTTP 200) - 3s
[2025-06-28 17:00:16] SUCCESS: https://d3isj3hu8683a4.cloudfront.net/hugo/hugo-installation/ (HTTP 200) - 3s
[2025-06-28 17:00:16] SUCCESS: https://d3isj3hu8683a4.cloudfront.net/scratch/ (HTTP 200) - 3s
[2025-06-28 17:00:16] SUCCESS: https://d3isj3hu8683a4.cloudfront.net/lorem-ipsum/math-typset/ (HTTP 200) - 3s
[2025-06-28 17:00:16] SUCCESS: https://d3isj3hu8683a4.cloudfront.net/hugo/fixing/ (HTTP 200) - 3s
[2025-06-28 17:00:16] SUCCESS: https://d3isj3hu8683a4.cloudfront.net/project-management/q-solved/ (HTTP 301) - 3s
[2025-06-28 17:00:16] SUCCESS: https://d3isj3hu8683a4.cloudfront.net/military/platforms/army/how-mlrs-outclass-and-dominate-artillery/ (HTTP 200) - 3s
[2025-06-28 17:00:16] SUCCESS: https://d3isj3hu8683a4.cloudfront.net/military/strategy/iran/rules-for-thee-but-not-for-me-western-hypocrisy-with-iran-and-israel/ (HTTP 200) - 3s
[2025-06-28 17:00:16] SUCCESS: https://d3isj3hu8683a4.cloudfront.net/military/offense/missiles-technology/active-radar-homing-is-exceptional/ (HTTP 200) - 3s
[2025-06-28 17:00:16] SUCCESS: https://d3isj3hu8683a4.cloudfront.net/random/microsofts-extortion/ (HTTP 200) - 3s
[2025-06-28 17:00:16] SUCCESS: https://d3isj3hu8683a4.cloudfront.net/military/offense/exhaustive-classification-of-all-ammunition/ (HTTP 200) - 3s
[2025-06-28 17:00:16] SUCCESS: https://d3isj3hu8683a4.cloudfront.net/military/responses/tanks-is-not-dead-article-0/ (HTTP 200) - 3s
[2025-06-28 17:00:16] SUCCESS: https://d3isj3hu8683a4.cloudfront.net/seo/pedantic-bickering-refined/ (HTTP 200) - 3s
[2025-06-28 17:00:16] SUCCESS: https://d3isj3hu8683a4.cloudfront.net/military/offense/50-cal-ammunition-overview/ (HTTP 200) - 3s
[2025-06-28 17:00:16] SUCCESS: https://d3isj3hu8683a4.cloudfront.net/seo/pedantic-bickering-original/ (HTTP 200) - 3s
[2025-06-28 17:00:16] SUCCESS: https://d3isj3hu8683a4.cloudfront.net/random/greedy/ (HTTP 200) - 3s
[2025-06-28 17:00:16] SUCCESS: https://d3isj3hu8683a4.cloudfront.net/hugo/hugo-cloudfront-superpower/ (HTTP 200) - 3s
[2025-06-28 17:00:16] SUCCESS: https://d3isj3hu8683a4.cloudfront.net/random/limitations-of-ml-and-data-science/ (HTTP 200) - 3s
[2025-06-28 17:00:16] SUCCESS: https://d3isj3hu8683a4.cloudfront.net/military/offense/missiles-technology/missile-terminal-guidance-overview/ (HTTP 200) - 3s
[2025-06-28 17:00:16] SUCCESS: https://d3isj3hu8683a4.cloudfront.net/random/google-dont-be-evil/ (HTTP 200) - 3s
[2025-06-28 17:00:17] SUCCESS: https://d3isj3hu8683a4.cloudfront.net/pdc/pdc-oral-q/ (HTTP 200) - 4s
[2025-06-28 17:00:17] SUCCESS: https://d3isj3hu8683a4.cloudfront.net/lorem-ipsum/markdown/ (HTTP 200) - 4s
[2025-06-28 17:00:17] SUCCESS: https://d3isj3hu8683a4.cloudfront.net/seo/seo-reference-guide/ (HTTP 200) - 4s
[2025-06-28 17:00:17] SUCCESS: https://d3isj3hu8683a4.cloudfront.net/project-management/project-management-notes/ (HTTP 200) - 4s
[2025-06-28 17:00:17] SUCCESS: https://d3isj3hu8683a4.cloudfront.net/project-management/solved-questions-v2/ (HTTP 200) - 4s
[2025-06-28 17:00:18] SUCCESS: https://d3isj3hu8683a4.cloudfront.net/random/all-deception-is-fraught/ (HTTP 200) - 5s
[2025-06-28 17:00:18] SUCCESS: https://d3isj3hu8683a4.cloudfront.net/random/cms-intelligence/ (HTTP 200) - 5s
[2025-06-28 17:00:19] SUCCESS: https://d3isj3hu8683a4.cloudfront.net/random/futile-pert/ (HTTP 200) - 6s
[2025-06-28 17:00:19] SUCCESS: https://d3isj3hu8683a4.cloudfront.net/military/strategy/a2ad/submarines-are-the-apex-predators-of-the-oceans-and-the-apex-of-a2ad/ (HTTP 200) - 6s
[2025-06-28 17:00:19] Completed processing 55 URLs
[2025-06-29 19:54:51] Starting CDN cache refresh
[2025-06-29 19:54:51] Processing 59 URLs from /home/ansarimn/Downloads/essays/public/links.txt
[2025-06-29 19:54:52] Started 59 parallel requests
[2025-06-29 19:54:56] SUCCESS: https://d3isj3hu8683a4.cloudfront.net/hugo/themes/ (HTTP 200) - 5s
[2025-06-29 19:54:56] SUCCESS: https://d3isj3hu8683a4.cloudfront.net/military/offense/missiles-overview/cruise/naval-strike-missile/ (HTTP 200) - 5s
[2025-06-29 19:54:56] SUCCESS: https://d3isj3hu8683a4.cloudfront.net/hugo/hugo-installation/ (HTTP 200) - 4s
[2025-06-29 19:54:57] SUCCESS: https://d3isj3hu8683a4.cloudfront.net/random/partition-aware-design-of-distributed-databases-is-not-optional/ (HTTP 200) - 6s
[2025-06-29 19:54:57] SUCCESS: https://d3isj3hu8683a4.cloudfront.net/random/futile-pert/ (HTTP 200) - 5s
[2025-06-29 19:54:57] SUCCESS: https://d3isj3hu8683a4.cloudfront.net/military/platforms/airforce/helicopters-are-heavily-technically-compromised/ (HTTP 200) - 6s
[2025-06-29 19:54:57] SUCCESS: https://d3isj3hu8683a4.cloudfront.net/military/offense/missiles-overview/cruise/storm-shadow-scalp-eg/ (HTTP 200) - 6s
[2025-06-29 19:54:57] SUCCESS: https://d3isj3hu8683a4.cloudfront.net/military/strategy/a2ad/attacking-modern-a2ad-is-suicidal-and-war-of-attrition/ (HTTP 200) - 6s
[2025-06-29 19:54:57] SUCCESS: https://d3isj3hu8683a4.cloudfront.net/military/strategy/modern-amphibious-ops/ (HTTP 200) - 6s
[2025-06-29 19:54:57] SUCCESS: https://d3isj3hu8683a4.cloudfront.net/scratch/ (HTTP 200) - 5s
[2025-06-29 19:54:57] SUCCESS: https://d3isj3hu8683a4.cloudfront.net/lorem-ipsum/math-typset/ (HTTP 200) - 5s
[2025-06-29 19:54:58] SUCCESS: https://d3isj3hu8683a4.cloudfront.net/seo/pedantic-bickering-original/ (HTTP 200) - 6s
[2025-06-29 19:54:58] SUCCESS: https://d3isj3hu8683a4.cloudfront.net/military/responses/tanks-is-not-dead-article-2/ (HTTP 200) - 7s
[2025-06-29 19:54:58] SUCCESS: https://d3isj3hu8683a4.cloudfront.net/military/strategy/ukraines-drone-attack-is-not-a-masterstroke/ (HTTP 200) - 7s
[2025-06-29 19:54:58] SUCCESS: https://d3isj3hu8683a4.cloudfront.net/pdc/pdc-oral-q/ (HTTP 200) - 6s
[2025-06-29 19:54:58] SUCCESS: https://d3isj3hu8683a4.cloudfront.net/military/offense/missiles-overview/cruise/agm-158/ (HTTP 200) - 7s
[2025-06-29 19:54:58] SUCCESS: https://d3isj3hu8683a4.cloudfront.net/project-management/q-solved/ (HTTP 301) - 6s
[2025-06-29 19:54:58] SUCCESS: https://d3isj3hu8683a4.cloudfront.net/random/all-deception-is-fraught/ (HTTP 200) - 6s
[2025-06-29 19:54:58] SUCCESS: https://d3isj3hu8683a4.cloudfront.net/random/best-protein-sources-overview/ (HTTP 200) - 6s
[2025-06-29 19:54:58] SUCCESS: https://d3isj3hu8683a4.cloudfront.net/military/offense/missiles-technology/active-radar-homing-is-exceptional/ (HTTP 200) - 7s
[2025-06-29 19:54:58] SUCCESS: https://d3isj3hu8683a4.cloudfront.net/military/platforms/army/how-mlrs-outclass-and-dominate-artillery/ (HTTP 200) - 7s
[2025-06-29 19:54:58] SUCCESS: https://d3isj3hu8683a4.cloudfront.net/military/platforms/navy/naval-guns-are-good/ (HTTP 200) - 7s
[2025-06-29 19:54:58] SUCCESS: https://d3isj3hu8683a4.cloudfront.net/hugo/hugo-cloudfront-superpower/ (HTTP 200) - 6s
[2025-06-29 19:54:58] SUCCESS: https://d3isj3hu8683a4.cloudfront.net/military/offense/50-cal-ammunition-overview/ (HTTP 200) - 7s
[2025-06-29 19:54:58] SUCCESS: https://d3isj3hu8683a4.cloudfront.net/military/platforms/army/tank-evolving-calculus/ (HTTP 200) - 7s
[2025-06-29 19:54:58] SUCCESS: https://d3isj3hu8683a4.cloudfront.net/ideas/military/ (HTTP 200) - 6s
[2025-06-29 19:54:58] SUCCESS: https://d3isj3hu8683a4.cloudfront.net/military/strategy/iran/iranian-regime-change-guarantees-a-more-radical-future/ (HTTP 200) - 7s
[2025-06-29 19:54:59] SUCCESS: https://d3isj3hu8683a4.cloudfront.net/military/offense/missiles-overview/cruise/taurus-kepd-350/ (HTTP 200) - 8s
[2025-06-29 19:54:59] SUCCESS: https://d3isj3hu8683a4.cloudfront.net/military/defense/the-categorical-immunity-of-modern-ballistic-missiles/ (HTTP 200) - 8s
[2025-06-29 19:54:59] SUCCESS: https://d3isj3hu8683a4.cloudfront.net/military/strategy/iran/rules-for-thee-but-not-for-me-western-hypocrisy-with-iran-and-israel/ (HTTP 200) - 8s
[2025-06-29 19:54:59] SUCCESS: https://d3isj3hu8683a4.cloudfront.net/military/platforms/navy/zumwalt-is-misguided-paradoxical-and-not-asymmetric/ (HTTP 200) - 8s
[2025-06-29 19:54:59] SUCCESS: https://d3isj3hu8683a4.cloudfront.net/military/responses/tanks-is-not-dead-article-1/ (HTTP 200) - 8s
[2025-06-29 19:54:59] SUCCESS: https://d3isj3hu8683a4.cloudfront.net/random/greedy/ (HTTP 200) - 7s
[2025-06-29 19:55:00] SUCCESS: https://d3isj3hu8683a4.cloudfront.net/military/strategy/iran/us-effectively-installed-the-current-iranian-regime/ (HTTP 200) - 9s
[2025-06-29 19:55:00] SUCCESS: https://d3isj3hu8683a4.cloudfront.net/project-management/pm-refined/ (HTTP 301) - 8s
[2025-06-29 19:55:00] SUCCESS: https://d3isj3hu8683a4.cloudfront.net/military/platforms/army/trophy-aps-assymmetric-disadvantage/ (HTTP 200) - 8s
[2025-06-29 19:55:00] SUCCESS: https://d3isj3hu8683a4.cloudfront.net/military/offense/missiles-technology/missile-terminal-guidance-overview/ (HTTP 200) - 9s
[2025-06-29 19:55:01] WARNING: https://d3isj3hu8683a4.cloudfront.net/military/offense/exhaustive-classification-of-all-ammunition/ returned HTTP 000 - 10s
[2025-06-29 19:55:01] WARNING: https://d3isj3hu8683a4.cloudfront.net/military/offense/missiles-technology/liquid-fuel-is-untenable-for-ballistic-missiles/ returned HTTP 000 - 10s
[2025-06-29 19:55:01] WARNING: https://d3isj3hu8683a4.cloudfront.net/military/defense/the-strategic-immunity-of-stealth-cruise-missiles/ returned HTTP 000 - 10s
[2025-06-29 19:55:02] WARNING: https://d3isj3hu8683a4.cloudfront.net/military/strategy/all-deception-is-fraught/ returned HTTP 000 - 11s
[2025-06-29 19:55:02] WARNING: https://d3isj3hu8683a4.cloudfront.net/random/microsofts-extortion/ returned HTTP 000 - 10s
[2025-06-29 19:55:02] WARNING: https://d3isj3hu8683a4.cloudfront.net/random/cms-intelligence/ returned HTTP 000 - 10s
[2025-06-29 19:55:02] WARNING: https://d3isj3hu8683a4.cloudfront.net/seo/semrush/feature-set-site-audit-complete/ returned HTTP 000 - 10s
[2025-06-29 19:55:02] WARNING: https://d3isj3hu8683a4.cloudfront.net/seo/semrush/feature-set-site-audit-essential/ returned HTTP 000 - 10s
[2025-06-29 19:55:02] WARNING: https://d3isj3hu8683a4.cloudfront.net/seo/seo-reference-guide/ returned HTTP 000 - 10s
[2025-06-29 19:55:02] WARNING: https://d3isj3hu8683a4.cloudfront.net/hugo/fixing/ returned HTTP 000 - 10s
[2025-06-29 19:55:02] SUCCESS: https://d3isj3hu8683a4.cloudfront.net/random/limitations-of-ml-and-data-science/ (HTTP 200) - 10s
[2025-06-29 19:55:03] SUCCESS: https://d3isj3hu8683a4.cloudfront.net/random/google-dont-be-evil/ (HTTP 200) - 11s
[2025-06-29 19:55:03] SUCCESS: https://d3isj3hu8683a4.cloudfront.net/military/strategy/a2ad/submarines-are-the-apex-predators-of-the-oceans-and-the-apex-of-a2ad/ (HTTP 200) - 12s
[2025-06-29 19:55:03] SUCCESS: https://d3isj3hu8683a4.cloudfront.net/military/strategy/multi-domain-combined-arms-utopia-delusion-arrogance/ (HTTP 200) - 12s
[2025-06-29 19:55:03] SUCCESS: https://d3isj3hu8683a4.cloudfront.net/project-management/solved-questions-v2/ (HTTP 200) - 11s
[2025-06-29 19:55:03] SUCCESS: https://d3isj3hu8683a4.cloudfront.net/seo/pedantic-bickering-refined/ (HTTP 200) - 11s
[2025-06-29 19:55:03] SUCCESS: https://d3isj3hu8683a4.cloudfront.net/project-management/project-management-notes/ (HTTP 200) - 11s
[2025-06-29 19:55:03] SUCCESS: https://d3isj3hu8683a4.cloudfront.net/military/responses/tanks-is-not-dead-article-0/ (HTTP 200) - 12s
[2025-06-29 19:55:03] SUCCESS: https://d3isj3hu8683a4.cloudfront.net/random/google-dont-be-evil-political/ (HTTP 200) - 11s
[2025-06-29 19:55:04] SUCCESS: https://d3isj3hu8683a4.cloudfront.net/lorem-ipsum/markdown/ (HTTP 200) - 13s
[2025-06-29 19:55:04] SUCCESS: https://d3isj3hu8683a4.cloudfront.net/military/offense/missiles-technology/missile-terminal-guidance-overview-copy/ (HTTP 200) - 13s
[2025-06-29 19:55:04] SUCCESS: https://d3isj3hu8683a4.cloudfront.net/hugo/hugo-optimize/ (HTTP 200) - 12s
[2025-06-29 19:55:04] Completed processing 59 URLs
[2025-06-29 23:46:28] Starting CDN cache refresh
[2025-06-29 23:46:28] Processing 64 URLs from /home/ansarimn/Downloads/essays/public/links.txt
[2025-06-29 23:46:29] Started 64 parallel requests
[2025-06-29 23:46:31] SUCCESS: https://d3isj3hu8683a4.cloudfront.net/hugo/themes/ (HTTP 200) - 2s
[2025-06-29 23:46:31] SUCCESS: https://d3isj3hu8683a4.cloudfront.net/military/platforms/airforce/helicopters-are-heavily-technically-compromised/ (HTTP 200) - 2s
[2025-06-29 23:46:31] SUCCESS: https://d3isj3hu8683a4.cloudfront.net/military/offense/50-cal-ammunition-overview/ (HTTP 200) - 2s
[2025-06-29 23:46:31] SUCCESS: https://d3isj3hu8683a4.cloudfront.net/military/offense/exhaustive-classification-of-all-ammunition/ (HTTP 200) - 2s
[2025-06-29 23:46:31] SUCCESS: https://d3isj3hu8683a4.cloudfront.net/military/strategy/iran/iranian-regime-change-guarantees-a-more-radical-future/ (HTTP 200) - 2s
[2025-06-29 23:46:31] SUCCESS: https://d3isj3hu8683a4.cloudfront.net/military/platforms/navy/zumwalt-is-misguided-paradoxical-and-not-asymmetric/ (HTTP 200) - 2s
[2025-06-29 23:46:32] SUCCESS: https://d3isj3hu8683a4.cloudfront.net/military/platforms/navy/the-tyranny-of-numbers-how-light-carriers-and-lhds-create-overwhelming-naval-power/ (HTTP 200) - 3s
[2025-06-29 23:46:32] SUCCESS: https://d3isj3hu8683a4.cloudfront.net/military/strategy/iran/us-effectively-installed-the-current-iranian-regime/ (HTTP 200) - 3s
[2025-06-29 23:46:32] SUCCESS: https://d3isj3hu8683a4.cloudfront.net/random/the-cloudtrail-trap-how-awss-logging-strategy-creates-expensive-complexity/ (HTTP 200) - 3s
[2025-06-29 23:46:32] SUCCESS: https://d3isj3hu8683a4.cloudfront.net/military/platforms/navy/naval-guns-are-good/ (HTTP 200) - 3s
[2025-06-29 23:46:32] SUCCESS: https://d3isj3hu8683a4.cloudfront.net/military/offense/missiles-technology/liquid-fuel-is-untenable-for-ballistic-missiles/ (HTTP 200) - 3s
[2025-06-29 23:46:32] SUCCESS: https://d3isj3hu8683a4.cloudfront.net/military/platforms/army/muzzle-devices-overview/ (HTTP 200) - 3s
[2025-06-29 23:46:32] SUCCESS: https://d3isj3hu8683a4.cloudfront.net/military/offense/missiles-overview/cruise/agm-158/ (HTTP 200) - 3s
[2025-06-29 23:46:33] SUCCESS: https://d3isj3hu8683a4.cloudfront.net/military/offense/missiles-overview/cruise/taurus-kepd-350/ (HTTP 200) - 4s
[2025-06-29 23:46:33] SUCCESS: https://d3isj3hu8683a4.cloudfront.net/military/offense/missiles-overview/cruise/naval-strike-missile/ (HTTP 200) - 4s
[2025-06-29 23:46:33] SUCCESS: https://d3isj3hu8683a4.cloudfront.net/military/strategy/iran/rules-for-thee-but-not-for-me-western-hypocrisy-with-iran-and-israel/ (HTTP 200) - 4s
[2025-06-29 23:46:33] SUCCESS: https://d3isj3hu8683a4.cloudfront.net/random/google-dont-be-evil-political/ (HTTP 200) - 4s
[2025-06-29 23:46:33] SUCCESS: https://d3isj3hu8683a4.cloudfront.net/random/best-protein-sources-overview/ (HTTP 200) - 4s
[2025-06-29 23:46:33] SUCCESS: https://d3isj3hu8683a4.cloudfront.net/military/platforms/army/trophy-aps-assymmetric-disadvantage/ (HTTP 200) - 4s
[2025-06-29 23:46:33] SUCCESS: https://d3isj3hu8683a4.cloudfront.net/military/responses/tanks-is-not-dead-article-1/ (HTTP 200) - 4s
[2025-06-29 23:46:33] SUCCESS: https://d3isj3hu8683a4.cloudfront.net/military/responses/tanks-is-not-dead-article-2/ (HTTP 200) - 4s
[2025-06-29 23:46:33] SUCCESS: https://d3isj3hu8683a4.cloudfront.net/military/strategy/multi-domain-combined-arms-utopia-delusion-arrogance/ (HTTP 200) - 4s
[2025-06-29 23:46:33] SUCCESS: https://d3isj3hu8683a4.cloudfront.net/military/offense/missiles-overview/cruise/storm-shadow-scalp-eg/ (HTTP 200) - 4s
[2025-06-29 23:46:33] SUCCESS: https://d3isj3hu8683a4.cloudfront.net/military/platforms/army/tank-evolving-calculus/ (HTTP 200) - 4s
[2025-06-29 23:46:33] SUCCESS: https://d3isj3hu8683a4.cloudfront.net/random/the-overhyped-data-warehouse-why-modern-databases-often-outperform-cloud-analytics-platforms/ (HTTP 200) - 4s
[2025-06-29 23:46:33] SUCCESS: https://d3isj3hu8683a4.cloudfront.net/military/strategy/a2ad/attacking-modern-a2ad-is-suicidal-and-war-of-attrition/ (HTTP 200) - 4s
[2025-06-29 23:46:33] SUCCESS: https://d3isj3hu8683a4.cloudfront.net/hugo/fixing/ (HTTP 200) - 4s
[2025-06-29 23:46:33] SUCCESS: https://d3isj3hu8683a4.cloudfront.net/ideas/military/ (HTTP 200) - 4s
[2025-06-29 23:46:33] SUCCESS: https://d3isj3hu8683a4.cloudfront.net/random/greedy/ (HTTP 200) - 4s
[2025-06-29 23:46:33] SUCCESS: https://d3isj3hu8683a4.cloudfront.net/military/strategy/all-deception-is-fraught/ (HTTP 200) - 4s
[2025-06-29 23:46:33] SUCCESS: https://d3isj3hu8683a4.cloudfront.net/military/strategy/modern-amphibious-ops/ (HTTP 200) - 4s
[2025-06-29 23:46:33] SUCCESS: https://d3isj3hu8683a4.cloudfront.net/lorem-ipsum/math-typset/ (HTTP 200) - 4s
[2025-06-29 23:46:34] SUCCESS: https://d3isj3hu8683a4.cloudfront.net/random/cms-intelligence/ (HTTP 200) - 5s
[2025-06-29 23:46:34] SUCCESS: https://d3isj3hu8683a4.cloudfront.net/project-management/q-solved/ (HTTP 301) - 5s
[2025-06-29 23:46:34] SUCCESS: https://d3isj3hu8683a4.cloudfront.net/military/defense/the-sentinels-sacrifice-the-suicidal-fundamentals-of-air-defenses/ (HTTP 200) - 5s
[2025-06-29 23:46:34] SUCCESS: https://d3isj3hu8683a4.cloudfront.net/scratch/ (HTTP 200) - 5s
[2025-06-29 23:46:34] SUCCESS: https://d3isj3hu8683a4.cloudfront.net/random/partition-aware-design-of-distributed-databases-is-not-optional/ (HTTP 200) - 5s
[2025-06-29 23:46:34] SUCCESS: https://d3isj3hu8683a4.cloudfront.net/military/defense/the-categorical-immunity-of-modern-ballistic-missiles/ (HTTP 200) - 5s
[2025-06-29 23:46:34] SUCCESS: https://d3isj3hu8683a4.cloudfront.net/hugo/hugo-installation/ (HTTP 200) - 5s
[2025-06-29 23:46:34] SUCCESS: https://d3isj3hu8683a4.cloudfront.net/project-management/pm-refined/ (HTTP 301) - 5s
[2025-06-29 23:46:34] SUCCESS: https://d3isj3hu8683a4.cloudfront.net/military/platforms/army/how-mlrs-outclass-and-dominate-artillery/ (HTTP 200) - 5s
[2025-06-29 23:46:34] SUCCESS: https://d3isj3hu8683a4.cloudfront.net/military/strategy/a2ad/submarines-are-the-apex-predators-of-the-oceans-and-the-apex-of-a2ad/ (HTTP 200) - 5s
[2025-06-29 23:46:34] SUCCESS: https://d3isj3hu8683a4.cloudfront.net/random/futile-pert/ (HTTP 200) - 5s
[2025-06-29 23:46:35] SUCCESS: https://d3isj3hu8683a4.cloudfront.net/random/all-deception-is-fraught/ (HTTP 200) - 6s
[2025-06-29 23:46:35] SUCCESS: https://d3isj3hu8683a4.cloudfront.net/random/microsofts-extortion/ (HTTP 200) - 6s
[2025-06-29 23:46:35] SUCCESS: https://d3isj3hu8683a4.cloudfront.net/random/limitations-of-ml-and-data-science/ (HTTP 200) - 6s
[2025-06-29 23:46:35] SUCCESS: https://d3isj3hu8683a4.cloudfront.net/lorem-ipsum/markdown/ (HTTP 200) - 7s
[2025-06-29 23:46:35] SUCCESS: https://d3isj3hu8683a4.cloudfront.net/hugo/hugo-cloudfront-superpower/ (HTTP 200) - 6s
[2025-06-29 23:46:35] SUCCESS: https://d3isj3hu8683a4.cloudfront.net/military/defense/the-strategic-immunity-of-stealth-cruise-missiles/ (HTTP 200) - 6s
[2025-06-29 23:46:35] SUCCESS: https://d3isj3hu8683a4.cloudfront.net/military/offense/missiles-technology/missile-terminal-guidance-overview-copy/ (HTTP 200) - 6s
[2025-06-29 23:46:35] SUCCESS: https://d3isj3hu8683a4.cloudfront.net/random/google-dont-be-evil/ (HTTP 200) - 6s
[2025-06-29 23:46:35] SUCCESS: https://d3isj3hu8683a4.cloudfront.net/military/strategy/ukraines-drone-attack-is-not-a-masterstroke/ (HTTP 200) - 6s
[2025-06-29 23:46:35] SUCCESS: https://d3isj3hu8683a4.cloudfront.net/military/responses/tanks-is-not-dead-article-0/ (HTTP 200) - 6s
[2025-06-29 23:46:35] SUCCESS: https://d3isj3hu8683a4.cloudfront.net/military/offense/missiles-technology/missile-terminal-guidance-overview/ (HTTP 200) - 6s
[2025-06-29 23:46:35] SUCCESS: https://d3isj3hu8683a4.cloudfront.net/hugo/hugo-optimize/ (HTTP 200) - 6s
[2025-06-29 23:46:36] SUCCESS: https://d3isj3hu8683a4.cloudfront.net/military/offense/missiles-technology/active-radar-homing-is-exceptional/ (HTTP 200) - 7s
[2025-06-29 23:46:36] SUCCESS: https://d3isj3hu8683a4.cloudfront.net/project-management/solved-questions-v2/ (HTTP 200) - 7s
[2025-06-29 23:46:36] SUCCESS: https://d3isj3hu8683a4.cloudfront.net/project-management/project-management-notes/ (HTTP 200) - 7s
[2025-06-29 23:46:36] SUCCESS: https://d3isj3hu8683a4.cloudfront.net/seo/semrush/feature-set-site-audit-essential/ (HTTP 200) - 7s
[2025-06-29 23:46:36] SUCCESS: https://d3isj3hu8683a4.cloudfront.net/seo/pedantic-bickering-refined/ (HTTP 200) - 7s
[2025-06-29 23:46:37] SUCCESS: https://d3isj3hu8683a4.cloudfront.net/seo/pedantic-bickering-original/ (HTTP 200) - 8s
[2025-06-29 23:46:37] SUCCESS: https://d3isj3hu8683a4.cloudfront.net/seo/semrush/feature-set-site-audit-complete/ (HTTP 200) - 8s
[2025-06-29 23:46:38] SUCCESS: https://d3isj3hu8683a4.cloudfront.net/pdc/pdc-oral-q/ (HTTP 200) - 9s
[2025-06-29 23:46:38] SUCCESS: https://d3isj3hu8683a4.cloudfront.net/seo/seo-reference-guide/ (HTTP 200) - 9s
[2025-06-29 23:46:38] Completed processing 64 URLs
[2025-06-30 15:51:44] Starting CDN cache refresh
[2025-06-30 15:51:44] Processing 64 URLs from /home/ansarimn/Downloads/essays/public/links.txt
[2025-06-30 15:51:44] Started 64 parallel requests
[2025-06-30 15:51:44] SUCCESS: https://d3isj3hu8683a4.cloudfront.net/project-management/q-solved/ (HTTP 301) - 0s
[2025-06-30 15:51:44] SUCCESS: https://d3isj3hu8683a4.cloudfront.net/project-management/pm-refined/ (HTTP 301) - 0s
[2025-06-30 15:51:45] SUCCESS: https://d3isj3hu8683a4.cloudfront.net/random/the-cloudtrail-trap-how-awss-logging-strategy-creates-expensive-complexity/ (HTTP 200) - 1s
[2025-06-30 15:51:45] SUCCESS: https://d3isj3hu8683a4.cloudfront.net/military/defense/the-sentinels-sacrifice-the-suicidal-fundamentals-of-air-defenses/ (HTTP 200) - 1s
[2025-06-30 15:51:45] SUCCESS: https://d3isj3hu8683a4.cloudfront.net/hugo/themes/ (HTTP 200) - 1s
[2025-06-30 15:51:45] SUCCESS: https://d3isj3hu8683a4.cloudfront.net/military/offense/exhaustive-classification-of-all-ammunition/ (HTTP 200) - 1s
[2025-06-30 15:51:45] SUCCESS: https://d3isj3hu8683a4.cloudfront.net/military/platforms/army/muzzle-devices-overview/ (HTTP 200) - 1s
[2025-06-30 15:51:45] SUCCESS: https://d3isj3hu8683a4.cloudfront.net/military/platforms/navy/zumwalt-is-misguided-paradoxical-and-not-asymmetric/ (HTTP 200) - 1s
[2025-06-30 15:51:45] SUCCESS: https://d3isj3hu8683a4.cloudfront.net/military/offense/missiles-overview/cruise/taurus-kepd-350/ (HTTP 200) - 1s
[2025-06-30 15:51:45] SUCCESS: https://d3isj3hu8683a4.cloudfront.net/random/the-overhyped-data-warehouse-why-modern-databases-often-outperform-cloud-analytics-platforms/ (HTTP 200) - 1s
[2025-06-30 15:51:45] SUCCESS: https://d3isj3hu8683a4.cloudfront.net/military/offense/50-cal-ammunition-overview/ (HTTP 200) - 1s
[2025-06-30 15:51:45] SUCCESS: https://d3isj3hu8683a4.cloudfront.net/military/strategy/iran/us-effectively-installed-the-current-iranian-regime/ (HTTP 200) - 1s
[2025-06-30 15:51:45] SUCCESS: https://d3isj3hu8683a4.cloudfront.net/military/platforms/navy/the-tyranny-of-numbers-how-light-carriers-and-lhds-create-overwhelming-naval-power/ (HTTP 200) - 1s
[2025-06-30 15:51:45] SUCCESS: https://d3isj3hu8683a4.cloudfront.net/military/platforms/navy/naval-guns-are-good/ (HTTP 200) - 1s
[2025-06-30 15:51:45] SUCCESS: https://d3isj3hu8683a4.cloudfront.net/military/offense/missiles-overview/cruise/storm-shadow-scalp-eg/ (HTTP 200) - 1s
[2025-06-30 15:51:45] SUCCESS: https://d3isj3hu8683a4.cloudfront.net/military/platforms/airforce/helicopters-are-heavily-technically-compromised/ (HTTP 200) - 1s
[2025-06-30 15:51:46] SUCCESS: https://d3isj3hu8683a4.cloudfront.net/military/offense/missiles-technology/liquid-fuel-is-untenable-for-ballistic-missiles/ (HTTP 200) - 2s
[2025-06-30 15:51:46] SUCCESS: https://d3isj3hu8683a4.cloudfront.net/military/offense/missiles-overview/cruise/agm-158/ (HTTP 200) - 2s
[2025-06-30 15:51:46] SUCCESS: https://d3isj3hu8683a4.cloudfront.net/ideas/military/ (HTTP 200) - 2s
[2025-06-30 15:51:46] SUCCESS: https://d3isj3hu8683a4.cloudfront.net/hugo/hugo-installation/ (HTTP 200) - 2s
[2025-06-30 15:51:46] SUCCESS: https://d3isj3hu8683a4.cloudfront.net/military/defense/the-strategic-immunity-of-stealth-cruise-missiles/ (HTTP 200) - 2s
[2025-06-30 15:51:46] SUCCESS: https://d3isj3hu8683a4.cloudfront.net/military/strategy/multi-domain-combined-arms-utopia-delusion-arrogance/ (HTTP 200) - 2s
[2025-06-30 15:51:46] SUCCESS: https://d3isj3hu8683a4.cloudfront.net/military/strategy/a2ad/submarines-are-the-apex-predators-of-the-oceans-and-the-apex-of-a2ad/ (HTTP 200) - 2s
[2025-06-30 15:51:46] SUCCESS: https://d3isj3hu8683a4.cloudfront.net/random/partition-aware-design-of-distributed-databases-is-not-optional/ (HTTP 200) - 2s
[2025-06-30 15:51:46] SUCCESS: https://d3isj3hu8683a4.cloudfront.net/lorem-ipsum/markdown/ (HTTP 200) - 2s
[2025-06-30 15:51:46] SUCCESS: https://d3isj3hu8683a4.cloudfront.net/military/strategy/a2ad/attacking-modern-a2ad-is-suicidal-and-war-of-attrition/ (HTTP 200) - 2s
[2025-06-30 15:51:46] SUCCESS: https://d3isj3hu8683a4.cloudfront.net/military/responses/tanks-is-not-dead-article-2/ (HTTP 200) - 2s
[2025-06-30 15:51:46] SUCCESS: https://d3isj3hu8683a4.cloudfront.net/military/responses/tanks-is-not-dead-article-1/ (HTTP 200) - 2s
[2025-06-30 15:51:46] SUCCESS: https://d3isj3hu8683a4.cloudfront.net/military/strategy/all-deception-is-fraught/ (HTTP 200) - 2s
[2025-06-30 15:51:46] SUCCESS: https://d3isj3hu8683a4.cloudfront.net/military/platforms/army/tank-evolving-calculus/ (HTTP 200) - 2s
[2025-06-30 15:51:46] SUCCESS: https://d3isj3hu8683a4.cloudfront.net/military/strategy/ukraines-drone-attack-is-not-a-masterstroke/ (HTTP 200) - 2s
[2025-06-30 15:51:46] SUCCESS: https://d3isj3hu8683a4.cloudfront.net/military/defense/the-categorical-immunity-of-modern-ballistic-missiles/ (HTTP 200) - 2s
[2025-06-30 15:51:46] SUCCESS: https://d3isj3hu8683a4.cloudfront.net/random/greedy/ (HTTP 200) - 2s
[2025-06-30 15:51:46] SUCCESS: https://d3isj3hu8683a4.cloudfront.net/random/cms-intelligence/ (HTTP 200) - 2s
[2025-06-30 15:51:46] SUCCESS: https://d3isj3hu8683a4.cloudfront.net/random/all-deception-is-fraught/ (HTTP 200) - 2s
[2025-06-30 15:51:46] SUCCESS: https://d3isj3hu8683a4.cloudfront.net/seo/semrush/feature-set-site-audit-essential/ (HTTP 200) - 2s
[2025-06-30 15:51:46] SUCCESS: https://d3isj3hu8683a4.cloudfront.net/seo/pedantic-bickering-original/ (HTTP 200) - 2s
[2025-06-30 15:51:46] SUCCESS: https://d3isj3hu8683a4.cloudfront.net/seo/semrush/feature-set-site-audit-complete/ (HTTP 200) - 2s
[2025-06-30 15:51:46] SUCCESS: https://d3isj3hu8683a4.cloudfront.net/hugo/fixing/ (HTTP 200) - 2s
[2025-06-30 15:51:46] SUCCESS: https://d3isj3hu8683a4.cloudfront.net/hugo/hugo-optimize/ (HTTP 200) - 2s
[2025-06-30 15:51:46] SUCCESS: https://d3isj3hu8683a4.cloudfront.net/scratch/ (HTTP 200) - 2s
[2025-06-30 15:51:46] SUCCESS: https://d3isj3hu8683a4.cloudfront.net/military/strategy/modern-amphibious-ops/ (HTTP 200) - 2s
[2025-06-30 15:51:46] SUCCESS: https://d3isj3hu8683a4.cloudfront.net/military/platforms/army/how-mlrs-outclass-and-dominate-artillery/ (HTTP 200) - 2s
[2025-06-30 15:51:46] SUCCESS: https://d3isj3hu8683a4.cloudfront.net/lorem-ipsum/math-typset/ (HTTP 200) - 2s
[2025-06-30 15:51:46] SUCCESS: https://d3isj3hu8683a4.cloudfront.net/military/strategy/iran/rules-for-thee-but-not-for-me-western-hypocrisy-with-iran-and-israel/ (HTTP 200) - 2s
[2025-06-30 15:51:46] SUCCESS: https://d3isj3hu8683a4.cloudfront.net/military/offense/missiles-technology/active-radar-homing-is-exceptional/ (HTTP 200) - 2s
[2025-06-30 15:51:46] SUCCESS: https://d3isj3hu8683a4.cloudfront.net/military/responses/tanks-is-not-dead-article-0/ (HTTP 200) - 2s
[2025-06-30 15:51:46] SUCCESS: https://d3isj3hu8683a4.cloudfront.net/random/best-protein-sources-overview/ (HTTP 200) - 2s
[2025-06-30 15:51:46] SUCCESS: https://d3isj3hu8683a4.cloudfront.net/military/platforms/army/trophy-aps-assymmetric-disadvantage/ (HTTP 200) - 2s
[2025-06-30 15:51:46] SUCCESS: https://d3isj3hu8683a4.cloudfront.net/random/microsofts-extortion/ (HTTP 200) - 2s
[2025-06-30 15:51:46] SUCCESS: https://d3isj3hu8683a4.cloudfront.net/random/futile-pert/ (HTTP 200) - 2s
[2025-06-30 15:51:46] SUCCESS: https://d3isj3hu8683a4.cloudfront.net/seo/pedantic-bickering-refined/ (HTTP 200) - 2s
[2025-06-30 15:51:46] SUCCESS: https://d3isj3hu8683a4.cloudfront.net/pdc/pdc-oral-q/ (HTTP 200) - 2s
[2025-06-30 15:51:46] SUCCESS: https://d3isj3hu8683a4.cloudfront.net/military/strategy/iran/iranian-regime-change-guarantees-a-more-radical-future/ (HTTP 200) - 2s
[2025-06-30 15:51:46] SUCCESS: https://d3isj3hu8683a4.cloudfront.net/military/offense/missiles-overview/cruise/naval-strike-missile/ (HTTP 200) - 2s
[2025-06-30 15:51:46] SUCCESS: https://d3isj3hu8683a4.cloudfront.net/military/offense/missiles-technology/missile-terminal-guidance-overview-copy/ (HTTP 200) - 2s
[2025-06-30 15:51:46] SUCCESS: https://d3isj3hu8683a4.cloudfront.net/random/limitations-of-ml-and-data-science/ (HTTP 200) - 2s
[2025-06-30 15:51:46] SUCCESS: https://d3isj3hu8683a4.cloudfront.net/random/google-dont-be-evil/ (HTTP 200) - 2s
[2025-06-30 15:51:46] SUCCESS: https://d3isj3hu8683a4.cloudfront.net/hugo/hugo-cloudfront-superpower/ (HTTP 200) - 2s
[2025-06-30 15:51:46] SUCCESS: https://d3isj3hu8683a4.cloudfront.net/seo/seo-reference-guide/ (HTTP 200) - 2s
[2025-06-30 15:51:46] SUCCESS: https://d3isj3hu8683a4.cloudfront.net/project-management/solved-questions-v2/ (HTTP 200) - 2s
[2025-06-30 15:51:46] SUCCESS: https://d3isj3hu8683a4.cloudfront.net/project-management/project-management-notes/ (HTTP 200) - 2s
[2025-06-30 15:51:47] SUCCESS: https://d3isj3hu8683a4.cloudfront.net/military/offense/missiles-technology/missile-terminal-guidance-overview/ (HTTP 200) - 3s
[2025-06-30 15:51:47] SUCCESS: https://d3isj3hu8683a4.cloudfront.net/random/google-dont-be-evil-political/ (HTTP 200) - 3s
[2025-06-30 15:51:47] Completed processing 64 URLs
[2025-06-30 15:51:57] Starting CDN cache refresh
[2025-06-30 15:51:57] Processing 64 URLs from /home/ansarimn/Downloads/essays/public/links.txt
[2025-06-30 15:51:57] SUCCESS: https://d3isj3hu8683a4.cloudfront.net/hugo/themes/ (HTTP 200) - 0s
[2025-06-30 15:51:57] SUCCESS: https://d3isj3hu8683a4.cloudfront.net/military/platforms/army/muzzle-devices-overview/ (HTTP 200) - 0s
[2025-06-30 15:51:58] SUCCESS: https://d3isj3hu8683a4.cloudfront.net/random/the-overhyped-data-warehouse-why-modern-databases-often-outperform-cloud-analytics-platforms/ (HTTP 200) - 1s
[2025-06-30 15:51:58] SUCCESS: https://d3isj3hu8683a4.cloudfront.net/lorem-ipsum/markdown/ (HTTP 200) - 1s
[2025-06-30 15:51:58] SUCCESS: https://d3isj3hu8683a4.cloudfront.net/military/defense/the-sentinels-sacrifice-the-suicidal-fundamentals-of-air-defenses/ (HTTP 200) - 1s
[2025-06-30 15:51:58] SUCCESS: https://d3isj3hu8683a4.cloudfront.net/random/the-cloudtrail-trap-how-awss-logging-strategy-creates-expensive-complexity/ (HTTP 200) - 1s
[2025-06-30 15:51:58] SUCCESS: https://d3isj3hu8683a4.cloudfront.net/military/offense/50-cal-ammunition-overview/ (HTTP 200) - 1s
[2025-06-30 15:51:58] Started 64 parallel requests
[2025-06-30 15:51:58] SUCCESS: https://d3isj3hu8683a4.cloudfront.net/military/platforms/airforce/helicopters-are-heavily-technically-compromised/ (HTTP 200) - 1s
[2025-06-30 15:51:58] SUCCESS: https://d3isj3hu8683a4.cloudfront.net/military/offense/exhaustive-classification-of-all-ammunition/ (HTTP 200) - 1s
[2025-06-30 15:51:58] SUCCESS: https://d3isj3hu8683a4.cloudfront.net/military/platforms/navy/the-tyranny-of-numbers-how-light-carriers-and-lhds-create-overwhelming-naval-power/ (HTTP 200) - 1s
[2025-06-30 15:51:58] SUCCESS: https://d3isj3hu8683a4.cloudfront.net/military/strategy/iran/iranian-regime-change-guarantees-a-more-radical-future/ (HTTP 200) - 1s
[2025-06-30 15:51:58] SUCCESS: https://d3isj3hu8683a4.cloudfront.net/military/offense/missiles-technology/liquid-fuel-is-untenable-for-ballistic-missiles/ (HTTP 200) - 1s
[2025-06-30 15:51:58] SUCCESS: https://d3isj3hu8683a4.cloudfront.net/military/defense/the-categorical-immunity-of-modern-ballistic-missiles/ (HTTP 200) - 1s
[2025-06-30 15:51:58] SUCCESS: https://d3isj3hu8683a4.cloudfront.net/military/offense/missiles-overview/cruise/taurus-kepd-350/ (HTTP 200) - 1s
[2025-06-30 15:51:58] SUCCESS: https://d3isj3hu8683a4.cloudfront.net/military/platforms/navy/zumwalt-is-misguided-paradoxical-and-not-asymmetric/ (HTTP 200) - 1s
[2025-06-30 15:51:58] SUCCESS: https://d3isj3hu8683a4.cloudfront.net/military/defense/the-strategic-immunity-of-stealth-cruise-missiles/ (HTTP 200) - 1s
[2025-06-30 15:51:58] SUCCESS: https://d3isj3hu8683a4.cloudfront.net/military/offense/missiles-overview/cruise/agm-158/ (HTTP 200) - 1s
[2025-06-30 15:51:58] SUCCESS: https://d3isj3hu8683a4.cloudfront.net/military/platforms/navy/naval-guns-are-good/ (HTTP 200) - 1s
[2025-06-30 15:51:58] SUCCESS: https://d3isj3hu8683a4.cloudfront.net/military/strategy/modern-amphibious-ops/ (HTTP 200) - 1s
[2025-06-30 15:51:58] SUCCESS: https://d3isj3hu8683a4.cloudfront.net/military/strategy/multi-domain-combined-arms-utopia-delusion-arrogance/ (HTTP 200) - 1s
[2025-06-30 15:51:58] SUCCESS: https://d3isj3hu8683a4.cloudfront.net/military/strategy/iran/rules-for-thee-but-not-for-me-western-hypocrisy-with-iran-and-israel/ (HTTP 200) - 1s
[2025-06-30 15:51:58] SUCCESS: https://d3isj3hu8683a4.cloudfront.net/military/strategy/a2ad/attacking-modern-a2ad-is-suicidal-and-war-of-attrition/ (HTTP 200) - 1s
[2025-06-30 15:51:58] SUCCESS: https://d3isj3hu8683a4.cloudfront.net/military/responses/tanks-is-not-dead-article-2/ (HTTP 200) - 1s
[2025-06-30 15:51:58] SUCCESS: https://d3isj3hu8683a4.cloudfront.net/military/strategy/iran/us-effectively-installed-the-current-iranian-regime/ (HTTP 200) - 1s
[2025-06-30 15:51:59] SUCCESS: https://d3isj3hu8683a4.cloudfront.net/military/offense/missiles-overview/cruise/storm-shadow-scalp-eg/ (HTTP 200) - 2s
[2025-06-30 15:51:59] SUCCESS: https://d3isj3hu8683a4.cloudfront.net/military/strategy/all-deception-is-fraught/ (HTTP 200) - 2s
[2025-06-30 15:51:59] SUCCESS: https://d3isj3hu8683a4.cloudfront.net/military/strategy/a2ad/submarines-are-the-apex-predators-of-the-oceans-and-the-apex-of-a2ad/ (HTTP 200) - 2s
[2025-06-30 15:51:59] SUCCESS: https://d3isj3hu8683a4.cloudfront.net/random/best-protein-sources-overview/ (HTTP 200) - 2s
[2025-06-30 15:51:59] SUCCESS: https://d3isj3hu8683a4.cloudfront.net/random/google-dont-be-evil-political/ (HTTP 200) - 2s
[2025-06-30 15:51:59] SUCCESS: https://d3isj3hu8683a4.cloudfront.net/military/offense/missiles-overview/cruise/naval-strike-missile/ (HTTP 200) - 2s
[2025-06-30 15:51:59] SUCCESS: https://d3isj3hu8683a4.cloudfront.net/random/greedy/ (HTTP 200) - 1s
[2025-06-30 15:51:59] SUCCESS: https://d3isj3hu8683a4.cloudfront.net/random/partition-aware-design-of-distributed-databases-is-not-optional/ (HTTP 200) - 2s
[2025-06-30 15:51:59] SUCCESS: https://d3isj3hu8683a4.cloudfront.net/military/responses/tanks-is-not-dead-article-1/ (HTTP 200) - 2s
[2025-06-30 15:51:59] SUCCESS: https://d3isj3hu8683a4.cloudfront.net/ideas/military/ (HTTP 200) - 1s
[2025-06-30 15:51:59] SUCCESS: https://d3isj3hu8683a4.cloudfront.net/military/offense/missiles-technology/active-radar-homing-is-exceptional/ (HTTP 200) - 2s
[2025-06-30 15:51:59] SUCCESS: https://d3isj3hu8683a4.cloudfront.net/random/all-deception-is-fraught/ (HTTP 200) - 1s
[2025-06-30 15:51:59] SUCCESS: https://d3isj3hu8683a4.cloudfront.net/random/futile-pert/ (HTTP 200) - 1s
[2025-06-30 15:51:59] SUCCESS: https://d3isj3hu8683a4.cloudfront.net/seo/semrush/feature-set-site-audit-complete/ (HTTP 200) - 1s
[2025-06-30 15:51:59] SUCCESS: https://d3isj3hu8683a4.cloudfront.net/military/strategy/ukraines-drone-attack-is-not-a-masterstroke/ (HTTP 200) - 2s
[2025-06-30 15:51:59] SUCCESS: https://d3isj3hu8683a4.cloudfront.net/military/responses/tanks-is-not-dead-article-0/ (HTTP 200) - 2s
[2025-06-30 15:51:59] SUCCESS: https://d3isj3hu8683a4.cloudfront.net/seo/semrush/feature-set-site-audit-essential/ (HTTP 200) - 1s
[2025-06-30 15:51:59] SUCCESS: https://d3isj3hu8683a4.cloudfront.net/seo/pedantic-bickering-original/ (HTTP 200) - 1s
[2025-06-30 15:51:59] SUCCESS: https://d3isj3hu8683a4.cloudfront.net/military/platforms/army/trophy-aps-assymmetric-disadvantage/ (HTTP 200) - 2s
[2025-06-30 15:51:59] SUCCESS: https://d3isj3hu8683a4.cloudfront.net/military/platforms/army/tank-evolving-calculus/ (HTTP 200) - 2s
[2025-06-30 15:51:59] SUCCESS: https://d3isj3hu8683a4.cloudfront.net/hugo/hugo-optimize/ (HTTP 200) - 1s
[2025-06-30 15:51:59] SUCCESS: https://d3isj3hu8683a4.cloudfront.net/hugo/hugo-installation/ (HTTP 200) - 1s
[2025-06-30 15:51:59] SUCCESS: https://d3isj3hu8683a4.cloudfront.net/project-management/pm-refined/ (HTTP 301) - 1s
[2025-06-30 15:51:59] SUCCESS: https://d3isj3hu8683a4.cloudfront.net/lorem-ipsum/math-typset/ (HTTP 200) - 1s
[2025-06-30 15:51:59] SUCCESS: https://d3isj3hu8683a4.cloudfront.net/project-management/q-solved/ (HTTP 301) - 1s
[2025-06-30 15:51:59] SUCCESS: https://d3isj3hu8683a4.cloudfront.net/hugo/fixing/ (HTTP 200) - 1s
[2025-06-30 15:51:59] SUCCESS: https://d3isj3hu8683a4.cloudfront.net/scratch/ (HTTP 200) - 1s
[2025-06-30 15:51:59] SUCCESS: https://d3isj3hu8683a4.cloudfront.net/random/cms-intelligence/ (HTTP 200) - 1s
[2025-06-30 15:51:59] SUCCESS: https://d3isj3hu8683a4.cloudfront.net/military/platforms/army/how-mlrs-outclass-and-dominate-artillery/ (HTTP 200) - 2s
[2025-06-30 15:51:59] SUCCESS: https://d3isj3hu8683a4.cloudfront.net/seo/pedantic-bickering-refined/ (HTTP 200) - 1s
[2025-06-30 15:51:59] SUCCESS: https://d3isj3hu8683a4.cloudfront.net/random/microsofts-extortion/ (HTTP 200) - 1s
[2025-06-30 15:51:59] SUCCESS: https://d3isj3hu8683a4.cloudfront.net/hugo/hugo-cloudfront-superpower/ (HTTP 200) - 1s
[2025-06-30 15:51:59] SUCCESS: https://d3isj3hu8683a4.cloudfront.net/random/google-dont-be-evil/ (HTTP 200) - 1s
[2025-06-30 15:51:59] SUCCESS: https://d3isj3hu8683a4.cloudfront.net/pdc/pdc-oral-q/ (HTTP 200) - 1s
[2025-06-30 15:51:59] SUCCESS: https://d3isj3hu8683a4.cloudfront.net/random/limitations-of-ml-and-data-science/ (HTTP 200) - 1s
[2025-06-30 15:51:59] SUCCESS: https://d3isj3hu8683a4.cloudfront.net/military/offense/missiles-technology/missile-terminal-guidance-overview-copy/ (HTTP 200) - 2s
[2025-06-30 15:51:59] SUCCESS: https://d3isj3hu8683a4.cloudfront.net/military/offense/missiles-technology/missile-terminal-guidance-overview/ (HTTP 200) - 2s
[2025-06-30 15:51:59] SUCCESS: https://d3isj3hu8683a4.cloudfront.net/seo/seo-reference-guide/ (HTTP 200) - 1s
[2025-06-30 15:51:59] SUCCESS: https://d3isj3hu8683a4.cloudfront.net/project-management/solved-questions-v2/ (HTTP 200) - 1s
[2025-06-30 15:51:59] SUCCESS: https://d3isj3hu8683a4.cloudfront.net/project-management/project-management-notes/ (HTTP 200) - 1s
[2025-06-30 15:51:59] Completed processing 64 URLs
