#! /usr/local/bin/vvp
:ivl_version "12.0 (stable)";
:ivl_delay_selection "TYPICAL";
:vpi_time_precision + 0;
:vpi_module "/usr/local/lib/ivl/system.vpi";
:vpi_module "/usr/local/lib/ivl/vhdl_sys.vpi";
:vpi_module "/usr/local/lib/ivl/vhdl_textio.vpi";
:vpi_module "/usr/local/lib/ivl/v2005_math.vpi";
:vpi_module "/usr/local/lib/ivl/va_math.vpi";
:vpi_module "/usr/local/lib/ivl/v2009.vpi";
S_0x32448f40 .scope package, "$unit" "$unit" 2 1;
 .timescale 0 0;
S_0x3244af50 .scope module, "PISO_N_obsolete_v1" "PISO_N_obsolete_v1" 3 1;
 .timescale 0 0;
    .port_info 0 /INPUT 1 "clk";
    .port_info 1 /INPUT 1 "load";
    .port_info 2 /INPUT 1 "reset_n";
    .port_info 3 /INPUT 16 "data_bus";
    .port_info 4 /OUTPUT 1 "serial_out";
P_0x32421eb0 .param/l "N" 0 3 2, +C4<00000000000000000000000000010000>;
enum0x32400f60 .enum4 (2)
   "SHIFT" 2'b10,
   "LOAD" 2'b11,
   "RESET_0" 2'b00,
   "RESET_1" 2'b01
 ;
o0x7f2962fb6048 .functor BUFZ 1, C4<z>; HiZ drive
v0x3246df20_0 .net "clk", 0 0, o0x7f2962fb6048;  0 drivers
o0x7f2962fb6078 .functor BUFZ 16, C4<zzzzzzzzzzzzzzzz>; HiZ drive
v0x3246e000_0 .net "data_bus", 15 0, o0x7f2962fb6078;  0 drivers
L_0x7f2962f6d018 .functor BUFT 1, C4<0>, C4<0>, C4<0>, C4<0>;
v0x3246e0e0_0 .net "default_shiftin", 0 0, L_0x7f2962f6d018;  1 drivers
o0x7f2962fb60d8 .functor BUFZ 1, C4<z>; HiZ drive
v0x3246e1b0_0 .net "load", 0 0, o0x7f2962fb60d8;  0 drivers
v0x3246e270_0 .var "opcode", 1 0;
o0x7f2962fb6138 .functor BUFZ 1, C4<z>; HiZ drive
v0x3246e3a0_0 .net "reset_n", 0 0, o0x7f2962fb6138;  0 drivers
v0x3246e460_0 .net "serial_out", 0 0, L_0x32472410;  1 drivers
v0x3246e520_0 .var "shift_reg", 15 0;
E_0x324468a0 .event posedge, v0x3246df20_0;
L_0x32472410 .part v0x3246e520_0, 15, 1;
S_0x32440fb0 .scope begin, "$ivl_for_loop0" "$ivl_for_loop0" 3 29, 3 29 0, S_0x3244af50;
 .timescale 0 0;
v0x3243f3d0_0 .var/2s "i", 31 0;
S_0x32449470 .scope module, "PISO_N_obsolete_v2" "PISO_N_obsolete_v2" 3 52;
 .timescale 0 0;
    .port_info 0 /INPUT 1 "clk";
    .port_info 1 /INPUT 1 "load";
    .port_info 2 /INPUT 1 "reset_n";
    .port_info 3 /INPUT 16 "data_bus";
    .port_info 4 /OUTPUT 1 "serial_out";
P_0x32414160 .param/l "N" 0 3 53, +C4<00000000000000000000000000010000>;
enum0x32411c40 .enum4 (2)
   "SHIFT" 2'b10,
   "LOAD" 2'b11,
   "RESET_0" 2'b00,
   "RESET_1" 2'b01
 ;
o0x7f2962fb62b8 .functor BUFZ 1, C4<z>; HiZ drive
v0x3246e740_0 .net "clk", 0 0, o0x7f2962fb62b8;  0 drivers
o0x7f2962fb62e8 .functor BUFZ 16, C4<zzzzzzzzzzzzzzzz>; HiZ drive
v0x3246e820_0 .net "data_bus", 15 0, o0x7f2962fb62e8;  0 drivers
L_0x7f2962f6d060 .functor BUFT 1, C4<0>, C4<0>, C4<0>, C4<0>;
v0x3246e900_0 .net "default_shiftin", 0 0, L_0x7f2962f6d060;  1 drivers
o0x7f2962fb6348 .functor BUFZ 1, C4<z>; HiZ drive
v0x3246e9a0_0 .net "load", 0 0, o0x7f2962fb6348;  0 drivers
v0x3246ea60_0 .net "opcode", 1 0, L_0x324725e0;  1 drivers
o0x7f2962fb63a8 .functor BUFZ 1, C4<z>; HiZ drive
v0x3246eb90_0 .net "reset_n", 0 0, o0x7f2962fb63a8;  0 drivers
v0x3246ec50_0 .net "serial_out", 0 0, L_0x324724e0;  1 drivers
v0x3246ed10_0 .var "shift_reg", 15 0;
E_0x3246e6a0 .event posedge, v0x3246e740_0;
L_0x324724e0 .part v0x3246ed10_0, 15, 1;
L_0x324725e0 .concat [ 1 1 0 0], o0x7f2962fb6348, o0x7f2962fb63a8;
S_0x324478f0 .scope module, "tb_PISO_SIPO_clean" "tb_PISO_SIPO_clean" 4 1;
 .timescale 0 0;
P_0x32422530 .param/l "CLK_PERIOD" 0 4 5, +C4<00000000000000000000000000001010>;
P_0x32422570 .param/l "N" 0 4 3, +C4<00000000000000000000000000010000>;
P_0x324225b0 .param/l "TEST_WIDTH" 0 4 4, +C4<00000000000000000000000000100000>;
v0x32471ae0_0 .var "clk", 0 0;
v0x32471ba0_0 .var "piso_data_in", 31 0;
v0x32471c60_0 .var "piso_load", 0 0;
v0x32471d00_0 .var "piso_serial_in", 0 0;
v0x32471da0_0 .net "piso_serial_out", 0 0, L_0x32472710;  1 drivers
v0x32471e90_0 .net "piso_verify_data", 31 0, v0x32470f30_0;  1 drivers
v0x32471f30_0 .var "piso_verify_load", 0 0;
v0x32472000_0 .var "reset_n", 0 0;
v0x324720a0_0 .net "sipo_data_out", 31 0, v0x32470370_0;  1 drivers
v0x32472200_0 .var "sipo_load", 0 0;
v0x324722d0_0 .var/i "test_num", 31 0;
v0x32472370 .array "test_patterns", 9 0, 31 0;
S_0x3246ee90 .scope module, "piso_dut" "PISO_N" 4 30, 3 91 0, S_0x324478f0;
 .timescale 0 0;
    .port_info 0 /INPUT 1 "clk";
    .port_info 1 /INPUT 1 "load";
    .port_info 2 /INPUT 1 "reset_n";
    .port_info 3 /INPUT 32 "data_bus";
    .port_info 4 /INPUT 1 "serial_in";
    .port_info 5 /OUTPUT 1 "serial_out";
P_0x3246f090 .param/l "N" 0 3 92, +C4<00000000000000000000000000100000>;
enum0x32413470 .enum4 (2)
   "SHIFT" 2'b10,
   "LOAD" 2'b11,
   "RESET_0" 2'b00,
   "RESET_1" 2'b01
 ;
v0x3246f2b0_0 .net "clk", 0 0, v0x32471ae0_0;  1 drivers
v0x3246f390_0 .net "data_bus", 31 0, v0x32471ba0_0;  1 drivers
v0x3246f470_0 .net "load", 0 0, v0x32471c60_0;  1 drivers
v0x3246f540_0 .net "opcode", 1 0, L_0x32472870;  1 drivers
v0x3246f620_0 .net "reset_n", 0 0, v0x32472000_0;  1 drivers
v0x3246f730_0 .net "serial_in", 0 0, v0x32471d00_0;  1 drivers
v0x3246f7f0_0 .net "serial_out", 0 0, L_0x32472710;  alias, 1 drivers
v0x3246f8b0_0 .var "shift_reg", 31 0;
E_0x3246f210 .event posedge, v0x3246f2b0_0;
L_0x32472710 .part v0x3246f8b0_0, 31, 1;
L_0x32472870 .concat [ 1 1 0 0], v0x32471c60_0, v0x32472000_0;
S_0x3246fa90 .scope module, "sipo_endtoend" "SIPO_N" 4 40, 3 128 0, S_0x324478f0;
 .timescale 0 0;
    .port_info 0 /INPUT 1 "clk";
    .port_info 1 /INPUT 1 "load";
    .port_info 2 /INPUT 1 "reset_n";
    .port_info 3 /INPUT 1 "serial_in";
    .port_info 4 /OUTPUT 1 "serial_out";
    .port_info 5 /OUTPUT 32 "store_reg";
P_0x3246fc90 .param/l "N" 0 3 129, +C4<00000000000000000000000000100000>;
enum0x32434c40 .enum4 (2)
   "SHIFT" 2'b10,
   "LOAD" 2'b11,
   "RESET_0" 2'b00,
   "RESET_1" 2'b01
 ;
v0x3246fdd0_0 .net "clk", 0 0, v0x32471ae0_0;  alias, 1 drivers
v0x3246fec0_0 .net "load", 0 0, v0x32472200_0;  1 drivers
v0x3246ff60_0 .net "opcode", 1 0, L_0x32472aa0;  1 drivers
v0x32470050_0 .net "reset_n", 0 0, v0x32472000_0;  alias, 1 drivers
v0x32470120_0 .net "serial_in", 0 0, L_0x32472710;  alias, 1 drivers
v0x32470210_0 .net "serial_out", 0 0, L_0x324729d0;  1 drivers
v0x324702b0_0 .var "shift_reg", 31 0;
v0x32470370_0 .var "store_reg", 31 0;
L_0x324729d0 .part v0x324702b0_0, 31, 1;
L_0x32472aa0 .concat [ 1 1 0 0], v0x32472200_0, v0x32472000_0;
S_0x32470550 .scope module, "sipo_verify" "SIPO_N" 4 50, 3 128 0, S_0x324478f0;
 .timescale 0 0;
    .port_info 0 /INPUT 1 "clk";
    .port_info 1 /INPUT 1 "load";
    .port_info 2 /INPUT 1 "reset_n";
    .port_info 3 /INPUT 1 "serial_in";
    .port_info 4 /OUTPUT 1 "serial_out";
    .port_info 5 /OUTPUT 32 "store_reg";
P_0x32470760 .param/l "N" 0 3 129, +C4<00000000000000000000000000100000>;
enum0x324358a0 .enum4 (2)
   "SHIFT" 2'b10,
   "LOAD" 2'b11,
   "RESET_0" 2'b00,
   "RESET_1" 2'b01
 ;
v0x32470960_0 .net "clk", 0 0, v0x32471ae0_0;  alias, 1 drivers
v0x32470a00_0 .net "load", 0 0, v0x32471f30_0;  1 drivers
v0x32470aa0_0 .net "opcode", 1 0, L_0x32472c40;  1 drivers
v0x32470b60_0 .net "reset_n", 0 0, v0x32472000_0;  alias, 1 drivers
v0x32470c50_0 .net "serial_in", 0 0, L_0x32472710;  alias, 1 drivers
v0x32470d90_0 .net "serial_out", 0 0, L_0x32472b70;  1 drivers
v0x32470e50_0 .var "shift_reg", 31 0;
v0x32470f30_0 .var "store_reg", 31 0;
L_0x32472b70 .part v0x32470e50_0, 31, 1;
L_0x32472c40 .concat [ 1 1 0 0], v0x32471f30_0, v0x32472000_0;
S_0x32471110 .scope task, "test_end_to_end" "test_end_to_end" 4 168, 4 168 0, S_0x324478f0;
 .timescale 0 0;
v0x324712f0_0 .var "pattern", 31 0;
TD_tb_PISO_SIPO_clean.test_end_to_end ;
    %load/vec4 v0x324712f0_0;
    %store/vec4 v0x32471ba0_0, 0, 32;
    %pushi/vec4 0, 0, 1;
    %store/vec4 v0x32471d00_0, 0, 1;
    %pushi/vec4 1, 0, 1;
    %store/vec4 v0x32471c60_0, 0, 1;
    %delay 10, 0;
    %pushi/vec4 0, 0, 1;
    %store/vec4 v0x32471c60_0, 0, 1;
    %delay 320, 0;
    %pushi/vec4 1, 0, 1;
    %store/vec4 v0x32472200_0, 0, 1;
    %delay 10, 0;
    %pushi/vec4 0, 0, 1;
    %store/vec4 v0x32472200_0, 0, 1;
    %delay 10, 0;
    %vpi_call/w 4 186 "$display", "         Sent: 0x%h", v0x324712f0_0 {0 0 0};
    %vpi_call/w 4 187 "$display", "          Got: 0x%h", v0x324720a0_0 {0 0 0};
    %load/vec4 v0x324720a0_0;
    %load/vec4 v0x324712f0_0;
    %cmp/e;
    %jmp/0xz  T_0.0, 6;
    %vpi_call/w 4 191 "$display", "         End-to-End:   PASS" {0 0 0};
    %jmp T_0.1;
T_0.0 ;
    %vpi_call/w 4 193 "$display", "         End-to-End:   FAIL - Expected: 0x%h, Got: 0x%h", v0x324712f0_0, v0x324720a0_0 {0 0 0};
    %vpi_call/w 4 195 "$finish" {0 0 0};
T_0.1 ;
    %end;
S_0x324713f0 .scope task, "test_piso_standalone" "test_piso_standalone" 4 135, 4 135 0, S_0x324478f0;
 .timescale 0 0;
v0x32471620_0 .var "pattern", 31 0;
TD_tb_PISO_SIPO_clean.test_piso_standalone ;
    %load/vec4 v0x32471620_0;
    %store/vec4 v0x32471ba0_0, 0, 32;
    %pushi/vec4 0, 0, 1;
    %store/vec4 v0x32471d00_0, 0, 1;
    %pushi/vec4 1, 0, 1;
    %store/vec4 v0x32471c60_0, 0, 1;
    %delay 10, 0;
    %pushi/vec4 0, 0, 1;
    %store/vec4 v0x32471c60_0, 0, 1;
    %delay 320, 0;
    %pushi/vec4 1, 0, 1;
    %store/vec4 v0x32471f30_0, 0, 1;
    %delay 10, 0;
    %pushi/vec4 0, 0, 1;
    %store/vec4 v0x32471f30_0, 0, 1;
    %delay 10, 0;
    %vpi_call/w 4 153 "$display", "         Sent: 0x%h", v0x32471620_0 {0 0 0};
    %vpi_call/w 4 154 "$display", "          Got: 0x%h", v0x32471e90_0 {0 0 0};
    %load/vec4 v0x32471e90_0;
    %load/vec4 v0x32471620_0;
    %cmp/e;
    %jmp/0xz  T_1.2, 6;
    %vpi_call/w 4 158 "$display", "         PISO Test:     PASS" {0 0 0};
    %jmp T_1.3;
T_1.2 ;
    %vpi_call/w 4 160 "$display", "         PISO Test:     FAIL - Expected: 0x%h, Got: 0x%h", v0x32471620_0, v0x32471e90_0 {0 0 0};
    %vpi_call/w 4 162 "$finish" {0 0 0};
T_1.3 ;
    %end;
S_0x32471720 .scope task, "test_single_pattern" "test_single_pattern" 4 118, 4 118 0, S_0x324478f0;
 .timescale 0 0;
v0x32471900_0 .var "pattern", 31 0;
v0x32471a00_0 .var/i "test_id", 31 0;
TD_tb_PISO_SIPO_clean.test_single_pattern ;
    %vpi_call/w 4 120 "$display", "\012\012Test %2d:  Pattern = 0x%h", v0x32471a00_0, v0x32471900_0 {0 0 0};
    %vpi_call/w 4 123 "$display", "    Testing PISO Standalone for  0x%h", v0x32471900_0 {0 0 0};
    %load/vec4 v0x32471900_0;
    %store/vec4 v0x32471620_0, 0, 32;
    %fork TD_tb_PISO_SIPO_clean.test_piso_standalone, S_0x324713f0;
    %join;
    %vpi_call/w 4 126 "$display", "\012     Testing     End-to-end for  0x%h", v0x32471900_0 {0 0 0};
    %load/vec4 v0x32471900_0;
    %store/vec4 v0x324712f0_0, 0, 32;
    %fork TD_tb_PISO_SIPO_clean.test_end_to_end, S_0x32471110;
    %join;
    %vpi_call/w 4 130 "$display", "\000" {0 0 0};
    %end;
    .scope S_0x3244af50;
T_3 ;
    %wait E_0x324468a0;
    %fork t_1, S_0x32440fb0;
    %jmp t_0;
    .scope S_0x32440fb0;
t_1 ;
    %pushi/vec4 15, 0, 32;
    %store/vec4 v0x3243f3d0_0, 0, 32;
T_3.0 ;
    %load/vec4 v0x3243f3d0_0;
    %cmpi/s 0, 0, 32;
    %flag_or 5, 4; GT is !LE
    %flag_inv 5;
    %jmp/0xz T_3.1, 5;
    %load/vec4 v0x3246e3a0_0;
    %load/vec4 v0x3246e1b0_0;
    %concat/vec4; draw_concat_vec4
    %dup/vec4;
    %pushi/vec4 2, 0, 2;
    %cmp/u;
    %jmp/1 T_3.2, 6;
    %dup/vec4;
    %pushi/vec4 3, 0, 2;
    %cmp/u;
    %jmp/1 T_3.3, 6;
    %dup/vec4;
    %pushi/vec4 0, 0, 2;
    %cmp/u;
    %jmp/1 T_3.4, 6;
    %dup/vec4;
    %pushi/vec4 1, 0, 2;
    %cmp/u;
    %jmp/1 T_3.5, 6;
    %jmp T_3.6;
T_3.2 ;
    %load/vec4 v0x3246e520_0;
    %load/vec4 v0x3243f3d0_0;
    %subi 1, 0, 32;
    %part/s 1;
    %ix/load 5, 0, 0;
    %ix/getv/s 4, v0x3243f3d0_0;
    %assign/vec4/off/d v0x3246e520_0, 4, 5;
    %jmp T_3.6;
T_3.3 ;
    %load/vec4 v0x3246e000_0;
    %load/vec4 v0x3243f3d0_0;
    %part/s 1;
    %ix/load 5, 0, 0;
    %ix/getv/s 4, v0x3243f3d0_0;
    %assign/vec4/off/d v0x3246e520_0, 4, 5;
    %jmp T_3.6;
T_3.4 ;
    %pushi/vec4 0, 0, 1;
    %ix/load 5, 0, 0;
    %ix/getv/s 4, v0x3243f3d0_0;
    %assign/vec4/off/d v0x3246e520_0, 4, 5;
    %jmp T_3.6;
T_3.5 ;
    %pushi/vec4 0, 0, 1;
    %ix/load 5, 0, 0;
    %ix/getv/s 4, v0x3243f3d0_0;
    %assign/vec4/off/d v0x3246e520_0, 4, 5;
    %jmp T_3.6;
T_3.6 ;
    %pop/vec4 1;
    ; show_stmt_assign_vector: Get l-value for compressed -= operand
    %load/vec4 v0x3243f3d0_0;
    %pushi/vec4 1, 0, 32;
    %sub;
    %cast2;
    %store/vec4 v0x3243f3d0_0, 0, 32;
    %jmp T_3.0;
T_3.1 ;
    %end;
    .scope S_0x3244af50;
t_0 %join;
    %jmp T_3;
    .thread T_3;
    .scope S_0x3244af50;
T_4 ;
    %wait E_0x324468a0;
    %load/vec4 v0x3246e270_0;
    %dup/vec4;
    %pushi/vec4 2, 0, 2;
    %cmp/u;
    %jmp/1 T_4.0, 6;
    %dup/vec4;
    %pushi/vec4 3, 0, 2;
    %cmp/u;
    %jmp/1 T_4.1, 6;
    %dup/vec4;
    %pushi/vec4 0, 0, 2;
    %cmp/u;
    %jmp/1 T_4.2, 6;
    %dup/vec4;
    %pushi/vec4 1, 0, 2;
    %cmp/u;
    %jmp/1 T_4.3, 6;
    %jmp T_4.4;
T_4.0 ;
    %load/vec4 v0x3246e0e0_0;
    %ix/load 4, 0, 0;
    %ix/load 5, 0, 0;
    %flag_set/imm 4, 0;
    %assign/vec4/off/d v0x3246e520_0, 4, 5;
    %jmp T_4.4;
T_4.1 ;
    %load/vec4 v0x3246e000_0;
    %parti/s 1, 0, 2;
    %ix/load 4, 0, 0;
    %ix/load 5, 0, 0;
    %flag_set/imm 4, 0;
    %assign/vec4/off/d v0x3246e520_0, 4, 5;
    %jmp T_4.4;
T_4.2 ;
    %pushi/vec4 0, 0, 1;
    %ix/load 4, 0, 0;
    %ix/load 5, 0, 0;
    %flag_set/imm 4, 0;
    %assign/vec4/off/d v0x3246e520_0, 4, 5;
    %jmp T_4.4;
T_4.3 ;
    %pushi/vec4 0, 0, 1;
    %ix/load 4, 0, 0;
    %ix/load 5, 0, 0;
    %flag_set/imm 4, 0;
    %assign/vec4/off/d v0x3246e520_0, 4, 5;
    %jmp T_4.4;
T_4.4 ;
    %pop/vec4 1;
    %jmp T_4;
    .thread T_4;
    .scope S_0x32449470;
T_5 ;
    %wait E_0x3246e6a0;
    %load/vec4 v0x3246ea60_0;
    %dup/vec4;
    %pushi/vec4 2, 0, 2;
    %cmp/u;
    %jmp/1 T_5.0, 6;
    %dup/vec4;
    %pushi/vec4 3, 0, 2;
    %cmp/u;
    %jmp/1 T_5.1, 6;
    %dup/vec4;
    %pushi/vec4 0, 0, 2;
    %cmp/u;
    %jmp/1 T_5.2, 6;
    %dup/vec4;
    %pushi/vec4 1, 0, 2;
    %cmp/u;
    %jmp/1 T_5.3, 6;
    %jmp T_5.4;
T_5.0 ;
    %load/vec4 v0x3246ed10_0;
    %parti/s 15, 0, 2;
    %load/vec4 v0x3246e900_0;
    %concat/vec4; draw_concat_vec4
    %assign/vec4 v0x3246ed10_0, 0;
    %jmp T_5.4;
T_5.1 ;
    %load/vec4 v0x3246e820_0;
    %assign/vec4 v0x3246ed10_0, 0;
    %jmp T_5.4;
T_5.2 ;
    %load/vec4 v0x3246e900_0;
    %replicate 16;
    %assign/vec4 v0x3246ed10_0, 0;
    %jmp T_5.4;
T_5.3 ;
    %load/vec4 v0x3246e900_0;
    %replicate 16;
    %assign/vec4 v0x3246ed10_0, 0;
    %jmp T_5.4;
T_5.4 ;
    %pop/vec4 1;
    %jmp T_5;
    .thread T_5;
    .scope S_0x3246ee90;
T_6 ;
    %wait E_0x3246f210;
    %load/vec4 v0x3246f540_0;
    %dup/vec4;
    %pushi/vec4 2, 0, 2;
    %cmp/u;
    %jmp/1 T_6.0, 6;
    %dup/vec4;
    %pushi/vec4 3, 0, 2;
    %cmp/u;
    %jmp/1 T_6.1, 6;
    %dup/vec4;
    %pushi/vec4 0, 0, 2;
    %cmp/u;
    %jmp/1 T_6.2, 6;
    %dup/vec4;
    %pushi/vec4 1, 0, 2;
    %cmp/u;
    %jmp/1 T_6.3, 6;
    %jmp T_6.4;
T_6.0 ;
    %load/vec4 v0x3246f8b0_0;
    %parti/s 31, 0, 2;
    %load/vec4 v0x3246f730_0;
    %concat/vec4; draw_concat_vec4
    %assign/vec4 v0x3246f8b0_0, 0;
    %jmp T_6.4;
T_6.1 ;
    %load/vec4 v0x3246f390_0;
    %assign/vec4 v0x3246f8b0_0, 0;
    %jmp T_6.4;
T_6.2 ;
    %load/vec4 v0x3246f730_0;
    %replicate 32;
    %assign/vec4 v0x3246f8b0_0, 0;
    %jmp T_6.4;
T_6.3 ;
    %load/vec4 v0x3246f730_0;
    %replicate 32;
    %assign/vec4 v0x3246f8b0_0, 0;
    %jmp T_6.4;
T_6.4 ;
    %pop/vec4 1;
    %jmp T_6;
    .thread T_6;
    .scope S_0x3246fa90;
T_7 ;
    %wait E_0x3246f210;
    %load/vec4 v0x3246ff60_0;
    %dup/vec4;
    %pushi/vec4 2, 0, 2;
    %cmp/u;
    %jmp/1 T_7.0, 6;
    %dup/vec4;
    %pushi/vec4 3, 0, 2;
    %cmp/u;
    %jmp/1 T_7.1, 6;
    %dup/vec4;
    %pushi/vec4 0, 0, 2;
    %cmp/u;
    %jmp/1 T_7.2, 6;
    %dup/vec4;
    %pushi/vec4 1, 0, 2;
    %cmp/u;
    %jmp/1 T_7.3, 6;
    %jmp T_7.4;
T_7.0 ;
    %load/vec4 v0x324702b0_0;
    %parti/s 31, 0, 2;
    %load/vec4 v0x32470120_0;
    %concat/vec4; draw_concat_vec4
    %assign/vec4 v0x324702b0_0, 0;
    %jmp T_7.4;
T_7.1 ;
    %load/vec4 v0x324702b0_0;
    %assign/vec4 v0x32470370_0, 0;
    %jmp T_7.4;
T_7.2 ;
    %load/vec4 v0x32470120_0;
    %replicate 64;
    %split/vec4 32;
    %assign/vec4 v0x32470370_0, 0;
    %assign/vec4 v0x324702b0_0, 0;
    %jmp T_7.4;
T_7.3 ;
    %load/vec4 v0x32470120_0;
    %replicate 64;
    %split/vec4 32;
    %assign/vec4 v0x32470370_0, 0;
    %assign/vec4 v0x324702b0_0, 0;
    %jmp T_7.4;
T_7.4 ;
    %pop/vec4 1;
    %jmp T_7;
    .thread T_7;
    .scope S_0x32470550;
T_8 ;
    %wait E_0x3246f210;
    %load/vec4 v0x32470aa0_0;
    %dup/vec4;
    %pushi/vec4 2, 0, 2;
    %cmp/u;
    %jmp/1 T_8.0, 6;
    %dup/vec4;
    %pushi/vec4 3, 0, 2;
    %cmp/u;
    %jmp/1 T_8.1, 6;
    %dup/vec4;
    %pushi/vec4 0, 0, 2;
    %cmp/u;
    %jmp/1 T_8.2, 6;
    %dup/vec4;
    %pushi/vec4 1, 0, 2;
    %cmp/u;
    %jmp/1 T_8.3, 6;
    %jmp T_8.4;
T_8.0 ;
    %load/vec4 v0x32470e50_0;
    %parti/s 31, 0, 2;
    %load/vec4 v0x32470c50_0;
    %concat/vec4; draw_concat_vec4
    %assign/vec4 v0x32470e50_0, 0;
    %jmp T_8.4;
T_8.1 ;
    %load/vec4 v0x32470e50_0;
    %assign/vec4 v0x32470f30_0, 0;
    %jmp T_8.4;
T_8.2 ;
    %load/vec4 v0x32470c50_0;
    %replicate 64;
    %split/vec4 32;
    %assign/vec4 v0x32470f30_0, 0;
    %assign/vec4 v0x32470e50_0, 0;
    %jmp T_8.4;
T_8.3 ;
    %load/vec4 v0x32470c50_0;
    %replicate 64;
    %split/vec4 32;
    %assign/vec4 v0x32470f30_0, 0;
    %assign/vec4 v0x32470e50_0, 0;
    %jmp T_8.4;
T_8.4 ;
    %pop/vec4 1;
    %jmp T_8;
    .thread T_8;
    .scope S_0x324478f0;
T_9 ;
    %pushi/vec4 0, 0, 1;
    %store/vec4 v0x32471ae0_0, 0, 1;
T_9.0 ;
    %delay 5, 0;
    %load/vec4 v0x32471ae0_0;
    %inv;
    %store/vec4 v0x32471ae0_0, 0, 1;
    %jmp T_9.0;
    %end;
    .thread T_9;
    .scope S_0x324478f0;
T_10 ;
    %pushi/vec4 3735928559, 0, 32;
    %ix/load 4, 0, 0;
    %flag_set/imm 4, 0;
    %store/vec4a v0x32472370, 4, 0;
    %pushi/vec4 0, 0, 32;
    %ix/load 4, 1, 0;
    %flag_set/imm 4, 0;
    %store/vec4a v0x32472370, 4, 0;
    %pushi/vec4 4294967295, 0, 32;
    %ix/load 4, 2, 0;
    %flag_set/imm 4, 0;
    %store/vec4a v0x32472370, 4, 0;
    %pushi/vec4 2863311530, 0, 32;
    %ix/load 4, 3, 0;
    %flag_set/imm 4, 0;
    %store/vec4a v0x32472370, 4, 0;
    %pushi/vec4 1431655765, 0, 32;
    %ix/load 4, 4, 0;
    %flag_set/imm 4, 0;
    %store/vec4a v0x32472370, 4, 0;
    %pushi/vec4 305419896, 0, 32;
    %ix/load 4, 5, 0;
    %flag_set/imm 4, 0;
    %store/vec4a v0x32472370, 4, 0;
    %pushi/vec4 2596069104, 0, 32;
    %ix/load 4, 6, 0;
    %flag_set/imm 4, 0;
    %store/vec4a v0x32472370, 4, 0;
    %pushi/vec4 2147483648, 0, 32;
    %ix/load 4, 7, 0;
    %flag_set/imm 4, 0;
    %store/vec4a v0x32472370, 4, 0;
    %pushi/vec4 1, 0, 32;
    %ix/load 4, 8, 0;
    %flag_set/imm 4, 0;
    %store/vec4a v0x32472370, 4, 0;
    %pushi/vec4 4042322160, 0, 32;
    %ix/load 4, 9, 0;
    %flag_set/imm 4, 0;
    %store/vec4a v0x32472370, 4, 0;
    %end;
    .thread T_10;
    .scope S_0x324478f0;
T_11 ;
    %pushi/vec4 0, 0, 1;
    %store/vec4 v0x32472000_0, 0, 1;
    %pushi/vec4 0, 0, 1;
    %store/vec4 v0x32471c60_0, 0, 1;
    %pushi/vec4 0, 0, 1;
    %store/vec4 v0x32472200_0, 0, 1;
    %pushi/vec4 0, 0, 1;
    %store/vec4 v0x32471f30_0, 0, 1;
    %pushi/vec4 0, 0, 32;
    %store/vec4 v0x32471ba0_0, 0, 32;
    %pushi/vec4 0, 0, 1;
    %store/vec4 v0x32471d00_0, 0, 1;
    %vpi_call/w 4 89 "$display", "\000" {0 0 0};
    %vpi_call/w 4 90 "$display", "=====================================" {0 0 0};
    %vpi_call/w 4 91 "$display", "    PISO-SIPO CLEAN TESTBENCH" {0 0 0};
    %vpi_call/w 4 92 "$display", "    Testing %0d-bit transmission", P_0x324225b0 {0 0 0};
    %vpi_call/w 4 93 "$display", "=====================================" {0 0 0};
    %vpi_call/w 4 94 "$display", "\000" {0 0 0};
    %delay 30, 0;
    %pushi/vec4 1, 0, 1;
    %store/vec4 v0x32472000_0, 0, 1;
    %delay 20, 0;
    %pushi/vec4 0, 0, 32;
    %store/vec4 v0x324722d0_0, 0, 32;
T_11.0 ;
    %load/vec4 v0x324722d0_0;
    %cmpi/s 10, 0, 32;
    %jmp/0xz T_11.1, 5;
    %ix/getv/s 4, v0x324722d0_0;
    %load/vec4a v0x32472370, 4;
    %store/vec4 v0x32471900_0, 0, 32;
    %load/vec4 v0x324722d0_0;
    %addi 1, 0, 32;
    %store/vec4 v0x32471a00_0, 0, 32;
    %fork TD_tb_PISO_SIPO_clean.test_single_pattern, S_0x32471720;
    %join;
    ; show_stmt_assign_vector: Get l-value for compressed += operand
    %load/vec4 v0x324722d0_0;
    %pushi/vec4 1, 0, 32;
    %add;
    %store/vec4 v0x324722d0_0, 0, 32;
    %jmp T_11.0;
T_11.1 ;
    %vpi_call/w 4 107 "$display", "\000" {0 0 0};
    %vpi_call/w 4 108 "$display", "=====================================" {0 0 0};
    %vpi_call/w 4 109 "$display", "    ALL TESTS COMPLETED SUCCESSFULLY" {0 0 0};
    %vpi_call/w 4 110 "$display", "    Total patterns tested: %0d", v0x324722d0_0 {0 0 0};
    %vpi_call/w 4 111 "$display", "=====================================" {0 0 0};
    %vpi_call/w 4 112 "$display", "\000" {0 0 0};
    %vpi_call/w 4 114 "$finish" {0 0 0};
    %end;
    .thread T_11;
    .scope S_0x324478f0;
T_12 ;
    %vpi_call/w 4 202 "$dumpfile", "piso_sipo_clean.vcd" {0 0 0};
    %vpi_call/w 4 203 "$dumpvars", 32'sb00000000000000000000000000000000, S_0x324478f0 {0 0 0};
    %end;
    .thread T_12;
# The file index is used to find the file name in the following table.
:file_names 5;
    "N/A";
    "<interactive>";
    "-";
    "design.sv";
    "testbench.sv";
