#! /usr/local/bin/vvp
:ivl_version "12.0 (stable)";
:ivl_delay_selection "TYPICAL";
:vpi_time_precision + 0;
:vpi_module "/usr/local/lib/ivl/system.vpi";
:vpi_module "/usr/local/lib/ivl/vhdl_sys.vpi";
:vpi_module "/usr/local/lib/ivl/vhdl_textio.vpi";
:vpi_module "/usr/local/lib/ivl/v2005_math.vpi";
:vpi_module "/usr/local/lib/ivl/va_math.vpi";
:vpi_module "/usr/local/lib/ivl/v2009.vpi";
S_0x2c32cf20 .scope package, "$unit" "$unit" 2 1;
 .timescale 0 0;
S_0x2c336c90 .scope module, "CLA_Adder_TB" "CLA_Adder_TB" 3 1;
 .timescale 0 0;
P_0x2c336e20 .param/l "CLK_PERIOD" 0 3 5, +C4<00000000000000000000000000001010>;
P_0x2c336e60 .param/l "N" 0 3 4, +C4<00000000000000000000000000010000>;
P_0x2c336ea0 .param/l "NUM_TESTS" 0 3 6, +C4<00000000000000000000000000011010>;
v0x2c3933f0_0 .var "A", 15 0;
v0x2c393500_0 .var "B", 15 0;
v0x2c3935d0_0 .var "Cin", 0 0;
v0x2c3936d0_0 .net "Cout", 0 0, v0x2c391e20_0;  1 drivers
v0x2c3937a0_0 .net "Sum", 15 0, v0x2c392400_0;  1 drivers
v0x2c393890_0 .var "clk", 0 0;
v0x2c393960 .array "expected_cout", 25 0, 0 0;
v0x2c393a00 .array "expected_sum", 25 0, 15 0;
v0x2c393aa0_0 .var/i "fail_count", 31 0;
v0x2c393bd0_0 .var/i "pass_count", 31 0;
v0x2c393c70_0 .var "reset_n", 0 0;
v0x2c393d40 .array "test_A", 25 0, 15 0;
v0x2c393de0 .array "test_B", 25 0, 15 0;
v0x2c393ea0 .array "test_Cin", 25 0, 0 0;
v0x2c393f40_0 .var/i "test_count", 31 0;
S_0x2c336f40 .scope begin, "$unm_blk_14" "$unm_blk_14" 3 238, 3 238 0, S_0x2c336c90;
 .timescale 0 0;
v0x2c36feb0_0 .var/i "i", 31 0;
E_0x2c32cc20 .event posedge, v0x2c3924e0_0;
S_0x2c391430 .scope module, "dut" "CLA_Adder" 3 29, 4 1 0, S_0x2c336c90;
 .timescale 0 0;
    .port_info 0 /INPUT 1 "clk";
    .port_info 1 /INPUT 1 "reset_n";
    .port_info 2 /INPUT 16 "A";
    .port_info 3 /INPUT 16 "B";
    .port_info 4 /INPUT 1 "Cin";
    .port_info 5 /OUTPUT 16 "Sum";
    .port_info 6 /OUTPUT 1 "Cout";
P_0x2c391630 .param/l "N" 0 4 2, +C4<00000000000000000000000000010000>;
L_0x2c394020 .functor XOR 16, v0x2c3933f0_0, v0x2c393500_0, C4<0000000000000000>, C4<0000000000000000>;
L_0x2c394130 .functor AND 16, v0x2c3933f0_0, v0x2c393500_0, C4<1111111111111111>, C4<1111111111111111>;
v0x2c391b70_0 .net "A", 15 0, v0x2c3933f0_0;  1 drivers
v0x2c391c70_0 .net "B", 15 0, v0x2c393500_0;  1 drivers
v0x2c391d50_0 .net "Cin", 0 0, v0x2c3935d0_0;  1 drivers
v0x2c391e20_0 .var "Cout", 0 0;
v0x2c391ee0_0 .var "Cs", 16 0;
v0x2c392010_0 .net "G", 15 0, L_0x2c394130;  1 drivers
v0x2c3920f0_0 .var "NextCout", 0 0;
v0x2c3921b0_0 .var "NextSum", 15 0;
v0x2c392290_0 .net "P", 15 0, L_0x2c394020;  1 drivers
v0x2c392400_0 .var "Sum", 15 0;
v0x2c3924e0_0 .net "clk", 0 0, v0x2c393890_0;  1 drivers
v0x2c3925a0_0 .net "reset_n", 0 0, v0x2c393c70_0;  1 drivers
E_0x2c391710/0 .event anyedge, v0x2c391d50_0, v0x2c392290_0, v0x2c392010_0, v0x2c391ee0_0;
E_0x2c391710/1 .event anyedge, v0x2c391ee0_0;
E_0x2c391710 .event/or E_0x2c391710/0, E_0x2c391710/1;
S_0x2c391870 .scope begin, "$ivl_for_loop0" "$ivl_for_loop0" 4 24, 4 24 0, S_0x2c391430;
 .timescale 0 0;
v0x2c391a70_0 .var/2s "i", 31 0;
S_0x2c392780 .scope task, "test_random" "test_random" 3 190, 3 190 0, S_0x2c336c90;
 .timescale 0 0;
v0x2c392910_0 .var "actual_result", 16 0;
v0x2c3929f0_0 .var "calc_sum", 16 0;
v0x2c392ad0_0 .var "expected_result", 16 0;
v0x2c392bc0_0 .var "rand_A", 15 0;
v0x2c392ca0_0 .var "rand_B", 15 0;
v0x2c392dd0_0 .var "rand_Cin", 0 0;
v0x2c392e90_0 .var/i "test_num", 31 0;
TD_CLA_Adder_TB.test_random ;
    %load/vec4 v0x2c393f40_0;
    %addi 1, 0, 32;
    %store/vec4 v0x2c393f40_0, 0, 32;
    %vpi_func 3 200 "$random" 32 {0 0 0};
    %pad/s 16;
    %store/vec4 v0x2c392bc0_0, 0, 16;
    %vpi_func 3 201 "$random" 32 {0 0 0};
    %pad/s 16;
    %store/vec4 v0x2c392ca0_0, 0, 16;
    %vpi_func 3 202 "$random" 32 {0 0 0};
    %pushi/vec4 1, 0, 32;
    %and;
    %pad/u 1;
    %store/vec4 v0x2c392dd0_0, 0, 1;
    %load/vec4 v0x2c392bc0_0;
    %pad/u 17;
    %load/vec4 v0x2c392ca0_0;
    %pad/u 17;
    %add;
    %load/vec4 v0x2c392dd0_0;
    %pad/u 17;
    %add;
    %store/vec4 v0x2c3929f0_0, 0, 17;
    %load/vec4 v0x2c392bc0_0;
    %store/vec4 v0x2c3933f0_0, 0, 16;
    %load/vec4 v0x2c392ca0_0;
    %store/vec4 v0x2c393500_0, 0, 16;
    %load/vec4 v0x2c392dd0_0;
    %store/vec4 v0x2c3935d0_0, 0, 1;
    %delay 1, 0;
    %wait E_0x2c32cc20;
    %delay 1, 0;
    %load/vec4 v0x2c3929f0_0;
    %store/vec4 v0x2c392ad0_0, 0, 17;
    %load/vec4 v0x2c3936d0_0;
    %load/vec4 v0x2c3937a0_0;
    %concat/vec4; draw_concat_vec4
    %store/vec4 v0x2c392910_0, 0, 17;
    %load/vec4 v0x2c392910_0;
    %load/vec4 v0x2c392ad0_0;
    %cmp/e;
    %jmp/0xz  T_0.0, 6;
    %vpi_call/w 3 222 "$display", "PASS: Random Test %2d", v0x2c392e90_0 {0 0 0};
    %vpi_call/w 3 223 "$display", "      A=%h, B=%h, Cin=%b => Sum=%h, Cout=%b", v0x2c3933f0_0, v0x2c393500_0, v0x2c3935d0_0, v0x2c3937a0_0, v0x2c3936d0_0 {0 0 0};
    %load/vec4 v0x2c393bd0_0;
    %addi 1, 0, 32;
    %store/vec4 v0x2c393bd0_0, 0, 32;
    %jmp T_0.1;
T_0.0 ;
    %vpi_call/w 3 227 "$display", "FAIL: Random Test %2d", v0x2c392e90_0 {0 0 0};
    %vpi_call/w 3 228 "$display", "      A=%h, B=%h, Cin=%b", v0x2c3933f0_0, v0x2c393500_0, v0x2c3935d0_0 {0 0 0};
    %vpi_call/w 3 229 "$display", "      Expected: Sum=%h, Cout=%b", &PV<v0x2c3929f0_0, 0, 16>, &PV<v0x2c3929f0_0, 16, 1> {0 0 0};
    %vpi_call/w 3 230 "$display", "      Actual:   Sum=%h, Cout=%b", v0x2c3937a0_0, v0x2c3936d0_0 {0 0 0};
    %load/vec4 v0x2c393aa0_0;
    %addi 1, 0, 32;
    %store/vec4 v0x2c393aa0_0, 0, 32;
T_0.1 ;
    %vpi_call/w 3 233 "$display", "\000" {0 0 0};
    %end;
S_0x2c392f70 .scope task, "test_single" "test_single" 3 153, 3 153 0, S_0x2c336c90;
 .timescale 0 0;
v0x2c393150_0 .var "actual_result", 16 0;
v0x2c393250_0 .var "expected_result", 16 0;
v0x2c393330_0 .var/i "test_index", 31 0;
TD_CLA_Adder_TB.test_single ;
    %load/vec4 v0x2c393f40_0;
    %addi 1, 0, 32;
    %store/vec4 v0x2c393f40_0, 0, 32;
    %ix/getv/s 4, v0x2c393330_0;
    %load/vec4a v0x2c393d40, 4;
    %store/vec4 v0x2c3933f0_0, 0, 16;
    %ix/getv/s 4, v0x2c393330_0;
    %load/vec4a v0x2c393de0, 4;
    %store/vec4 v0x2c393500_0, 0, 16;
    %ix/getv/s 4, v0x2c393330_0;
    %load/vec4a v0x2c393ea0, 4;
    %store/vec4 v0x2c3935d0_0, 0, 1;
    %delay 1, 0;
    %wait E_0x2c32cc20;
    %delay 1, 0;
    %ix/getv/s 4, v0x2c393330_0;
    %load/vec4a v0x2c393960, 4;
    %ix/getv/s 4, v0x2c393330_0;
    %load/vec4a v0x2c393a00, 4;
    %concat/vec4; draw_concat_vec4
    %store/vec4 v0x2c393250_0, 0, 17;
    %load/vec4 v0x2c3936d0_0;
    %load/vec4 v0x2c3937a0_0;
    %concat/vec4; draw_concat_vec4
    %store/vec4 v0x2c393150_0, 0, 17;
    %load/vec4 v0x2c393150_0;
    %load/vec4 v0x2c393250_0;
    %cmp/e;
    %jmp/0xz  T_1.2, 6;
    %vpi_call/w 3 174 "$display", "PASS: Test %2d", v0x2c393f40_0 {0 0 0};
    %vpi_call/w 3 175 "$display", "      A=%h, B=%h, Cin=%b => Sum=%h, Cout=%b", v0x2c3933f0_0, v0x2c393500_0, v0x2c3935d0_0, v0x2c3937a0_0, v0x2c3936d0_0 {0 0 0};
    %load/vec4 v0x2c393bd0_0;
    %addi 1, 0, 32;
    %store/vec4 v0x2c393bd0_0, 0, 32;
    %jmp T_1.3;
T_1.2 ;
    %vpi_call/w 3 179 "$display", "FAIL: Test %2d", v0x2c393f40_0 {0 0 0};
    %vpi_call/w 3 180 "$display", "      A=%h, B=%h, Cin=%b", v0x2c3933f0_0, v0x2c393500_0, v0x2c3935d0_0 {0 0 0};
    %vpi_call/w 3 181 "$display", "      Expected: Sum=%h, Cout=%b", &A<v0x2c393a00, v0x2c393330_0 >, &A<v0x2c393960, v0x2c393330_0 > {0 0 0};
    %vpi_call/w 3 182 "$display", "      Actual:   Sum=%h, Cout=%b", v0x2c3937a0_0, v0x2c3936d0_0 {0 0 0};
    %load/vec4 v0x2c393aa0_0;
    %addi 1, 0, 32;
    %store/vec4 v0x2c393aa0_0, 0, 32;
T_1.3 ;
    %vpi_call/w 3 185 "$display", "\000" {0 0 0};
    %end;
    .scope S_0x2c391430;
T_2 ;
Ewait_0 .event/or E_0x2c391710, E_0x0;
    %wait Ewait_0;
    %load/vec4 v0x2c391d50_0;
    %ix/load 4, 0, 0;
    %flag_set/imm 4, 0;
    %store/vec4 v0x2c391ee0_0, 4, 1;
    %fork t_1, S_0x2c391870;
    %jmp t_0;
    .scope S_0x2c391870;
t_1 ;
    %pushi/vec4 0, 0, 32;
    %store/vec4 v0x2c391a70_0, 0, 32;
T_2.0 ;
    %load/vec4 v0x2c391a70_0;
    %cmpi/s 16, 0, 32;
    %jmp/0xz T_2.1, 5;
    %load/vec4 v0x2c392290_0;
    %load/vec4 v0x2c391a70_0;
    %part/s 1;
    %load/vec4 v0x2c391ee0_0;
    %load/vec4 v0x2c391a70_0;
    %part/s 1;
    %and;
    %load/vec4 v0x2c392010_0;
    %load/vec4 v0x2c391a70_0;
    %part/s 1;
    %or;
    %load/vec4 v0x2c391a70_0;
    %addi 1, 0, 32;
    %ix/vec4/s 4;
    %store/vec4 v0x2c391ee0_0, 4, 1;
    ; show_stmt_assign_vector: Get l-value for compressed += operand
    %load/vec4 v0x2c391a70_0;
    %pushi/vec4 1, 0, 32;
    %add;
    %cast2;
    %store/vec4 v0x2c391a70_0, 0, 32;
    %jmp T_2.0;
T_2.1 ;
    %end;
    .scope S_0x2c391430;
t_0 %join;
    %load/vec4 v0x2c392290_0;
    %load/vec4 v0x2c391ee0_0;
    %parti/s 16, 0, 2;
    %xor;
    %store/vec4 v0x2c3921b0_0, 0, 16;
    %load/vec4 v0x2c391ee0_0;
    %parti/s 1, 16, 6;
    %store/vec4 v0x2c3920f0_0, 0, 1;
    %jmp T_2;
    .thread T_2, $push;
    .scope S_0x2c391430;
T_3 ;
    %wait E_0x2c32cc20;
    %load/vec4 v0x2c3925a0_0;
    %nor/r;
    %flag_set/vec4 8;
    %jmp/0xz  T_3.0, 8;
    %pushi/vec4 0, 0, 16;
    %assign/vec4 v0x2c392400_0, 0;
    %pushi/vec4 0, 0, 1;
    %assign/vec4 v0x2c391e20_0, 0;
    %jmp T_3.1;
T_3.0 ;
    %load/vec4 v0x2c3921b0_0;
    %assign/vec4 v0x2c392400_0, 0;
    %load/vec4 v0x2c3920f0_0;
    %assign/vec4 v0x2c391e20_0, 0;
T_3.1 ;
    %jmp T_3;
    .thread T_3;
    .scope S_0x2c336c90;
T_4 ;
    %pushi/vec4 0, 0, 32;
    %store/vec4 v0x2c393f40_0, 0, 32;
    %pushi/vec4 0, 0, 32;
    %store/vec4 v0x2c393bd0_0, 0, 32;
    %pushi/vec4 0, 0, 32;
    %store/vec4 v0x2c393aa0_0, 0, 32;
    %end;
    .thread T_4, $init;
    .scope S_0x2c336c90;
T_5 ;
    %pushi/vec4 0, 0, 1;
    %store/vec4 v0x2c393890_0, 0, 1;
T_5.0 ;
    %delay 5, 0;
    %load/vec4 v0x2c393890_0;
    %inv;
    %store/vec4 v0x2c393890_0, 0, 1;
    %jmp T_5.0;
    %end;
    .thread T_5;
    .scope S_0x2c336c90;
T_6 ;
    %pushi/vec4 0, 0, 16;
    %ix/load 4, 0, 0;
    %flag_set/imm 4, 0;
    %store/vec4a v0x2c393d40, 4, 0;
    %pushi/vec4 0, 0, 16;
    %ix/load 4, 0, 0;
    %flag_set/imm 4, 0;
    %store/vec4a v0x2c393de0, 4, 0;
    %pushi/vec4 0, 0, 1;
    %ix/load 4, 0, 0;
    %flag_set/imm 4, 0;
    %store/vec4a v0x2c393ea0, 4, 0;
    %pushi/vec4 0, 0, 16;
    %ix/load 4, 0, 0;
    %flag_set/imm 4, 0;
    %store/vec4a v0x2c393a00, 4, 0;
    %pushi/vec4 0, 0, 1;
    %ix/load 4, 0, 0;
    %flag_set/imm 4, 0;
    %store/vec4a v0x2c393960, 4, 0;
    %pushi/vec4 0, 0, 16;
    %ix/load 4, 1, 0;
    %flag_set/imm 4, 0;
    %store/vec4a v0x2c393d40, 4, 0;
    %pushi/vec4 0, 0, 16;
    %ix/load 4, 1, 0;
    %flag_set/imm 4, 0;
    %store/vec4a v0x2c393de0, 4, 0;
    %pushi/vec4 1, 0, 1;
    %ix/load 4, 1, 0;
    %flag_set/imm 4, 0;
    %store/vec4a v0x2c393ea0, 4, 0;
    %pushi/vec4 1, 0, 16;
    %ix/load 4, 1, 0;
    %flag_set/imm 4, 0;
    %store/vec4a v0x2c393a00, 4, 0;
    %pushi/vec4 0, 0, 1;
    %ix/load 4, 1, 0;
    %flag_set/imm 4, 0;
    %store/vec4a v0x2c393960, 4, 0;
    %pushi/vec4 1, 0, 16;
    %ix/load 4, 2, 0;
    %flag_set/imm 4, 0;
    %store/vec4a v0x2c393d40, 4, 0;
    %pushi/vec4 1, 0, 16;
    %ix/load 4, 2, 0;
    %flag_set/imm 4, 0;
    %store/vec4a v0x2c393de0, 4, 0;
    %pushi/vec4 0, 0, 1;
    %ix/load 4, 2, 0;
    %flag_set/imm 4, 0;
    %store/vec4a v0x2c393ea0, 4, 0;
    %pushi/vec4 2, 0, 16;
    %ix/load 4, 2, 0;
    %flag_set/imm 4, 0;
    %store/vec4a v0x2c393a00, 4, 0;
    %pushi/vec4 0, 0, 1;
    %ix/load 4, 2, 0;
    %flag_set/imm 4, 0;
    %store/vec4a v0x2c393960, 4, 0;
    %pushi/vec4 1, 0, 16;
    %ix/load 4, 3, 0;
    %flag_set/imm 4, 0;
    %store/vec4a v0x2c393d40, 4, 0;
    %pushi/vec4 1, 0, 16;
    %ix/load 4, 3, 0;
    %flag_set/imm 4, 0;
    %store/vec4a v0x2c393de0, 4, 0;
    %pushi/vec4 1, 0, 1;
    %ix/load 4, 3, 0;
    %flag_set/imm 4, 0;
    %store/vec4a v0x2c393ea0, 4, 0;
    %pushi/vec4 3, 0, 16;
    %ix/load 4, 3, 0;
    %flag_set/imm 4, 0;
    %store/vec4a v0x2c393a00, 4, 0;
    %pushi/vec4 0, 0, 1;
    %ix/load 4, 3, 0;
    %flag_set/imm 4, 0;
    %store/vec4a v0x2c393960, 4, 0;
    %pushi/vec4 65535, 0, 16;
    %ix/load 4, 4, 0;
    %flag_set/imm 4, 0;
    %store/vec4a v0x2c393d40, 4, 0;
    %pushi/vec4 0, 0, 16;
    %ix/load 4, 4, 0;
    %flag_set/imm 4, 0;
    %store/vec4a v0x2c393de0, 4, 0;
    %pushi/vec4 0, 0, 1;
    %ix/load 4, 4, 0;
    %flag_set/imm 4, 0;
    %store/vec4a v0x2c393ea0, 4, 0;
    %pushi/vec4 65535, 0, 16;
    %ix/load 4, 4, 0;
    %flag_set/imm 4, 0;
    %store/vec4a v0x2c393a00, 4, 0;
    %pushi/vec4 0, 0, 1;
    %ix/load 4, 4, 0;
    %flag_set/imm 4, 0;
    %store/vec4a v0x2c393960, 4, 0;
    %pushi/vec4 65535, 0, 16;
    %ix/load 4, 5, 0;
    %flag_set/imm 4, 0;
    %store/vec4a v0x2c393d40, 4, 0;
    %pushi/vec4 1, 0, 16;
    %ix/load 4, 5, 0;
    %flag_set/imm 4, 0;
    %store/vec4a v0x2c393de0, 4, 0;
    %pushi/vec4 0, 0, 1;
    %ix/load 4, 5, 0;
    %flag_set/imm 4, 0;
    %store/vec4a v0x2c393ea0, 4, 0;
    %pushi/vec4 0, 0, 16;
    %ix/load 4, 5, 0;
    %flag_set/imm 4, 0;
    %store/vec4a v0x2c393a00, 4, 0;
    %pushi/vec4 1, 0, 1;
    %ix/load 4, 5, 0;
    %flag_set/imm 4, 0;
    %store/vec4a v0x2c393960, 4, 0;
    %pushi/vec4 65535, 0, 16;
    %ix/load 4, 6, 0;
    %flag_set/imm 4, 0;
    %store/vec4a v0x2c393d40, 4, 0;
    %pushi/vec4 65535, 0, 16;
    %ix/load 4, 6, 0;
    %flag_set/imm 4, 0;
    %store/vec4a v0x2c393de0, 4, 0;
    %pushi/vec4 0, 0, 1;
    %ix/load 4, 6, 0;
    %flag_set/imm 4, 0;
    %store/vec4a v0x2c393ea0, 4, 0;
    %pushi/vec4 65534, 0, 16;
    %ix/load 4, 6, 0;
    %flag_set/imm 4, 0;
    %store/vec4a v0x2c393a00, 4, 0;
    %pushi/vec4 1, 0, 1;
    %ix/load 4, 6, 0;
    %flag_set/imm 4, 0;
    %store/vec4a v0x2c393960, 4, 0;
    %pushi/vec4 65535, 0, 16;
    %ix/load 4, 7, 0;
    %flag_set/imm 4, 0;
    %store/vec4a v0x2c393d40, 4, 0;
    %pushi/vec4 65535, 0, 16;
    %ix/load 4, 7, 0;
    %flag_set/imm 4, 0;
    %store/vec4a v0x2c393de0, 4, 0;
    %pushi/vec4 1, 0, 1;
    %ix/load 4, 7, 0;
    %flag_set/imm 4, 0;
    %store/vec4a v0x2c393ea0, 4, 0;
    %pushi/vec4 65535, 0, 16;
    %ix/load 4, 7, 0;
    %flag_set/imm 4, 0;
    %store/vec4a v0x2c393a00, 4, 0;
    %pushi/vec4 1, 0, 1;
    %ix/load 4, 7, 0;
    %flag_set/imm 4, 0;
    %store/vec4a v0x2c393960, 4, 0;
    %pushi/vec4 2, 0, 16;
    %ix/load 4, 8, 0;
    %flag_set/imm 4, 0;
    %store/vec4a v0x2c393d40, 4, 0;
    %pushi/vec4 2, 0, 16;
    %ix/load 4, 8, 0;
    %flag_set/imm 4, 0;
    %store/vec4a v0x2c393de0, 4, 0;
    %pushi/vec4 0, 0, 1;
    %ix/load 4, 8, 0;
    %flag_set/imm 4, 0;
    %store/vec4a v0x2c393ea0, 4, 0;
    %pushi/vec4 4, 0, 16;
    %ix/load 4, 8, 0;
    %flag_set/imm 4, 0;
    %store/vec4a v0x2c393a00, 4, 0;
    %pushi/vec4 0, 0, 1;
    %ix/load 4, 8, 0;
    %flag_set/imm 4, 0;
    %store/vec4a v0x2c393960, 4, 0;
    %pushi/vec4 4, 0, 16;
    %ix/load 4, 9, 0;
    %flag_set/imm 4, 0;
    %store/vec4a v0x2c393d40, 4, 0;
    %pushi/vec4 4, 0, 16;
    %ix/load 4, 9, 0;
    %flag_set/imm 4, 0;
    %store/vec4a v0x2c393de0, 4, 0;
    %pushi/vec4 0, 0, 1;
    %ix/load 4, 9, 0;
    %flag_set/imm 4, 0;
    %store/vec4a v0x2c393ea0, 4, 0;
    %pushi/vec4 8, 0, 16;
    %ix/load 4, 9, 0;
    %flag_set/imm 4, 0;
    %store/vec4a v0x2c393a00, 4, 0;
    %pushi/vec4 0, 0, 1;
    %ix/load 4, 9, 0;
    %flag_set/imm 4, 0;
    %store/vec4a v0x2c393960, 4, 0;
    %pushi/vec4 8, 0, 16;
    %ix/load 4, 10, 0;
    %flag_set/imm 4, 0;
    %store/vec4a v0x2c393d40, 4, 0;
    %pushi/vec4 8, 0, 16;
    %ix/load 4, 10, 0;
    %flag_set/imm 4, 0;
    %store/vec4a v0x2c393de0, 4, 0;
    %pushi/vec4 0, 0, 1;
    %ix/load 4, 10, 0;
    %flag_set/imm 4, 0;
    %store/vec4a v0x2c393ea0, 4, 0;
    %pushi/vec4 16, 0, 16;
    %ix/load 4, 10, 0;
    %flag_set/imm 4, 0;
    %store/vec4a v0x2c393a00, 4, 0;
    %pushi/vec4 0, 0, 1;
    %ix/load 4, 10, 0;
    %flag_set/imm 4, 0;
    %store/vec4a v0x2c393960, 4, 0;
    %pushi/vec4 32768, 0, 16;
    %ix/load 4, 11, 0;
    %flag_set/imm 4, 0;
    %store/vec4a v0x2c393d40, 4, 0;
    %pushi/vec4 32768, 0, 16;
    %ix/load 4, 11, 0;
    %flag_set/imm 4, 0;
    %store/vec4a v0x2c393de0, 4, 0;
    %pushi/vec4 0, 0, 1;
    %ix/load 4, 11, 0;
    %flag_set/imm 4, 0;
    %store/vec4a v0x2c393ea0, 4, 0;
    %pushi/vec4 0, 0, 16;
    %ix/load 4, 11, 0;
    %flag_set/imm 4, 0;
    %store/vec4a v0x2c393a00, 4, 0;
    %pushi/vec4 1, 0, 1;
    %ix/load 4, 11, 0;
    %flag_set/imm 4, 0;
    %store/vec4a v0x2c393960, 4, 0;
    %pushi/vec4 21845, 0, 16;
    %ix/load 4, 12, 0;
    %flag_set/imm 4, 0;
    %store/vec4a v0x2c393d40, 4, 0;
    %pushi/vec4 43690, 0, 16;
    %ix/load 4, 12, 0;
    %flag_set/imm 4, 0;
    %store/vec4a v0x2c393de0, 4, 0;
    %pushi/vec4 0, 0, 1;
    %ix/load 4, 12, 0;
    %flag_set/imm 4, 0;
    %store/vec4a v0x2c393ea0, 4, 0;
    %pushi/vec4 65535, 0, 16;
    %ix/load 4, 12, 0;
    %flag_set/imm 4, 0;
    %store/vec4a v0x2c393a00, 4, 0;
    %pushi/vec4 0, 0, 1;
    %ix/load 4, 12, 0;
    %flag_set/imm 4, 0;
    %store/vec4a v0x2c393960, 4, 0;
    %pushi/vec4 43690, 0, 16;
    %ix/load 4, 13, 0;
    %flag_set/imm 4, 0;
    %store/vec4a v0x2c393d40, 4, 0;
    %pushi/vec4 21845, 0, 16;
    %ix/load 4, 13, 0;
    %flag_set/imm 4, 0;
    %store/vec4a v0x2c393de0, 4, 0;
    %pushi/vec4 0, 0, 1;
    %ix/load 4, 13, 0;
    %flag_set/imm 4, 0;
    %store/vec4a v0x2c393ea0, 4, 0;
    %pushi/vec4 65535, 0, 16;
    %ix/load 4, 13, 0;
    %flag_set/imm 4, 0;
    %store/vec4a v0x2c393a00, 4, 0;
    %pushi/vec4 0, 0, 1;
    %ix/load 4, 13, 0;
    %flag_set/imm 4, 0;
    %store/vec4a v0x2c393960, 4, 0;
    %pushi/vec4 21845, 0, 16;
    %ix/load 4, 14, 0;
    %flag_set/imm 4, 0;
    %store/vec4a v0x2c393d40, 4, 0;
    %pushi/vec4 43690, 0, 16;
    %ix/load 4, 14, 0;
    %flag_set/imm 4, 0;
    %store/vec4a v0x2c393de0, 4, 0;
    %pushi/vec4 1, 0, 1;
    %ix/load 4, 14, 0;
    %flag_set/imm 4, 0;
    %store/vec4a v0x2c393ea0, 4, 0;
    %pushi/vec4 0, 0, 16;
    %ix/load 4, 14, 0;
    %flag_set/imm 4, 0;
    %store/vec4a v0x2c393a00, 4, 0;
    %pushi/vec4 1, 0, 1;
    %ix/load 4, 14, 0;
    %flag_set/imm 4, 0;
    %store/vec4a v0x2c393960, 4, 0;
    %pushi/vec4 4660, 0, 16;
    %ix/load 4, 15, 0;
    %flag_set/imm 4, 0;
    %store/vec4a v0x2c393d40, 4, 0;
    %pushi/vec4 22136, 0, 16;
    %ix/load 4, 15, 0;
    %flag_set/imm 4, 0;
    %store/vec4a v0x2c393de0, 4, 0;
    %pushi/vec4 0, 0, 1;
    %ix/load 4, 15, 0;
    %flag_set/imm 4, 0;
    %store/vec4a v0x2c393ea0, 4, 0;
    %pushi/vec4 26796, 0, 16;
    %ix/load 4, 15, 0;
    %flag_set/imm 4, 0;
    %store/vec4a v0x2c393a00, 4, 0;
    %pushi/vec4 0, 0, 1;
    %ix/load 4, 15, 0;
    %flag_set/imm 4, 0;
    %store/vec4a v0x2c393960, 4, 0;
    %pushi/vec4 43981, 0, 16;
    %ix/load 4, 16, 0;
    %flag_set/imm 4, 0;
    %store/vec4a v0x2c393d40, 4, 0;
    %pushi/vec4 4660, 0, 16;
    %ix/load 4, 16, 0;
    %flag_set/imm 4, 0;
    %store/vec4a v0x2c393de0, 4, 0;
    %pushi/vec4 0, 0, 1;
    %ix/load 4, 16, 0;
    %flag_set/imm 4, 0;
    %store/vec4a v0x2c393ea0, 4, 0;
    %pushi/vec4 48641, 0, 16;
    %ix/load 4, 16, 0;
    %flag_set/imm 4, 0;
    %store/vec4a v0x2c393a00, 4, 0;
    %pushi/vec4 0, 0, 1;
    %ix/load 4, 16, 0;
    %flag_set/imm 4, 0;
    %store/vec4a v0x2c393960, 4, 0;
    %pushi/vec4 32767, 0, 16;
    %ix/load 4, 17, 0;
    %flag_set/imm 4, 0;
    %store/vec4a v0x2c393d40, 4, 0;
    %pushi/vec4 1, 0, 16;
    %ix/load 4, 17, 0;
    %flag_set/imm 4, 0;
    %store/vec4a v0x2c393de0, 4, 0;
    %pushi/vec4 0, 0, 1;
    %ix/load 4, 17, 0;
    %flag_set/imm 4, 0;
    %store/vec4a v0x2c393ea0, 4, 0;
    %pushi/vec4 32768, 0, 16;
    %ix/load 4, 17, 0;
    %flag_set/imm 4, 0;
    %store/vec4a v0x2c393a00, 4, 0;
    %pushi/vec4 0, 0, 1;
    %ix/load 4, 17, 0;
    %flag_set/imm 4, 0;
    %store/vec4a v0x2c393960, 4, 0;
    %pushi/vec4 32768, 0, 16;
    %ix/load 4, 18, 0;
    %flag_set/imm 4, 0;
    %store/vec4a v0x2c393d40, 4, 0;
    %pushi/vec4 32767, 0, 16;
    %ix/load 4, 18, 0;
    %flag_set/imm 4, 0;
    %store/vec4a v0x2c393de0, 4, 0;
    %pushi/vec4 1, 0, 1;
    %ix/load 4, 18, 0;
    %flag_set/imm 4, 0;
    %store/vec4a v0x2c393ea0, 4, 0;
    %pushi/vec4 0, 0, 16;
    %ix/load 4, 18, 0;
    %flag_set/imm 4, 0;
    %store/vec4a v0x2c393a00, 4, 0;
    %pushi/vec4 1, 0, 1;
    %ix/load 4, 18, 0;
    %flag_set/imm 4, 0;
    %store/vec4a v0x2c393960, 4, 0;
    %pushi/vec4 255, 0, 16;
    %ix/load 4, 19, 0;
    %flag_set/imm 4, 0;
    %store/vec4a v0x2c393d40, 4, 0;
    %pushi/vec4 1, 0, 16;
    %ix/load 4, 19, 0;
    %flag_set/imm 4, 0;
    %store/vec4a v0x2c393de0, 4, 0;
    %pushi/vec4 0, 0, 1;
    %ix/load 4, 19, 0;
    %flag_set/imm 4, 0;
    %store/vec4a v0x2c393ea0, 4, 0;
    %pushi/vec4 256, 0, 16;
    %ix/load 4, 19, 0;
    %flag_set/imm 4, 0;
    %store/vec4a v0x2c393a00, 4, 0;
    %pushi/vec4 0, 0, 1;
    %ix/load 4, 19, 0;
    %flag_set/imm 4, 0;
    %store/vec4a v0x2c393960, 4, 0;
    %pushi/vec4 4095, 0, 16;
    %ix/load 4, 20, 0;
    %flag_set/imm 4, 0;
    %store/vec4a v0x2c393d40, 4, 0;
    %pushi/vec4 1, 0, 16;
    %ix/load 4, 20, 0;
    %flag_set/imm 4, 0;
    %store/vec4a v0x2c393de0, 4, 0;
    %pushi/vec4 0, 0, 1;
    %ix/load 4, 20, 0;
    %flag_set/imm 4, 0;
    %store/vec4a v0x2c393ea0, 4, 0;
    %pushi/vec4 4096, 0, 16;
    %ix/load 4, 20, 0;
    %flag_set/imm 4, 0;
    %store/vec4a v0x2c393a00, 4, 0;
    %pushi/vec4 0, 0, 1;
    %ix/load 4, 20, 0;
    %flag_set/imm 4, 0;
    %store/vec4a v0x2c393960, 4, 0;
    %pushi/vec4 32767, 0, 16;
    %ix/load 4, 21, 0;
    %flag_set/imm 4, 0;
    %store/vec4a v0x2c393d40, 4, 0;
    %pushi/vec4 1, 0, 16;
    %ix/load 4, 21, 0;
    %flag_set/imm 4, 0;
    %store/vec4a v0x2c393de0, 4, 0;
    %pushi/vec4 0, 0, 1;
    %ix/load 4, 21, 0;
    %flag_set/imm 4, 0;
    %store/vec4a v0x2c393ea0, 4, 0;
    %pushi/vec4 32768, 0, 16;
    %ix/load 4, 21, 0;
    %flag_set/imm 4, 0;
    %store/vec4a v0x2c393a00, 4, 0;
    %pushi/vec4 0, 0, 1;
    %ix/load 4, 21, 0;
    %flag_set/imm 4, 0;
    %store/vec4a v0x2c393960, 4, 0;
    %pushi/vec4 0, 0, 16;
    %ix/load 4, 22, 0;
    %flag_set/imm 4, 0;
    %store/vec4a v0x2c393d40, 4, 0;
    %pushi/vec4 65535, 0, 16;
    %ix/load 4, 22, 0;
    %flag_set/imm 4, 0;
    %store/vec4a v0x2c393de0, 4, 0;
    %pushi/vec4 0, 0, 1;
    %ix/load 4, 22, 0;
    %flag_set/imm 4, 0;
    %store/vec4a v0x2c393ea0, 4, 0;
    %pushi/vec4 65535, 0, 16;
    %ix/load 4, 22, 0;
    %flag_set/imm 4, 0;
    %store/vec4a v0x2c393a00, 4, 0;
    %pushi/vec4 0, 0, 1;
    %ix/load 4, 22, 0;
    %flag_set/imm 4, 0;
    %store/vec4a v0x2c393960, 4, 0;
    %pushi/vec4 0, 0, 16;
    %ix/load 4, 23, 0;
    %flag_set/imm 4, 0;
    %store/vec4a v0x2c393d40, 4, 0;
    %pushi/vec4 65535, 0, 16;
    %ix/load 4, 23, 0;
    %flag_set/imm 4, 0;
    %store/vec4a v0x2c393de0, 4, 0;
    %pushi/vec4 1, 0, 1;
    %ix/load 4, 23, 0;
    %flag_set/imm 4, 0;
    %store/vec4a v0x2c393ea0, 4, 0;
    %pushi/vec4 0, 0, 16;
    %ix/load 4, 23, 0;
    %flag_set/imm 4, 0;
    %store/vec4a v0x2c393a00, 4, 0;
    %pushi/vec4 1, 0, 1;
    %ix/load 4, 23, 0;
    %flag_set/imm 4, 0;
    %store/vec4a v0x2c393960, 4, 0;
    %pushi/vec4 1, 0, 16;
    %ix/load 4, 24, 0;
    %flag_set/imm 4, 0;
    %store/vec4a v0x2c393d40, 4, 0;
    %pushi/vec4 65534, 0, 16;
    %ix/load 4, 24, 0;
    %flag_set/imm 4, 0;
    %store/vec4a v0x2c393de0, 4, 0;
    %pushi/vec4 0, 0, 1;
    %ix/load 4, 24, 0;
    %flag_set/imm 4, 0;
    %store/vec4a v0x2c393ea0, 4, 0;
    %pushi/vec4 65535, 0, 16;
    %ix/load 4, 24, 0;
    %flag_set/imm 4, 0;
    %store/vec4a v0x2c393a00, 4, 0;
    %pushi/vec4 0, 0, 1;
    %ix/load 4, 24, 0;
    %flag_set/imm 4, 0;
    %store/vec4a v0x2c393960, 4, 0;
    %pushi/vec4 1, 0, 16;
    %ix/load 4, 25, 0;
    %flag_set/imm 4, 0;
    %store/vec4a v0x2c393d40, 4, 0;
    %pushi/vec4 65534, 0, 16;
    %ix/load 4, 25, 0;
    %flag_set/imm 4, 0;
    %store/vec4a v0x2c393de0, 4, 0;
    %pushi/vec4 1, 0, 1;
    %ix/load 4, 25, 0;
    %flag_set/imm 4, 0;
    %store/vec4a v0x2c393ea0, 4, 0;
    %pushi/vec4 0, 0, 16;
    %ix/load 4, 25, 0;
    %flag_set/imm 4, 0;
    %store/vec4a v0x2c393a00, 4, 0;
    %pushi/vec4 1, 0, 1;
    %ix/load 4, 25, 0;
    %flag_set/imm 4, 0;
    %store/vec4a v0x2c393960, 4, 0;
    %end;
    .thread T_6;
    .scope S_0x2c336c90;
T_7 ;
    %fork t_3, S_0x2c336f40;
    %jmp t_2;
    .scope S_0x2c336f40;
t_3 ;
    %vpi_call/w 3 241 "$display", "=== Starting CLA Adder Tests ===" {0 0 0};
    %vpi_call/w 3 242 "$display", "Parameter N = %d", P_0x2c336e60 {0 0 0};
    %vpi_call/w 3 243 "$display", "\000" {0 0 0};
    %pushi/vec4 0, 0, 32;
    %store/vec4 v0x2c393f40_0, 0, 32;
    %pushi/vec4 0, 0, 32;
    %store/vec4 v0x2c393bd0_0, 0, 32;
    %pushi/vec4 0, 0, 32;
    %store/vec4 v0x2c393aa0_0, 0, 32;
    %pushi/vec4 0, 0, 1;
    %store/vec4 v0x2c393c70_0, 0, 1;
    %pushi/vec4 0, 0, 16;
    %store/vec4 v0x2c3933f0_0, 0, 16;
    %pushi/vec4 0, 0, 16;
    %store/vec4 v0x2c393500_0, 0, 16;
    %pushi/vec4 0, 0, 1;
    %store/vec4 v0x2c3935d0_0, 0, 1;
    %pushi/vec4 2, 0, 32;
T_7.0 %dup/vec4;
    %pushi/vec4 0, 0, 32;
    %cmp/s;
    %jmp/1xz T_7.1, 5;
    %jmp/1 T_7.1, 4;
    %pushi/vec4 1, 0, 32;
    %sub;
    %wait E_0x2c32cc20;
    %jmp T_7.0;
T_7.1 ;
    %pop/vec4 1;
    %pushi/vec4 1, 0, 1;
    %store/vec4 v0x2c393c70_0, 0, 1;
    %wait E_0x2c32cc20;
    %pushi/vec4 0, 0, 32;
    %store/vec4 v0x2c36feb0_0, 0, 32;
T_7.2 ;
    %load/vec4 v0x2c36feb0_0;
    %cmpi/s 26, 0, 32;
    %jmp/0xz T_7.3, 5;
    %load/vec4 v0x2c36feb0_0;
    %store/vec4 v0x2c393330_0, 0, 32;
    %fork TD_CLA_Adder_TB.test_single, S_0x2c392f70;
    %join;
    %load/vec4 v0x2c36feb0_0;
    %addi 1, 0, 32;
    %store/vec4 v0x2c36feb0_0, 0, 32;
    %jmp T_7.2;
T_7.3 ;
    %vpi_call/w 3 266 "$display", "=== Running Random Tests ===" {0 0 0};
    %pushi/vec4 1, 0, 32;
    %store/vec4 v0x2c36feb0_0, 0, 32;
T_7.4 ;
    %load/vec4 v0x2c36feb0_0;
    %cmpi/s 10, 0, 32;
    %flag_or 5, 4;
    %jmp/0xz T_7.5, 5;
    %load/vec4 v0x2c36feb0_0;
    %store/vec4 v0x2c392e90_0, 0, 32;
    %fork TD_CLA_Adder_TB.test_random, S_0x2c392780;
    %join;
    %load/vec4 v0x2c36feb0_0;
    %addi 1, 0, 32;
    %store/vec4 v0x2c36feb0_0, 0, 32;
    %jmp T_7.4;
T_7.5 ;
    %vpi_call/w 3 272 "$display", "=== Test Summary ===" {0 0 0};
    %vpi_call/w 3 273 "$display", "Total tests: %d", v0x2c393f40_0 {0 0 0};
    %vpi_call/w 3 274 "$display", "Passed:      %d", v0x2c393bd0_0 {0 0 0};
    %vpi_call/w 3 275 "$display", "Failed:      %d", v0x2c393aa0_0 {0 0 0};
    %load/vec4 v0x2c393aa0_0;
    %cmpi/e 0, 0, 32;
    %jmp/0xz  T_7.6, 4;
    %vpi_call/w 3 278 "$display", "*** ALL TESTS PASSED! ***" {0 0 0};
    %jmp T_7.7;
T_7.6 ;
    %vpi_call/w 3 280 "$display", "*** %d TESTS FAILED ***", v0x2c393aa0_0 {0 0 0};
T_7.7 ;
    %pushi/vec4 5, 0, 32;
T_7.8 %dup/vec4;
    %pushi/vec4 0, 0, 32;
    %cmp/s;
    %jmp/1xz T_7.9, 5;
    %jmp/1 T_7.9, 4;
    %pushi/vec4 1, 0, 32;
    %sub;
    %wait E_0x2c32cc20;
    %jmp T_7.8;
T_7.9 ;
    %pop/vec4 1;
    %vpi_call/w 3 286 "$finish" {0 0 0};
    %end;
    .scope S_0x2c336c90;
t_2 %join;
    %end;
    .thread T_7;
    .scope S_0x2c336c90;
T_8 ;
    %vpi_call/w 3 291 "$dumpfile", "cla_adder.vcd" {0 0 0};
    %vpi_call/w 3 292 "$dumpvars", 32'sb00000000000000000000000000000000, S_0x2c336c90 {0 0 0};
    %end;
    .thread T_8;
# The file index is used to find the file name in the following table.
:file_names 5;
    "N/A";
    "<interactive>";
    "-";
    "testbench.sv";
    "design.sv";
